TpTrace Verbose: 0 : 24164, 1, 2023/12/25, 15:01:51.955, 7156011707907, vstest.console.dll, Version: 17.8.0-release-23523-03 Current process architecture: X64
TpTrace Verbose: 0 : 24164, 1, 2023/12/25, 15:01:51.958, 7156011745255, vstest.console.dll, Runtime location: C:\Program Files\dotnet\shared\Microsoft.NETCore.App\8.0.0
TpTrace Verbose: 0 : 24164, 1, 2023/12/25, 15:01:51.961, 7156011771986, vstest.console.dll, ArtifactProcessingPostProcessModeProcessorExecutor.Initialize: ArtifactProcessingMode.Collect
TpTrace Verbose: 0 : 24164, 1, 2023/12/25, 15:01:51.961, 7156011773262, vstest.console.dll, TestSessionCorrelationIdProcessorModeProcessorExecutor.Initialize: TestSessionCorrelationId '484_055e1192-ed82-4a6e-8a9b-936b9094514f'
TpTrace Information: 0 : 24164, 1, 2023/12/25, 15:01:51.969, 7156011852988, vstest.console.dll, FilePatternParser: The given file D:\HK3\LTTQ\winform code\testing\QuanLyQuanCafe\TestProject2\bin\Debug\net472\fine-code-coverage\build-output\TestProject2.dll is a full path.
TpTrace Verbose: 0 : 24164, 1, 2023/12/25, 15:01:51.976, 7156011917395, vstest.console.dll, TestPluginCache.DiscoverTestExtensions: finding test extensions in assemblies ends with: RuntimeProvider.dll TPluginInfo: Microsoft.VisualStudio.TestPlatform.Common.ExtensionFramework.Utilities.TestRuntimePluginInformation TExtension: Microsoft.VisualStudio.TestPlatform.ObjectModel.Host.ITestRuntimeProvider
TpTrace Verbose: 0 : 24164, 1, 2023/12/25, 15:01:51.976, 7156011921442, vstest.console.dll, TestPluginCache.GetExtensionPaths: Filtered extension paths: 
TpTrace Verbose: 0 : 24164, 1, 2023/12/25, 15:01:51.976, 7156011922303, vstest.console.dll, TestPluginCache.GetExtensionPaths: Added default extension paths: C:\Program Files\dotnet\sdk\8.0.100\Extensions\Microsoft.Diagnostics.NETCore.Client.dll
C:\Program Files\dotnet\sdk\8.0.100\Extensions\Microsoft.TestPlatform.Extensions.BlameDataCollector.dll
C:\Program Files\dotnet\sdk\8.0.100\Extensions\Microsoft.TestPlatform.Extensions.EventLogCollector.dll
C:\Program Files\dotnet\sdk\8.0.100\Extensions\Microsoft.TestPlatform.TestHostRuntimeProvider.dll
C:\Program Files\dotnet\sdk\8.0.100\Extensions\Microsoft.VisualStudio.TestPlatform.Extensions.Html.TestLogger.dll
C:\Program Files\dotnet\sdk\8.0.100\Extensions\Microsoft.VisualStudio.TestPlatform.Extensions.Trx.TestLogger.dll
TpTrace Verbose: 0 : 24164, 1, 2023/12/25, 15:01:51.976, 7156011922658, vstest.console.dll, TestPluginCache.GetExtensionPaths: Added unfilterableExtensionPaths: 
TpTrace Information: 0 : 24164, 1, 2023/12/25, 15:01:51.977, 7156011928700, vstest.console.dll, AssemblyResolver.ctor: Creating AssemblyResolver with searchDirectories C:\Program Files\dotnet\sdk\8.0.100\Extensions,C:\Program Files\dotnet\sdk\8.0.100
TpTrace Verbose: 0 : 24164, 1, 2023/12/25, 15:01:51.978, 7156011945120, vstest.console.dll, TestPluginCache.DiscoverTestExtensions: Discovering the extensions using extension path.
TpTrace Verbose: 0 : 24164, 1, 2023/12/25, 15:01:51.979, 7156011946568, vstest.console.dll, TestPluginCache.GetExtensionPaths: Filtered extension paths: 
TpTrace Verbose: 0 : 24164, 1, 2023/12/25, 15:01:51.979, 7156011946934, vstest.console.dll, TestPluginCache.GetExtensionPaths: Added default extension paths: C:\Program Files\dotnet\sdk\8.0.100\Extensions\Microsoft.Diagnostics.NETCore.Client.dll
C:\Program Files\dotnet\sdk\8.0.100\Extensions\Microsoft.TestPlatform.Extensions.BlameDataCollector.dll
C:\Program Files\dotnet\sdk\8.0.100\Extensions\Microsoft.TestPlatform.Extensions.EventLogCollector.dll
C:\Program Files\dotnet\sdk\8.0.100\Extensions\Microsoft.TestPlatform.TestHostRuntimeProvider.dll
C:\Program Files\dotnet\sdk\8.0.100\Extensions\Microsoft.VisualStudio.TestPlatform.Extensions.Html.TestLogger.dll
C:\Program Files\dotnet\sdk\8.0.100\Extensions\Microsoft.VisualStudio.TestPlatform.Extensions.Trx.TestLogger.dll
TpTrace Verbose: 0 : 24164, 1, 2023/12/25, 15:01:51.979, 7156011947242, vstest.console.dll, TestPluginCache.GetExtensionPaths: Added unfilterableExtensionPaths: 
TpTrace Verbose: 0 : 24164, 1, 2023/12/25, 15:01:51.979, 7156011947891, vstest.console.dll, TestPluginCache.DiscoverTestExtensions: Discovering the extensions using allExtensionPaths: C:\Program Files\dotnet\sdk\8.0.100\Extensions\Microsoft.Diagnostics.NETCore.Client.dll
C:\Program Files\dotnet\sdk\8.0.100\Extensions\Microsoft.TestPlatform.Extensions.BlameDataCollector.dll
C:\Program Files\dotnet\sdk\8.0.100\Extensions\Microsoft.TestPlatform.Extensions.EventLogCollector.dll
C:\Program Files\dotnet\sdk\8.0.100\Extensions\Microsoft.TestPlatform.TestHostRuntimeProvider.dll
C:\Program Files\dotnet\sdk\8.0.100\Extensions\Microsoft.VisualStudio.TestPlatform.Extensions.Html.TestLogger.dll
C:\Program Files\dotnet\sdk\8.0.100\Extensions\Microsoft.VisualStudio.TestPlatform.Extensions.Trx.TestLogger.dll
TpTrace Information: 0 : 24164, 1, 2023/12/25, 15:01:51.979, 7156011949463, vstest.console.dll, AssemblyResolver.AddSearchDirectories: Adding more searchDirectories C:\Program Files\dotnet\sdk\8.0.100\Extensions,C:\Program Files\dotnet\sdk\8.0.100
TpTrace Information: 0 : 24164, 1, 2023/12/25, 15:01:51.979, 7156011950091, vstest.console.dll, AssemblyResolver.AddSearchDirectories: Adding more searchDirectories C:\Program Files\dotnet\sdk\8.0.100\Extensions,C:\Program Files\dotnet\sdk\8.0.100
TpTrace Information: 0 : 24164, 1, 2023/12/25, 15:01:51.979, 7156011950397, vstest.console.dll, AssemblyResolver.AddSearchDirectories: Adding more searchDirectories C:\Program Files\dotnet\sdk\8.0.100\Extensions,C:\Program Files\dotnet\sdk\8.0.100
TpTrace Information: 0 : 24164, 1, 2023/12/25, 15:01:51.979, 7156011950712, vstest.console.dll, AssemblyResolver.AddSearchDirectories: Adding more searchDirectories C:\Program Files\dotnet\sdk\8.0.100\Extensions,C:\Program Files\dotnet\sdk\8.0.100
TpTrace Information: 0 : 24164, 1, 2023/12/25, 15:01:51.979, 7156011950987, vstest.console.dll, AssemblyResolver.AddSearchDirectories: Adding more searchDirectories C:\Program Files\dotnet\sdk\8.0.100\Extensions,C:\Program Files\dotnet\sdk\8.0.100
TpTrace Information: 0 : 24164, 1, 2023/12/25, 15:01:51.979, 7156011951251, vstest.console.dll, AssemblyResolver.AddSearchDirectories: Adding more searchDirectories C:\Program Files\dotnet\sdk\8.0.100\Extensions,C:\Program Files\dotnet\sdk\8.0.100
TpTrace Information: 0 : 24164, 1, 2023/12/25, 15:01:51.980, 7156011956769, vstest.console.dll, AssemblyResolver.OnResolve: Microsoft.Diagnostics.NETCore.Client: Resolving assembly.
TpTrace Information: 0 : 24164, 1, 2023/12/25, 15:01:51.980, 7156011957688, vstest.console.dll, AssemblyResolver.OnResolve: Microsoft.Diagnostics.NETCore.Client: Searching in: 'C:\Program Files\dotnet\sdk\8.0.100\Extensions'.
TpTrace Information: 0 : 24164, 1, 2023/12/25, 15:01:51.990, 7156012064329, vstest.console.dll, AssemblyResolver.OnResolve: Microsoft.Diagnostics.NETCore.Client: Loading assembly 'C:\Program Files\dotnet\sdk\8.0.100\Extensions\Microsoft.Diagnostics.NETCore.Client.dll'.
TpTrace Information: 0 : 24164, 1, 2023/12/25, 15:01:51.991, 7156012073504, vstest.console.dll, AssemblyResolver.OnResolve: Resolved assembly: Microsoft.Diagnostics.NETCore.Client, from path: C:\Program Files\dotnet\sdk\8.0.100\Extensions\Microsoft.Diagnostics.NETCore.Client.dll
TpTrace Verbose: 0 : 24164, 1, 2023/12/25, 15:01:52.000, 7156012164077, vstest.console.dll, MetadataReaderExtensionsHelper: Discovering extensions inside assembly 'Microsoft.Diagnostics.NETCore.Client, Version=0.2.8.21101, Culture=neutral, PublicKeyToken=31bf3856ad364e35' file path 'C:\Program Files\dotnet\sdk\8.0.100\Extensions\Microsoft.Diagnostics.NETCore.Client.dll'
TpTrace Information: 0 : 24164, 1, 2023/12/25, 15:01:52.008, 7156012244453, vstest.console.dll, AssemblyResolver.OnResolve: Microsoft.Bcl.AsyncInterfaces: Resolving assembly.
TpTrace Information: 0 : 24164, 1, 2023/12/25, 15:01:52.008, 7156012246136, vstest.console.dll, AssemblyResolver.OnResolve: Microsoft.Bcl.AsyncInterfaces: Searching in: 'C:\Program Files\dotnet\sdk\8.0.100\Extensions'.
TpTrace Information: 0 : 24164, 1, 2023/12/25, 15:01:52.009, 7156012247320, vstest.console.dll, AssemblyResolver.OnResolve: Microsoft.Bcl.AsyncInterfaces: Assembly path does not exist: 'C:\Program Files\dotnet\sdk\8.0.100\Extensions\Microsoft.Bcl.AsyncInterfaces.dll', returning.
TpTrace Information: 0 : 24164, 1, 2023/12/25, 15:01:52.009, 7156012248972, vstest.console.dll, AssemblyResolver.OnResolve: Microsoft.Bcl.AsyncInterfaces: Assembly path does not exist: 'C:\Program Files\dotnet\sdk\8.0.100\Extensions\Microsoft.Bcl.AsyncInterfaces.exe', returning.
TpTrace Information: 0 : 24164, 1, 2023/12/25, 15:01:52.009, 7156012249503, vstest.console.dll, AssemblyResolver.OnResolve: Microsoft.Bcl.AsyncInterfaces: Searching in: 'C:\Program Files\dotnet\sdk\8.0.100'.
TpTrace Information: 0 : 24164, 1, 2023/12/25, 15:01:52.009, 7156012250369, vstest.console.dll, AssemblyResolver.OnResolve: Microsoft.Bcl.AsyncInterfaces: Assembly path does not exist: 'C:\Program Files\dotnet\sdk\8.0.100\Microsoft.Bcl.AsyncInterfaces.dll', returning.
TpTrace Information: 0 : 24164, 1, 2023/12/25, 15:01:52.009, 7156012251077, vstest.console.dll, AssemblyResolver.OnResolve: Microsoft.Bcl.AsyncInterfaces: Assembly path does not exist: 'C:\Program Files\dotnet\sdk\8.0.100\Microsoft.Bcl.AsyncInterfaces.exe', returning.
TpTrace Information: 0 : 24164, 1, 2023/12/25, 15:01:52.009, 7156012251496, vstest.console.dll, AssemblyResolver.OnResolve: Microsoft.Bcl.AsyncInterfaces: Failed to load assembly.
TpTrace Verbose: 0 : 24164, 1, 2023/12/25, 15:01:52.009, 7156012252085, vstest.console.dll, CurrentDomainAssemblyResolve: Resolving assembly 'Microsoft.Bcl.AsyncInterfaces'.
TpTrace Information: 0 : 24164, 1, 2023/12/25, 15:01:52.009, 7156012253065, vstest.console.dll, AssemblyResolver.OnResolve: Microsoft.Bcl.AsyncInterfaces: Resolving assembly.
TpTrace Information: 0 : 24164, 1, 2023/12/25, 15:01:52.009, 7156012253660, vstest.console.dll, AssemblyResolver.OnResolve: Microsoft.Bcl.AsyncInterfaces: Resolved from cache.
TpTrace Verbose: 0 : 24164, 1, 2023/12/25, 15:01:52.009, 7156012254076, vstest.console.dll, CurrentDomainAssemblyResolve: Resolving assembly 'Microsoft.Bcl.AsyncInterfaces'.
TpTrace Verbose: 0 : 24164, 1, 2023/12/25, 15:01:52.009, 7156012254769, vstest.console.dll, CurrentDomainAssemblyResolve: Failed to resolve assembly 'Microsoft.Bcl.AsyncInterfaces'.
TpTrace Verbose: 0 : 24164, 1, 2023/12/25, 15:01:52.011, 7156012267287, vstest.console.dll, CurrentDomainAssemblyResolve: Failed to resolve assembly 'Microsoft.Bcl.AsyncInterfaces'.
TpTrace Warning: 0 : 24164, 1, 2023/12/25, 15:01:52.026, 7156012417743, vstest.console.dll, TestPluginDiscoverer: Failed to get types from assembly 'Microsoft.Diagnostics.NETCore.Client, Version=0.2.8.21101, Culture=neutral, PublicKeyToken=31bf3856ad364e35'. Error: System.Reflection.ReflectionTypeLoadException: Unable to load one or more of the requested types.
Could not load file or assembly 'Microsoft.Bcl.AsyncInterfaces, Version=1.0.0.0, Culture=neutral, PublicKeyToken=cc7b13ffcd2ddd51'. The system cannot find the file specified.
   at System.Reflection.RuntimeModule.GetTypes(RuntimeModule module)
   at System.Reflection.RuntimeModule.GetTypes()
   at Microsoft.VisualStudio.TestPlatform.Common.ExtensionFramework.TestPluginDiscoverer.GetTestExtensionsFromAssembly[TPluginInfo,TExtension](Assembly assembly, Dictionary`2 pluginInfos, String filePath) in /_/src/Microsoft.TestPlatform.Common/ExtensionFramework/TestPluginDiscoverer.cs:line 158
System.IO.FileNotFoundException: Could not load file or assembly 'Microsoft.Bcl.AsyncInterfaces, Version=1.0.0.0, Culture=neutral, PublicKeyToken=cc7b13ffcd2ddd51'. The system cannot find the file specified.
File name: 'Microsoft.Bcl.AsyncInterfaces, Version=1.0.0.0, Culture=neutral, PublicKeyToken=cc7b13ffcd2ddd51'
 ---> System.IO.FileNotFoundException: Could not load file or assembly 'Microsoft.Bcl.AsyncInterfaces, Culture=neutral, PublicKeyToken=null'. The system cannot find the file specified.
File name: 'Microsoft.Bcl.AsyncInterfaces, Culture=neutral, PublicKeyToken=null'
   at System.Reflection.RuntimeAssembly.InternalLoad(AssemblyName assemblyName, StackCrawlMark& stackMark, AssemblyLoadContext assemblyLoadContext, RuntimeAssembly requestingAssembly, Boolean throwOnFileNotFound)
   at System.Reflection.Assembly.Load(AssemblyName assemblyRef)
   at Microsoft.VisualStudio.TestPlatform.Common.ExtensionFramework.TestPluginCache.CurrentDomainAssemblyResolve(Object sender, AssemblyResolveEventArgs args) in /_/src/Microsoft.TestPlatform.Common/ExtensionFramework/TestPluginCache.cs:line 513
   at System.Runtime.Loader.AssemblyLoadContext.GetFirstResolvedAssemblyFromResolvingEvent(AssemblyName assemblyName)
   at System.Runtime.Loader.AssemblyLoadContext.ResolveUsingEvent(AssemblyName assemblyName)
   at System.Runtime.Loader.AssemblyLoadContext.ResolveUsingResolvingEvent(IntPtr gchManagedAssemblyLoadContext, AssemblyName assemblyName)
TpTrace Warning: 0 : 24164, 1, 2023/12/25, 15:01:52.026, 7156012422769, vstest.console.dll, LoaderExceptions: System.IO.FileNotFoundException: Could not load file or assembly 'Microsoft.Bcl.AsyncInterfaces, Version=1.0.0.0, Culture=neutral, PublicKeyToken=cc7b13ffcd2ddd51'. The system cannot find the file specified.
File name: 'Microsoft.Bcl.AsyncInterfaces, Version=1.0.0.0, Culture=neutral, PublicKeyToken=cc7b13ffcd2ddd51'
 ---> System.IO.FileNotFoundException: Could not load file or assembly 'Microsoft.Bcl.AsyncInterfaces, Culture=neutral, PublicKeyToken=null'. The system cannot find the file specified.
File name: 'Microsoft.Bcl.AsyncInterfaces, Culture=neutral, PublicKeyToken=null'
   at System.Reflection.RuntimeAssembly.InternalLoad(AssemblyName assemblyName, StackCrawlMark& stackMark, AssemblyLoadContext assemblyLoadContext, RuntimeAssembly requestingAssembly, Boolean throwOnFileNotFound)
   at System.Reflection.Assembly.Load(AssemblyName assemblyRef)
   at Microsoft.VisualStudio.TestPlatform.Common.ExtensionFramework.TestPluginCache.CurrentDomainAssemblyResolve(Object sender, AssemblyResolveEventArgs args) in /_/src/Microsoft.TestPlatform.Common/ExtensionFramework/TestPluginCache.cs:line 513
   at System.Runtime.Loader.AssemblyLoadContext.GetFirstResolvedAssemblyFromResolvingEvent(AssemblyName assemblyName)
   at System.Runtime.Loader.AssemblyLoadContext.ResolveUsingEvent(AssemblyName assemblyName)
   at System.Runtime.Loader.AssemblyLoadContext.ResolveUsingResolvingEvent(IntPtr gchManagedAssemblyLoadContext, AssemblyName assemblyName)
TpTrace Information: 0 : 24164, 1, 2023/12/25, 15:01:52.026, 7156012424780, vstest.console.dll, AssemblyResolver.OnResolve: Microsoft.TestPlatform.Extensions.BlameDataCollector: Resolving assembly.
TpTrace Information: 0 : 24164, 1, 2023/12/25, 15:01:52.026, 7156012425295, vstest.console.dll, AssemblyResolver.OnResolve: Microsoft.TestPlatform.Extensions.BlameDataCollector: Searching in: 'C:\Program Files\dotnet\sdk\8.0.100\Extensions'.
TpTrace Information: 0 : 24164, 1, 2023/12/25, 15:01:52.027, 7156012429130, vstest.console.dll, AssemblyResolver.OnResolve: Microsoft.TestPlatform.Extensions.BlameDataCollector: Loading assembly 'C:\Program Files\dotnet\sdk\8.0.100\Extensions\Microsoft.TestPlatform.Extensions.BlameDataCollector.dll'.
TpTrace Information: 0 : 24164, 1, 2023/12/25, 15:01:52.027, 7156012434757, vstest.console.dll, AssemblyResolver.OnResolve: Resolved assembly: Microsoft.TestPlatform.Extensions.BlameDataCollector, from path: C:\Program Files\dotnet\sdk\8.0.100\Extensions\Microsoft.TestPlatform.Extensions.BlameDataCollector.dll
TpTrace Verbose: 0 : 24164, 1, 2023/12/25, 15:01:52.027, 7156012435937, vstest.console.dll, MetadataReaderExtensionsHelper: Discovering extensions inside assembly 'Microsoft.TestPlatform.Extensions.BlameDataCollector, Version=15.0.0.0, Culture=neutral, PublicKeyToken=b03f5f7f11d50a3a' file path 'C:\Program Files\dotnet\sdk\8.0.100\Extensions\Microsoft.TestPlatform.Extensions.BlameDataCollector.dll'
TpTrace Information: 0 : 24164, 1, 2023/12/25, 15:01:52.029, 7156012452014, vstest.console.dll, AssemblyResolver.OnResolve: Microsoft.TestPlatform.Extensions.EventLogCollector: Resolving assembly.
TpTrace Information: 0 : 24164, 1, 2023/12/25, 15:01:52.029, 7156012452689, vstest.console.dll, AssemblyResolver.OnResolve: Microsoft.TestPlatform.Extensions.EventLogCollector: Searching in: 'C:\Program Files\dotnet\sdk\8.0.100\Extensions'.
TpTrace Information: 0 : 24164, 1, 2023/12/25, 15:01:52.029, 7156012455550, vstest.console.dll, AssemblyResolver.OnResolve: Microsoft.TestPlatform.Extensions.EventLogCollector: Loading assembly 'C:\Program Files\dotnet\sdk\8.0.100\Extensions\Microsoft.TestPlatform.Extensions.EventLogCollector.dll'.
TpTrace Information: 0 : 24164, 1, 2023/12/25, 15:01:52.030, 7156012458806, vstest.console.dll, AssemblyResolver.OnResolve: Resolved assembly: Microsoft.TestPlatform.Extensions.EventLogCollector, from path: C:\Program Files\dotnet\sdk\8.0.100\Extensions\Microsoft.TestPlatform.Extensions.EventLogCollector.dll
TpTrace Verbose: 0 : 24164, 1, 2023/12/25, 15:01:52.030, 7156012459482, vstest.console.dll, MetadataReaderExtensionsHelper: Discovering extensions inside assembly 'Microsoft.TestPlatform.Extensions.EventLogCollector, Version=15.0.0.0, Culture=neutral, PublicKeyToken=b03f5f7f11d50a3a' file path 'C:\Program Files\dotnet\sdk\8.0.100\Extensions\Microsoft.TestPlatform.Extensions.EventLogCollector.dll'
TpTrace Information: 0 : 24164, 1, 2023/12/25, 15:01:52.032, 7156012484347, vstest.console.dll, AssemblyResolver.OnResolve: Microsoft.TestPlatform.TestHostRuntimeProvider: Resolving assembly.
TpTrace Information: 0 : 24164, 1, 2023/12/25, 15:01:52.032, 7156012485114, vstest.console.dll, AssemblyResolver.OnResolve: Microsoft.TestPlatform.TestHostRuntimeProvider: Searching in: 'C:\Program Files\dotnet\sdk\8.0.100\Extensions'.
TpTrace Information: 0 : 24164, 1, 2023/12/25, 15:01:52.033, 7156012488851, vstest.console.dll, AssemblyResolver.OnResolve: Microsoft.TestPlatform.TestHostRuntimeProvider: Loading assembly 'C:\Program Files\dotnet\sdk\8.0.100\Extensions\Microsoft.TestPlatform.TestHostRuntimeProvider.dll'.
TpTrace Information: 0 : 24164, 1, 2023/12/25, 15:01:52.033, 7156012494163, vstest.console.dll, AssemblyResolver.OnResolve: Resolved assembly: Microsoft.TestPlatform.TestHostRuntimeProvider, from path: C:\Program Files\dotnet\sdk\8.0.100\Extensions\Microsoft.TestPlatform.TestHostRuntimeProvider.dll
TpTrace Verbose: 0 : 24164, 1, 2023/12/25, 15:01:52.033, 7156012495187, vstest.console.dll, MetadataReaderExtensionsHelper: Discovering extensions inside assembly 'Microsoft.TestPlatform.TestHostRuntimeProvider, Version=15.0.0.0, Culture=neutral, PublicKeyToken=b03f5f7f11d50a3a' file path 'C:\Program Files\dotnet\sdk\8.0.100\Extensions\Microsoft.TestPlatform.TestHostRuntimeProvider.dll'
TpTrace Information: 0 : 24164, 1, 2023/12/25, 15:01:52.035, 7156012512067, vstest.console.dll, GetTestExtensionFromType: Register extension with identifier data 'HostProvider://DefaultTestHost' and type 'Microsoft.VisualStudio.TestPlatform.CrossPlatEngine.Hosting.DefaultTestHostManager, Microsoft.TestPlatform.TestHostRuntimeProvider, Version=15.0.0.0, Culture=neutral, PublicKeyToken=b03f5f7f11d50a3a' inside file 'C:\Program Files\dotnet\sdk\8.0.100\Extensions\Microsoft.TestPlatform.TestHostRuntimeProvider.dll'
TpTrace Information: 0 : 24164, 1, 2023/12/25, 15:01:52.035, 7156012515216, vstest.console.dll, GetTestExtensionFromType: Register extension with identifier data 'HostProvider://DotnetTestHost' and type 'Microsoft.VisualStudio.TestPlatform.CrossPlatEngine.Hosting.DotnetTestHostManager, Microsoft.TestPlatform.TestHostRuntimeProvider, Version=15.0.0.0, Culture=neutral, PublicKeyToken=b03f5f7f11d50a3a' inside file 'C:\Program Files\dotnet\sdk\8.0.100\Extensions\Microsoft.TestPlatform.TestHostRuntimeProvider.dll'
TpTrace Information: 0 : 24164, 1, 2023/12/25, 15:01:52.035, 7156012516118, vstest.console.dll, AssemblyResolver.OnResolve: Microsoft.VisualStudio.TestPlatform.Extensions.Html.TestLogger: Resolving assembly.
TpTrace Information: 0 : 24164, 1, 2023/12/25, 15:01:52.036, 7156012516465, vstest.console.dll, AssemblyResolver.OnResolve: Microsoft.VisualStudio.TestPlatform.Extensions.Html.TestLogger: Searching in: 'C:\Program Files\dotnet\sdk\8.0.100\Extensions'.
TpTrace Information: 0 : 24164, 1, 2023/12/25, 15:01:52.036, 7156012518935, vstest.console.dll, AssemblyResolver.OnResolve: Microsoft.VisualStudio.TestPlatform.Extensions.Html.TestLogger: Loading assembly 'C:\Program Files\dotnet\sdk\8.0.100\Extensions\Microsoft.VisualStudio.TestPlatform.Extensions.Html.TestLogger.dll'.
TpTrace Information: 0 : 24164, 1, 2023/12/25, 15:01:52.036, 7156012523069, vstest.console.dll, AssemblyResolver.OnResolve: Resolved assembly: Microsoft.VisualStudio.TestPlatform.Extensions.Html.TestLogger, from path: C:\Program Files\dotnet\sdk\8.0.100\Extensions\Microsoft.VisualStudio.TestPlatform.Extensions.Html.TestLogger.dll
TpTrace Verbose: 0 : 24164, 1, 2023/12/25, 15:01:52.036, 7156012523776, vstest.console.dll, MetadataReaderExtensionsHelper: Discovering extensions inside assembly 'Microsoft.VisualStudio.TestPlatform.Extensions.Html.TestLogger, Version=15.0.0.0, Culture=neutral, PublicKeyToken=b03f5f7f11d50a3a' file path 'C:\Program Files\dotnet\sdk\8.0.100\Extensions\Microsoft.VisualStudio.TestPlatform.Extensions.Html.TestLogger.dll'
TpTrace Information: 0 : 24164, 1, 2023/12/25, 15:01:52.037, 7156012530814, vstest.console.dll, AssemblyResolver.OnResolve: Microsoft.VisualStudio.TestPlatform.Extensions.Trx.TestLogger: Resolving assembly.
TpTrace Information: 0 : 24164, 1, 2023/12/25, 15:01:52.037, 7156012531420, vstest.console.dll, AssemblyResolver.OnResolve: Microsoft.VisualStudio.TestPlatform.Extensions.Trx.TestLogger: Searching in: 'C:\Program Files\dotnet\sdk\8.0.100\Extensions'.
TpTrace Information: 0 : 24164, 1, 2023/12/25, 15:01:52.037, 7156012534573, vstest.console.dll, AssemblyResolver.OnResolve: Microsoft.VisualStudio.TestPlatform.Extensions.Trx.TestLogger: Loading assembly 'C:\Program Files\dotnet\sdk\8.0.100\Extensions\Microsoft.VisualStudio.TestPlatform.Extensions.Trx.TestLogger.dll'.
TpTrace Information: 0 : 24164, 1, 2023/12/25, 15:01:52.038, 7156012541039, vstest.console.dll, AssemblyResolver.OnResolve: Resolved assembly: Microsoft.VisualStudio.TestPlatform.Extensions.Trx.TestLogger, from path: C:\Program Files\dotnet\sdk\8.0.100\Extensions\Microsoft.VisualStudio.TestPlatform.Extensions.Trx.TestLogger.dll
TpTrace Verbose: 0 : 24164, 1, 2023/12/25, 15:01:52.038, 7156012542211, vstest.console.dll, MetadataReaderExtensionsHelper: Discovering extensions inside assembly 'Microsoft.VisualStudio.TestPlatform.Extensions.Trx.TestLogger, Version=15.0.0.0, Culture=neutral, PublicKeyToken=b03f5f7f11d50a3a' file path 'C:\Program Files\dotnet\sdk\8.0.100\Extensions\Microsoft.VisualStudio.TestPlatform.Extensions.Trx.TestLogger.dll'
TpTrace Verbose: 0 : 24164, 1, 2023/12/25, 15:01:52.039, 7156012555074, vstest.console.dll, TestPluginCache: Discovered the extensions using extension path ''.
TpTrace Verbose: 0 : 24164, 1, 2023/12/25, 15:01:52.039, 7156012556035, vstest.console.dll, TestPluginCache: Discoverers are ''.
TpTrace Verbose: 0 : 24164, 1, 2023/12/25, 15:01:52.040, 7156012556349, vstest.console.dll, TestPluginCache: Executors are ''.
TpTrace Verbose: 0 : 24164, 1, 2023/12/25, 15:01:52.040, 7156012556627, vstest.console.dll, TestPluginCache: Executors2 are ''.
TpTrace Verbose: 0 : 24164, 1, 2023/12/25, 15:01:52.040, 7156012556898, vstest.console.dll, TestPluginCache: Setting providers are ''.
TpTrace Verbose: 0 : 24164, 1, 2023/12/25, 15:01:52.040, 7156012557168, vstest.console.dll, TestPluginCache: Loggers are ''.
TpTrace Verbose: 0 : 24164, 1, 2023/12/25, 15:01:52.040, 7156012559471, vstest.console.dll, TestPluginCache: TestHosts are 'HostProvider://DefaultTestHost,HostProvider://DotnetTestHost'.
TpTrace Verbose: 0 : 24164, 1, 2023/12/25, 15:01:52.040, 7156012559957, vstest.console.dll, TestPluginCache: DataCollectors are ''.
TpTrace Information: 0 : 24164, 1, 2023/12/25, 15:01:52.056, 7156012722801, vstest.console.dll, RunTestsArgumentProcessor:Execute: Test run is starting.
TpTrace Verbose: 0 : 24164, 1, 2023/12/25, 15:01:52.056, 7156012723958, vstest.console.dll, RunTestsArgumentProcessor:Execute: Queuing Test run.
TpTrace Information: 0 : 24164, 1, 2023/12/25, 15:01:52.057, 7156012726682, vstest.console.dll, TestRequestManager.RunTests: run tests started.
TpTrace Information: 0 : 24164, 1, 2023/12/25, 15:01:52.058, 7156012739280, vstest.console.dll, AssemblyMetadataProvider.GetFrameworkName: Determined framework:'.NETFramework,Version=v4.7.2' for source: 'D:\HK3\LTTQ\winform code\testing\QuanLyQuanCafe\TestProject2\bin\Debug\net472\fine-code-coverage\build-output\TestProject2.dll'
TpTrace Information: 0 : 24164, 1, 2023/12/25, 15:01:52.058, 7156012740731, vstest.console.dll, Determined framework for all sources: .NETFramework,Version=v4.7.2
TpTrace Verbose: 0 : 24164, 1, 2023/12/25, 15:01:52.058, 7156012743396, vstest.console.dll, TestRequestManager.UpdateRunSettingsIfRequired: Default architecture: X64 IsDefaultTargetArchitecture: True, Current process architecture: X64 OperatingSystem: Windows.
TpTrace Information: 0 : 24164, 1, 2023/12/25, 15:01:52.060, 7156012757793, vstest.console.dll, AssemblyMetadataProvider.GetArchitecture: Determined architecture:AnyCPU info for assembly: D:\HK3\LTTQ\winform code\testing\QuanLyQuanCafe\TestProject2\bin\Debug\net472\fine-code-coverage\build-output\TestProject2.dll
TpTrace Information: 0 : 24164, 1, 2023/12/25, 15:01:52.060, 7156012758218, vstest.console.dll, Determined platform for source 'D:\HK3\LTTQ\winform code\testing\QuanLyQuanCafe\TestProject2\bin\Debug\net472\fine-code-coverage\build-output\TestProject2.dll' was AnyCPU and it will use the default plaform X64.
TpTrace Information: 0 : 24164, 1, 2023/12/25, 15:01:52.060, 7156012758393, vstest.console.dll, None of the sources provided any runnable platform, using the default platform: X64
TpTrace Information: 0 : 24164, 1, 2023/12/25, 15:01:52.060, 7156012759040, vstest.console.dll, Platform was updated to 'X64'.
TpTrace Information: 0 : 24164, 1, 2023/12/25, 15:01:52.062, 7156012783171, vstest.console.dll, InferRunSettingsHelper.IsTestSettingsEnabled: Unable to navigate to RunSettings/MSTest. Current node: RunSettings
TpTrace Information: 0 : 24164, 1, 2023/12/25, 15:01:52.063, 7156012787801, vstest.console.dll, AssemblyResolver.OnResolve: Microsoft.VisualStudio.TestPlatform.Fakes: Resolving assembly.
TpTrace Information: 0 : 24164, 1, 2023/12/25, 15:01:52.063, 7156012788255, vstest.console.dll, AssemblyResolver.OnResolve: Microsoft.VisualStudio.TestPlatform.Fakes: Searching in: 'C:\Program Files\dotnet\sdk\8.0.100\Extensions'.
TpTrace Information: 0 : 24164, 1, 2023/12/25, 15:01:52.063, 7156012788881, vstest.console.dll, AssemblyResolver.OnResolve: Microsoft.VisualStudio.TestPlatform.Fakes: Assembly path does not exist: 'C:\Program Files\dotnet\sdk\8.0.100\Extensions\Microsoft.VisualStudio.TestPlatform.Fakes.dll', returning.
TpTrace Information: 0 : 24164, 1, 2023/12/25, 15:01:52.063, 7156012789207, vstest.console.dll, AssemblyResolver.OnResolve: Microsoft.VisualStudio.TestPlatform.Fakes: Assembly path does not exist: 'C:\Program Files\dotnet\sdk\8.0.100\Extensions\Microsoft.VisualStudio.TestPlatform.Fakes.exe', returning.
TpTrace Information: 0 : 24164, 1, 2023/12/25, 15:01:52.063, 7156012789435, vstest.console.dll, AssemblyResolver.OnResolve: Microsoft.VisualStudio.TestPlatform.Fakes: Searching in: 'C:\Program Files\dotnet\sdk\8.0.100'.
TpTrace Information: 0 : 24164, 1, 2023/12/25, 15:01:52.063, 7156012789829, vstest.console.dll, AssemblyResolver.OnResolve: Microsoft.VisualStudio.TestPlatform.Fakes: Assembly path does not exist: 'C:\Program Files\dotnet\sdk\8.0.100\Microsoft.VisualStudio.TestPlatform.Fakes.dll', returning.
TpTrace Information: 0 : 24164, 1, 2023/12/25, 15:01:52.063, 7156012790147, vstest.console.dll, AssemblyResolver.OnResolve: Microsoft.VisualStudio.TestPlatform.Fakes: Assembly path does not exist: 'C:\Program Files\dotnet\sdk\8.0.100\Microsoft.VisualStudio.TestPlatform.Fakes.exe', returning.
TpTrace Information: 0 : 24164, 1, 2023/12/25, 15:01:52.063, 7156012790318, vstest.console.dll, AssemblyResolver.OnResolve: Microsoft.VisualStudio.TestPlatform.Fakes: Failed to load assembly.
TpTrace Information: 0 : 24164, 1, 2023/12/25, 15:01:52.063, 7156012792460, vstest.console.dll, Failed to load assembly Microsoft.VisualStudio.TestPlatform.Fakes, Version=17.0.0.0, Culture=neutral. Reason:System.IO.FileNotFoundException: Could not load file or assembly 'Microsoft.VisualStudio.TestPlatform.Fakes, Version=17.0.0.0, Culture=neutral, PublicKeyToken=null'. The system cannot find the file specified.
File name: 'Microsoft.VisualStudio.TestPlatform.Fakes, Version=17.0.0.0, Culture=neutral, PublicKeyToken=null'
   at System.Reflection.RuntimeAssembly.InternalLoad(AssemblyName assemblyName, StackCrawlMark& stackMark, AssemblyLoadContext assemblyLoadContext, RuntimeAssembly requestingAssembly, Boolean throwOnFileNotFound)
   at System.Reflection.Assembly.Load(AssemblyName assemblyRef)
   at Microsoft.VisualStudio.TestPlatform.Common.Utilities.FakesUtilities.LoadTestPlatformAssembly() in /_/src/Microsoft.TestPlatform.Common/Utilities/FakesUtilities.cs:line 272
TpTrace Verbose: 0 : 24164, 1, 2023/12/25, 15:01:52.066, 7156012817635, vstest.console.dll, TestPluginCache.DiscoverTestExtensions: finding test extensions in assemblies ends with: TestLogger.dll TPluginInfo: Microsoft.VisualStudio.TestPlatform.Common.ExtensionFramework.Utilities.TestLoggerPluginInformation TExtension: Microsoft.VisualStudio.TestPlatform.ObjectModel.Client.ITestLogger
TpTrace Verbose: 0 : 24164, 1, 2023/12/25, 15:01:52.066, 7156012818347, vstest.console.dll, TestPluginCache.GetExtensionPaths: Filtered extension paths: 
TpTrace Verbose: 0 : 24164, 1, 2023/12/25, 15:01:52.066, 7156012818611, vstest.console.dll, TestPluginCache.GetExtensionPaths: Added default extension paths: C:\Program Files\dotnet\sdk\8.0.100\Extensions\Microsoft.Diagnostics.NETCore.Client.dll
C:\Program Files\dotnet\sdk\8.0.100\Extensions\Microsoft.TestPlatform.Extensions.BlameDataCollector.dll
C:\Program Files\dotnet\sdk\8.0.100\Extensions\Microsoft.TestPlatform.Extensions.EventLogCollector.dll
C:\Program Files\dotnet\sdk\8.0.100\Extensions\Microsoft.TestPlatform.TestHostRuntimeProvider.dll
C:\Program Files\dotnet\sdk\8.0.100\Extensions\Microsoft.VisualStudio.TestPlatform.Extensions.Html.TestLogger.dll
C:\Program Files\dotnet\sdk\8.0.100\Extensions\Microsoft.VisualStudio.TestPlatform.Extensions.Trx.TestLogger.dll
TpTrace Verbose: 0 : 24164, 1, 2023/12/25, 15:01:52.066, 7156012818794, vstest.console.dll, TestPluginCache.GetExtensionPaths: Added unfilterableExtensionPaths: 
TpTrace Information: 0 : 24164, 1, 2023/12/25, 15:01:52.066, 7156012819703, vstest.console.dll, AssemblyResolver.AddSearchDirectories: Adding more searchDirectories C:\Program Files\dotnet\sdk\8.0.100\Extensions,C:\Program Files\dotnet\sdk\8.0.100
TpTrace Verbose: 0 : 24164, 1, 2023/12/25, 15:01:52.066, 7156012820008, vstest.console.dll, TestPluginCache.DiscoverTestExtensions: Discovering the extensions using extension path.
TpTrace Verbose: 0 : 24164, 1, 2023/12/25, 15:01:52.066, 7156012820287, vstest.console.dll, TestPluginCache.GetExtensionPaths: Filtered extension paths: 
TpTrace Verbose: 0 : 24164, 1, 2023/12/25, 15:01:52.066, 7156012820484, vstest.console.dll, TestPluginCache.GetExtensionPaths: Added default extension paths: C:\Program Files\dotnet\sdk\8.0.100\Extensions\Microsoft.Diagnostics.NETCore.Client.dll
C:\Program Files\dotnet\sdk\8.0.100\Extensions\Microsoft.TestPlatform.Extensions.BlameDataCollector.dll
C:\Program Files\dotnet\sdk\8.0.100\Extensions\Microsoft.TestPlatform.Extensions.EventLogCollector.dll
C:\Program Files\dotnet\sdk\8.0.100\Extensions\Microsoft.TestPlatform.TestHostRuntimeProvider.dll
C:\Program Files\dotnet\sdk\8.0.100\Extensions\Microsoft.VisualStudio.TestPlatform.Extensions.Html.TestLogger.dll
C:\Program Files\dotnet\sdk\8.0.100\Extensions\Microsoft.VisualStudio.TestPlatform.Extensions.Trx.TestLogger.dll
TpTrace Verbose: 0 : 24164, 1, 2023/12/25, 15:01:52.066, 7156012820663, vstest.console.dll, TestPluginCache.GetExtensionPaths: Added unfilterableExtensionPaths: 
TpTrace Verbose: 0 : 24164, 1, 2023/12/25, 15:01:52.066, 7156012820865, vstest.console.dll, TestPluginCache.DiscoverTestExtensions: Discovering the extensions using allExtensionPaths: C:\Program Files\dotnet\sdk\8.0.100\Extensions\Microsoft.Diagnostics.NETCore.Client.dll
C:\Program Files\dotnet\sdk\8.0.100\Extensions\Microsoft.TestPlatform.Extensions.BlameDataCollector.dll
C:\Program Files\dotnet\sdk\8.0.100\Extensions\Microsoft.TestPlatform.Extensions.EventLogCollector.dll
C:\Program Files\dotnet\sdk\8.0.100\Extensions\Microsoft.TestPlatform.TestHostRuntimeProvider.dll
C:\Program Files\dotnet\sdk\8.0.100\Extensions\Microsoft.VisualStudio.TestPlatform.Extensions.Html.TestLogger.dll
C:\Program Files\dotnet\sdk\8.0.100\Extensions\Microsoft.VisualStudio.TestPlatform.Extensions.Trx.TestLogger.dll
TpTrace Information: 0 : 24164, 1, 2023/12/25, 15:01:52.066, 7156012821576, vstest.console.dll, AssemblyResolver.AddSearchDirectories: Adding more searchDirectories C:\Program Files\dotnet\sdk\8.0.100\Extensions,C:\Program Files\dotnet\sdk\8.0.100
TpTrace Information: 0 : 24164, 1, 2023/12/25, 15:01:52.066, 7156012821815, vstest.console.dll, AssemblyResolver.AddSearchDirectories: Adding more searchDirectories C:\Program Files\dotnet\sdk\8.0.100\Extensions,C:\Program Files\dotnet\sdk\8.0.100
TpTrace Information: 0 : 24164, 1, 2023/12/25, 15:01:52.066, 7156012822024, vstest.console.dll, AssemblyResolver.AddSearchDirectories: Adding more searchDirectories C:\Program Files\dotnet\sdk\8.0.100\Extensions,C:\Program Files\dotnet\sdk\8.0.100
TpTrace Information: 0 : 24164, 1, 2023/12/25, 15:01:52.066, 7156012822201, vstest.console.dll, AssemblyResolver.AddSearchDirectories: Adding more searchDirectories C:\Program Files\dotnet\sdk\8.0.100\Extensions,C:\Program Files\dotnet\sdk\8.0.100
TpTrace Information: 0 : 24164, 1, 2023/12/25, 15:01:52.066, 7156012822376, vstest.console.dll, AssemblyResolver.AddSearchDirectories: Adding more searchDirectories C:\Program Files\dotnet\sdk\8.0.100\Extensions,C:\Program Files\dotnet\sdk\8.0.100
TpTrace Information: 0 : 24164, 1, 2023/12/25, 15:01:52.066, 7156012822572, vstest.console.dll, AssemblyResolver.AddSearchDirectories: Adding more searchDirectories C:\Program Files\dotnet\sdk\8.0.100\Extensions,C:\Program Files\dotnet\sdk\8.0.100
TpTrace Verbose: 0 : 24164, 1, 2023/12/25, 15:01:52.066, 7156012823356, vstest.console.dll, MetadataReaderExtensionsHelper: Discovering extensions inside assembly 'Microsoft.Diagnostics.NETCore.Client, Version=0.2.8.21101, Culture=neutral, PublicKeyToken=31bf3856ad364e35' file path 'C:\Program Files\dotnet\sdk\8.0.100\Extensions\Microsoft.Diagnostics.NETCore.Client.dll'
TpTrace Information: 0 : 24164, 1, 2023/12/25, 15:01:52.067, 7156012829177, vstest.console.dll, AssemblyResolver.OnResolve: Microsoft.Bcl.AsyncInterfaces: Resolving assembly.
TpTrace Information: 0 : 24164, 1, 2023/12/25, 15:01:52.067, 7156012829595, vstest.console.dll, AssemblyResolver.OnResolve: Microsoft.Bcl.AsyncInterfaces: Resolved from cache.
TpTrace Verbose: 0 : 24164, 1, 2023/12/25, 15:01:52.067, 7156012829800, vstest.console.dll, CurrentDomainAssemblyResolve: Resolving assembly 'Microsoft.Bcl.AsyncInterfaces'.
TpTrace Information: 0 : 24164, 1, 2023/12/25, 15:01:52.067, 7156012830124, vstest.console.dll, AssemblyResolver.OnResolve: Microsoft.Bcl.AsyncInterfaces: Resolving assembly.
TpTrace Information: 0 : 24164, 1, 2023/12/25, 15:01:52.067, 7156012830294, vstest.console.dll, AssemblyResolver.OnResolve: Microsoft.Bcl.AsyncInterfaces: Resolved from cache.
TpTrace Verbose: 0 : 24164, 1, 2023/12/25, 15:01:52.067, 7156012830462, vstest.console.dll, CurrentDomainAssemblyResolve: Resolving assembly 'Microsoft.Bcl.AsyncInterfaces'.
TpTrace Verbose: 0 : 24164, 1, 2023/12/25, 15:01:52.067, 7156012830628, vstest.console.dll, CurrentDomainAssemblyResolve: Failed to resolve assembly 'Microsoft.Bcl.AsyncInterfaces'.
TpTrace Verbose: 0 : 24164, 1, 2023/12/25, 15:01:52.067, 7156012831697, vstest.console.dll, CurrentDomainAssemblyResolve: Failed to resolve assembly 'Microsoft.Bcl.AsyncInterfaces'.
TpTrace Warning: 0 : 24164, 1, 2023/12/25, 15:01:52.067, 7156012834267, vstest.console.dll, TestPluginDiscoverer: Failed to get types from assembly 'Microsoft.Diagnostics.NETCore.Client, Version=0.2.8.21101, Culture=neutral, PublicKeyToken=31bf3856ad364e35'. Error: System.Reflection.ReflectionTypeLoadException: Unable to load one or more of the requested types.
Could not load file or assembly 'Microsoft.Bcl.AsyncInterfaces, Version=1.0.0.0, Culture=neutral, PublicKeyToken=cc7b13ffcd2ddd51'. The system cannot find the file specified.
   at System.Reflection.RuntimeModule.GetTypes(RuntimeModule module)
   at System.Reflection.RuntimeModule.GetTypes()
   at Microsoft.VisualStudio.TestPlatform.Common.ExtensionFramework.TestPluginDiscoverer.GetTestExtensionsFromAssembly[TPluginInfo,TExtension](Assembly assembly, Dictionary`2 pluginInfos, String filePath) in /_/src/Microsoft.TestPlatform.Common/ExtensionFramework/TestPluginDiscoverer.cs:line 158
System.IO.FileNotFoundException: Could not load file or assembly 'Microsoft.Bcl.AsyncInterfaces, Version=1.0.0.0, Culture=neutral, PublicKeyToken=cc7b13ffcd2ddd51'. The system cannot find the file specified.
File name: 'Microsoft.Bcl.AsyncInterfaces, Version=1.0.0.0, Culture=neutral, PublicKeyToken=cc7b13ffcd2ddd51'
 ---> System.IO.FileNotFoundException: Could not load file or assembly 'Microsoft.Bcl.AsyncInterfaces, Culture=neutral, PublicKeyToken=null'. The system cannot find the file specified.
File name: 'Microsoft.Bcl.AsyncInterfaces, Culture=neutral, PublicKeyToken=null'
   at System.Reflection.RuntimeAssembly.InternalLoad(AssemblyName assemblyName, StackCrawlMark& stackMark, AssemblyLoadContext assemblyLoadContext, RuntimeAssembly requestingAssembly, Boolean throwOnFileNotFound)
   at System.Reflection.Assembly.Load(AssemblyName assemblyRef)
   at Microsoft.VisualStudio.TestPlatform.Common.ExtensionFramework.TestPluginCache.CurrentDomainAssemblyResolve(Object sender, AssemblyResolveEventArgs args) in /_/src/Microsoft.TestPlatform.Common/ExtensionFramework/TestPluginCache.cs:line 513
   at System.Runtime.Loader.AssemblyLoadContext.GetFirstResolvedAssemblyFromResolvingEvent(AssemblyName assemblyName)
   at System.Runtime.Loader.AssemblyLoadContext.ResolveUsingEvent(AssemblyName assemblyName)
   at System.Runtime.Loader.AssemblyLoadContext.ResolveUsingResolvingEvent(IntPtr gchManagedAssemblyLoadContext, AssemblyName assemblyName)
TpTrace Warning: 0 : 24164, 1, 2023/12/25, 15:01:52.067, 7156012835787, vstest.console.dll, LoaderExceptions: System.IO.FileNotFoundException: Could not load file or assembly 'Microsoft.Bcl.AsyncInterfaces, Version=1.0.0.0, Culture=neutral, PublicKeyToken=cc7b13ffcd2ddd51'. The system cannot find the file specified.
File name: 'Microsoft.Bcl.AsyncInterfaces, Version=1.0.0.0, Culture=neutral, PublicKeyToken=cc7b13ffcd2ddd51'
 ---> System.IO.FileNotFoundException: Could not load file or assembly 'Microsoft.Bcl.AsyncInterfaces, Culture=neutral, PublicKeyToken=null'. The system cannot find the file specified.
File name: 'Microsoft.Bcl.AsyncInterfaces, Culture=neutral, PublicKeyToken=null'
   at System.Reflection.RuntimeAssembly.InternalLoad(AssemblyName assemblyName, StackCrawlMark& stackMark, AssemblyLoadContext assemblyLoadContext, RuntimeAssembly requestingAssembly, Boolean throwOnFileNotFound)
   at System.Reflection.Assembly.Load(AssemblyName assemblyRef)
   at Microsoft.VisualStudio.TestPlatform.Common.ExtensionFramework.TestPluginCache.CurrentDomainAssemblyResolve(Object sender, AssemblyResolveEventArgs args) in /_/src/Microsoft.TestPlatform.Common/ExtensionFramework/TestPluginCache.cs:line 513
   at System.Runtime.Loader.AssemblyLoadContext.GetFirstResolvedAssemblyFromResolvingEvent(AssemblyName assemblyName)
   at System.Runtime.Loader.AssemblyLoadContext.ResolveUsingEvent(AssemblyName assemblyName)
   at System.Runtime.Loader.AssemblyLoadContext.ResolveUsingResolvingEvent(IntPtr gchManagedAssemblyLoadContext, AssemblyName assemblyName)
TpTrace Verbose: 0 : 24164, 1, 2023/12/25, 15:01:52.068, 7156012836354, vstest.console.dll, MetadataReaderExtensionsHelper: Discovering extensions inside assembly 'Microsoft.TestPlatform.Extensions.BlameDataCollector, Version=15.0.0.0, Culture=neutral, PublicKeyToken=b03f5f7f11d50a3a' file path 'C:\Program Files\dotnet\sdk\8.0.100\Extensions\Microsoft.TestPlatform.Extensions.BlameDataCollector.dll'
TpTrace Information: 0 : 24164, 1, 2023/12/25, 15:01:52.068, 7156012839400, vstest.console.dll, GetTestExtensionFromType: Register extension with identifier data 'logger://Microsoft/TestPlatform/Extensions/Blame/v1' and type 'Microsoft.TestPlatform.Extensions.BlameDataCollector.BlameLogger, Microsoft.TestPlatform.Extensions.BlameDataCollector, Version=15.0.0.0, Culture=neutral, PublicKeyToken=b03f5f7f11d50a3a' inside file 'C:\Program Files\dotnet\sdk\8.0.100\Extensions\Microsoft.TestPlatform.Extensions.BlameDataCollector.dll'
TpTrace Verbose: 0 : 24164, 1, 2023/12/25, 15:01:52.068, 7156012839856, vstest.console.dll, MetadataReaderExtensionsHelper: Discovering extensions inside assembly 'Microsoft.TestPlatform.Extensions.EventLogCollector, Version=15.0.0.0, Culture=neutral, PublicKeyToken=b03f5f7f11d50a3a' file path 'C:\Program Files\dotnet\sdk\8.0.100\Extensions\Microsoft.TestPlatform.Extensions.EventLogCollector.dll'
TpTrace Verbose: 0 : 24164, 1, 2023/12/25, 15:01:52.068, 7156012841615, vstest.console.dll, MetadataReaderExtensionsHelper: Discovering extensions inside assembly 'Microsoft.TestPlatform.TestHostRuntimeProvider, Version=15.0.0.0, Culture=neutral, PublicKeyToken=b03f5f7f11d50a3a' file path 'C:\Program Files\dotnet\sdk\8.0.100\Extensions\Microsoft.TestPlatform.TestHostRuntimeProvider.dll'
TpTrace Verbose: 0 : 24164, 1, 2023/12/25, 15:01:52.068, 7156012843468, vstest.console.dll, MetadataReaderExtensionsHelper: Discovering extensions inside assembly 'Microsoft.VisualStudio.TestPlatform.Extensions.Html.TestLogger, Version=15.0.0.0, Culture=neutral, PublicKeyToken=b03f5f7f11d50a3a' file path 'C:\Program Files\dotnet\sdk\8.0.100\Extensions\Microsoft.VisualStudio.TestPlatform.Extensions.Html.TestLogger.dll'
TpTrace Information: 0 : 24164, 1, 2023/12/25, 15:01:52.069, 7156012846952, vstest.console.dll, GetTestExtensionFromType: Register extension with identifier data 'logger://Microsoft/TestPlatform/HtmlLogger/v1' and type 'Microsoft.VisualStudio.TestPlatform.Extensions.HtmlLogger.HtmlLogger, Microsoft.VisualStudio.TestPlatform.Extensions.Html.TestLogger, Version=15.0.0.0, Culture=neutral, PublicKeyToken=b03f5f7f11d50a3a' inside file 'C:\Program Files\dotnet\sdk\8.0.100\Extensions\Microsoft.VisualStudio.TestPlatform.Extensions.Html.TestLogger.dll'
TpTrace Verbose: 0 : 24164, 1, 2023/12/25, 15:01:52.069, 7156012847397, vstest.console.dll, MetadataReaderExtensionsHelper: Discovering extensions inside assembly 'Microsoft.VisualStudio.TestPlatform.Extensions.Trx.TestLogger, Version=15.0.0.0, Culture=neutral, PublicKeyToken=b03f5f7f11d50a3a' file path 'C:\Program Files\dotnet\sdk\8.0.100\Extensions\Microsoft.VisualStudio.TestPlatform.Extensions.Trx.TestLogger.dll'
TpTrace Information: 0 : 24164, 1, 2023/12/25, 15:01:52.069, 7156012849543, vstest.console.dll, GetTestExtensionFromType: Register extension with identifier data 'logger://Microsoft/TestPlatform/TrxLogger/v1' and type 'Microsoft.VisualStudio.TestPlatform.Extensions.TrxLogger.TrxLogger, Microsoft.VisualStudio.TestPlatform.Extensions.Trx.TestLogger, Version=15.0.0.0, Culture=neutral, PublicKeyToken=b03f5f7f11d50a3a' inside file 'C:\Program Files\dotnet\sdk\8.0.100\Extensions\Microsoft.VisualStudio.TestPlatform.Extensions.Trx.TestLogger.dll'
TpTrace Verbose: 0 : 24164, 1, 2023/12/25, 15:01:52.069, 7156012850316, vstest.console.dll, TestPluginCache: Discovered the extensions using extension path ''.
TpTrace Verbose: 0 : 24164, 1, 2023/12/25, 15:01:52.069, 7156012850559, vstest.console.dll, TestPluginCache: Discoverers are ''.
TpTrace Verbose: 0 : 24164, 1, 2023/12/25, 15:01:52.069, 7156012850715, vstest.console.dll, TestPluginCache: Executors are ''.
TpTrace Verbose: 0 : 24164, 1, 2023/12/25, 15:01:52.069, 7156012850863, vstest.console.dll, TestPluginCache: Executors2 are ''.
TpTrace Verbose: 0 : 24164, 1, 2023/12/25, 15:01:52.069, 7156012851009, vstest.console.dll, TestPluginCache: Setting providers are ''.
TpTrace Verbose: 0 : 24164, 1, 2023/12/25, 15:01:52.069, 7156012851457, vstest.console.dll, TestPluginCache: Loggers are 'logger://Microsoft/TestPlatform/Extensions/Blame/v1,logger://Microsoft/TestPlatform/HtmlLogger/v1,logger://Microsoft/TestPlatform/TrxLogger/v1'.
TpTrace Verbose: 0 : 24164, 1, 2023/12/25, 15:01:52.069, 7156012851738, vstest.console.dll, TestPluginCache: TestHosts are 'HostProvider://DefaultTestHost,HostProvider://DotnetTestHost'.
TpTrace Verbose: 0 : 24164, 1, 2023/12/25, 15:01:52.069, 7156012851943, vstest.console.dll, TestPluginCache: DataCollectors are ''.
TpTrace Information: 0 : 24164, 1, 2023/12/25, 15:01:52.070, 7156012858048, vstest.console.dll, TestPluginManager.CreateTestExtension: Attempting to load test extension: Microsoft.TestPlatform.Extensions.BlameDataCollector.BlameLogger
TpTrace Verbose: 0 : 24164, 1, 2023/12/25, 15:01:52.077, 7156012928538, vstest.console.dll, TestEngine: Initializing Parallel Execution as MaxCpuCount is set to: 1
TpTrace Information: 0 : 24164, 1, 2023/12/25, 15:01:52.078, 7156012940811, vstest.console.dll, TestPluginManager.CreateTestExtension: Attempting to load test extension: Microsoft.VisualStudio.TestPlatform.CrossPlatEngine.Hosting.DefaultTestHostManager
TpTrace Verbose: 0 : 24164, 1, 2023/12/25, 15:01:52.079, 7156012951393, vstest.console.dll, TestHostManagerCallbacks.ctor: Experimental forwarding output is disabled.
TpTrace Information: 0 : 24164, 1, 2023/12/25, 15:01:52.080, 7156012956969, vstest.console.dll, InferRunSettingsHelper.IsTestSettingsEnabled: Unable to navigate to RunSettings/MSTest. Current node: RunSettings
TpTrace Verbose: 0 : 24164, 1, 2023/12/25, 15:01:52.080, 7156012962089, vstest.console.dll, ParallelOperationManager.ClearSlots: Clearing all slots. Slots should accept more work: True
TpTrace Verbose: 0 : 24164, 1, 2023/12/25, 15:01:52.081, 7156012967506, vstest.console.dll, ParallelOperationManager.SetOccupiedSlotCount: Setting slot counts AvailableSlotCount = 1, OccupiedSlotCount = 0.
TpTrace Verbose: 0 : 24164, 1, 2023/12/25, 15:01:52.081, 7156012970159, vstest.console.dll, Occupied slots:

TpTrace Verbose: 0 : 24164, 1, 2023/12/25, 15:01:52.084, 7156012996630, vstest.console.dll, TestEngine.GetExecutionManager: Chosen execution manager 'Microsoft.VisualStudio.TestPlatform.CrossPlatEngine.Client.Parallel.ParallelProxyExecutionManager, Microsoft.TestPlatform.CrossPlatEngine, Version=15.0.0.0, Culture=neutral, PublicKeyToken=b03f5f7f11d50a3a' ParallelLevel '1'.
TpTrace Verbose: 0 : 24164, 1, 2023/12/25, 15:01:52.084, 7156012997547, vstest.console.dll, TestRunRequest.ExecuteAsync: Creating test run request.
TpTrace Verbose: 0 : 24164, 1, 2023/12/25, 15:01:52.084, 7156012999103, vstest.console.dll, TestRunRequest.ExecuteAsync: Starting.
TpTrace Information: 0 : 24164, 1, 2023/12/25, 15:01:52.085, 7156013008086, vstest.console.dll, TestRunRequest.ExecuteAsync: Starting run with settings:TestRunCriteria:
   KeepAlive=False,FrequencyOfRunStatsChangeEvent=10,RunStatsChangeEventTimeout=00:00:01.5000000,TestCaseFilter=,TestExecutorLauncher=
   Settingsxml=<RunSettings>
  <RunConfiguration>
    <ResultsDirectory>D:\HK3\LTTQ\winform code\testing\QuanLyQuanCafe\TestProject2\bin\Debug\net472\fine-code-coverage\coverage-tool-output</ResultsDirectory>
    <TargetPlatform>X64</TargetPlatform>
    <TargetFrameworkVersion>.NETFramework,Version=v4.7.2</TargetFrameworkVersion>
    <DesignMode>False</DesignMode>
    <CollectSourceInformation>False</CollectSourceInformation>
  </RunConfiguration>
  <LoggerRunSettings>
    <Loggers>
      <Logger friendlyName="blame" enabled="True" />
      <Logger friendlyName="Console" uri="logger://microsoft/TestPlatform/ConsoleLogger/v1" assemblyQualifiedName="Microsoft.VisualStudio.TestPlatform.CommandLine.Internal.ConsoleLogger, vstest.console, Version=15.0.0.0, Culture=neutral, PublicKeyToken=b03f5f7f11d50a3a" codeBase="C:\Program Files\dotnet\sdk\8.0.100\vstest.console.dll" enabled="True" />
    </Loggers>
  </LoggerRunSettings>
  <DataCollectionRunSettings>
    <DataCollectors>
      <DataCollector friendlyName="blame" enabled="True">
        <Configuration>
          <ResultsDirectory>D:\HK3\LTTQ\winform code\testing\QuanLyQuanCafe\TestProject2\bin\Debug\net472\fine-code-coverage\coverage-tool-output</ResultsDirectory>
        </Configuration>
      </DataCollector>
    </DataCollectors>
  </DataCollectionRunSettings>
</RunSettings>

TpTrace Verbose: 0 : 24164, 1, 2023/12/25, 15:01:52.085, 7156013008527, vstest.console.dll, TestRunRequest.ExecuteAsync: Wait for the first run request is over.
TpTrace Verbose: 0 : 24164, 1, 2023/12/25, 15:01:52.085, 7156013010556, vstest.console.dll, MulticastDelegateUtilities.SafeInvoke: TestRun.TestRunStart: Invoking callbacks was skipped because there are no subscribers.
TpTrace Verbose: 0 : 24164, 4, 2023/12/25, 15:01:52.085, 7156013012969, vstest.console.dll, MulticastDelegateUtilities.SafeInvoke: InternalTestLoggerEvents.SendTestRunStart: Invoking callback 1/1 for Microsoft.VisualStudio.TestPlatform.CommandLine.Internal.ConsoleLogger., took 0 ms.
TpTrace Verbose: 0 : 24164, 1, 2023/12/25, 15:01:52.086, 7156013020421, vstest.console.dll, ParallelProxyExecutionManager: Start execution. Total sources: 1
TpTrace Verbose: 0 : 24164, 1, 2023/12/25, 15:01:52.086, 7156013024682, vstest.console.dll, ParallelOperationManager.StartWork: Starting adding 1 workloads.
TpTrace Verbose: 0 : 24164, 1, 2023/12/25, 15:01:52.086, 7156013025396, vstest.console.dll, ParallelOperationManager.ClearSlots: Clearing all slots. Slots should accept more work: True
TpTrace Verbose: 0 : 24164, 1, 2023/12/25, 15:01:52.086, 7156013026056, vstest.console.dll, ParallelOperationManager.SetOccupiedSlotCount: Setting slot counts AvailableSlotCount = 1, OccupiedSlotCount = 0.
TpTrace Verbose: 0 : 24164, 1, 2023/12/25, 15:01:52.087, 7156013026365, vstest.console.dll, Occupied slots:

TpTrace Verbose: 0 : 24164, 1, 2023/12/25, 15:01:52.088, 7156013040704, vstest.console.dll, TestHostManagerCallbacks.ctor: Experimental forwarding output is disabled.
TpTrace Verbose: 0 : 24164, 1, 2023/12/25, 15:01:52.088, 7156013044219, vstest.console.dll, TestRequestSender is acting as server.
TpTrace Verbose: 0 : 24164, 1, 2023/12/25, 15:01:52.090, 7156013056272, vstest.console.dll, ParallelOperationManager.RunWorkInParallel: Adding 1 workload to slot, remaining workloads 0.
TpTrace Verbose: 0 : 24164, 1, 2023/12/25, 15:01:52.090, 7156013056837, vstest.console.dll, ParallelOperationManager.SetOccupiedSlotCount: Setting slot counts AvailableSlotCount = 0, OccupiedSlotCount = 1.
TpTrace Verbose: 0 : 24164, 1, 2023/12/25, 15:01:52.090, 7156013057872, vstest.console.dll, Occupied slots:
0: D:\HK3\LTTQ\winform code\testing\QuanLyQuanCafe\TestProject2\bin\Debug\net472\fine-code-coverage\build-output\TestProject2.dll
TpTrace Verbose: 0 : 24164, 1, 2023/12/25, 15:01:52.091, 7156013068876, vstest.console.dll, ParallelOperationManager.RunWorkInParallel: Started host in slot number 0 for work (source): D:\HK3\LTTQ\winform code\testing\QuanLyQuanCafe\TestProject2\bin\Debug\net472\fine-code-coverage\build-output\TestProject2.dll.
TpTrace Verbose: 0 : 24164, 1, 2023/12/25, 15:01:52.092, 7156013077374, vstest.console.dll, ParallelOperationManager.RunWorkInParallel: We started 1 work items, which is the max parallel level. Won't start more work.
TpTrace Verbose: 0 : 24164, 1, 2023/12/25, 15:01:52.092, 7156013077973, vstest.console.dll, ParallelOperationManager.RunWorkInParallel: We started 1 work items in here, returning True.
TpTrace Information: 0 : 24164, 1, 2023/12/25, 15:01:52.092, 7156013078318, vstest.console.dll, TestRunRequest.ExecuteAsync: Started.
TpTrace Verbose: 0 : 24164, 5, 2023/12/25, 15:01:52.092, 7156013080585, vstest.console.dll, ParallelProxyExecutionManager.StartTestRunOnConcurrentManager: Initializing uninitialized client. Started clients: 0
TpTrace Verbose: 0 : 24164, 5, 2023/12/25, 15:01:52.092, 7156013083529, vstest.console.dll, DataCollectionRequestSender.InitializeCommunication : Initialize communication. 
TpTrace Verbose: 0 : 24164, 1, 2023/12/25, 15:01:52.092, 7156013083799, vstest.console.dll, TestRunRequest.WaitForCompletion: Waiting with timeout -1.
TpTrace Information: 0 : 24164, 5, 2023/12/25, 15:01:52.098, 7156013145612, vstest.console.dll, Listening on Endpoint : 127.0.0.1:53653
TpTrace Verbose: 0 : 24164, 5, 2023/12/25, 15:01:52.105, 7156013210757, vstest.console.dll, DotnetDataCollectionLauncher: Adding  --runtimeconfig "C:\Program Files\dotnet\sdk\8.0.100\datacollector.runtimeconfig.json" in args
TpTrace Verbose: 0 : 24164, 5, 2023/12/25, 15:01:52.105, 7156013212081, vstest.console.dll, DotnetDataCollectionLauncher: Adding  --depsfile "C:\Program Files\dotnet\sdk\8.0.100\datacollector.deps.json" in args
TpTrace Verbose: 0 : 24164, 5, 2023/12/25, 15:01:52.105, 7156013213910, vstest.console.dll, DotnetDataCollectionLauncher: Full path of dotnet.exe is C:\Program Files\dotnet\dotnet.exe
TpTrace Information: 0 : 24164, 5, 2023/12/25, 15:01:52.113, 7156013288581, vstest.console.dll, ProxyDataCollectionManager.Initialize: Launched datacollector processId: 26828 port: 53653
TpTrace Information: 0 : 24164, 5, 2023/12/25, 15:01:52.113, 7156013290047, vstest.console.dll, ProxyDataCollectionManager.Initialize: waiting for connection with timeout: 90 seconds
TpTrace Verbose: 0 : 24164, 5, 2023/12/25, 15:01:52.113, 7156013290477, vstest.console.dll, DataCollectionRequestSender.WaitForRequestHandlerConnection : Waiting for connection with timeout: 90000
TpTrace Information: 0 : 24164, 7, 2023/12/25, 15:01:52.270, 7156014857060, vstest.console.dll, Using the buffer size of 16384 bytes
TpTrace Verbose: 0 : 24164, 5, 2023/12/25, 15:01:52.270, 7156014857308, vstest.console.dll, SocketCommunicationManager.WaitForClientConnection took: 156 ms, with 90000 ms timeout, and finished with True.
TpTrace Verbose: 0 : 24164, 5, 2023/12/25, 15:01:52.270, 7156014859378, vstest.console.dll, ProxyDataCollectionManager.InvokeDataCollectionServiceAction: Starting.
TpTrace Information: 0 : 24164, 7, 2023/12/25, 15:01:52.270, 7156014859231, vstest.console.dll, Accepted Client request and set the flag
TpTrace Information: 0 : 24164, 5, 2023/12/25, 15:01:52.270, 7156014860301, vstest.console.dll, ProxyDataCollectionManager.BeforeTestRunStart: Get environment variable and port for datacollector processId: 26828 port: 53653
TpTrace Verbose: 0 : 24164, 5, 2023/12/25, 15:01:52.270, 7156014861685, vstest.console.dll, DataCollectionRequestSender.SendBeforeTestRunStartAndGetResult: Send BeforeTestRunStart message with settingsXml <RunSettings><RunConfiguration><ResultsDirectory>D:\HK3\LTTQ\winform code\testing\QuanLyQuanCafe\TestProject2\bin\Debug\net472\fine-code-coverage\coverage-tool-output</ResultsDirectory><TargetPlatform>X64</TargetPlatform><TargetFrameworkVersion>.NETFramework,Version=v4.7.2</TargetFrameworkVersion><DesignMode>False</DesignMode><CollectSourceInformation>False</CollectSourceInformation><TestAdaptersPaths>C:\Program Files\dotnet\sdk\8.0.100\Extensions</TestAdaptersPaths></RunConfiguration><LoggerRunSettings><Loggers><Logger friendlyName="blame" enabled="True" /><Logger friendlyName="Console" uri="logger://microsoft/TestPlatform/ConsoleLogger/v1" assemblyQualifiedName="Microsoft.VisualStudio.TestPlatform.CommandLine.Internal.ConsoleLogger, vstest.console, Version=15.0.0.0, Culture=neutral, PublicKeyToken=b03f5f7f11d50a3a" codeBase="C:\Program Files\dotnet\sdk\8.0.100\vstest.console.dll" enabled="True" /></Loggers></LoggerRunSettings><DataCollectionRunSettings><DataCollectors><DataCollector friendlyName="blame" enabled="True"><Configuration><ResultsDirectory>D:\HK3\LTTQ\winform code\testing\QuanLyQuanCafe\TestProject2\bin\Debug\net472\fine-code-coverage\coverage-tool-output</ResultsDirectory></Configuration></DataCollector></DataCollectors></DataCollectionRunSettings></RunSettings> and sources System.Collections.Generic.List`1[System.String]: 
TpTrace Verbose: 0 : 24164, 5, 2023/12/25, 15:01:52.332, 7156015483791, vstest.console.dll, DataCollectionRequestSender.SendBeforeTestRunStartAndGetResult: Received message: (DataCollection.SendMessage) -> {"MessageType":"DataCollection.SendMessage","Payload":{"FriendlyName":null,"Uri":null,"TestCaseId":"00000000-0000-0000-0000-000000000000","Message":"Logging DataCollector Diagnostics in file: D:\\HK3\\LTTQ\\winform code\\testing\\QuanLyQuanCafe\\TestProject2\\bin\\Debug\\net472\\fine-code-coverage\\coverage-tool-output\\diagnostics.datacollector.23-12-25_15-01-52_10515_5.log","Level":0}}
TpTrace Verbose: 0 : 24164, 5, 2023/12/25, 15:01:52.417, 7156016329228, vstest.console.dll, DataCollectionRequestSender.SendBeforeTestRunStartAndGetResult: Received message: (DataCollection.BeforeTestRunStartResult) -> {"MessageType":"DataCollection.BeforeTestRunStartResult","Payload":{"EnvironmentVariables":{},"DataCollectionEventsPort":53655}}
TpTrace Information: 0 : 24164, 5, 2023/12/25, 15:01:52.421, 7156016375708, vstest.console.dll, ProxyDataCollectionManager.BeforeTestRunStart: SendBeforeTestRunStartAndGetResult successful, env variable from datacollector:   and testhost port: 53655
TpTrace Information: 0 : 24164, 5, 2023/12/25, 15:01:52.422, 7156016377018, vstest.console.dll, ProxyDataCollectionManager.InvokeDataCollectionServiceAction: Completed.
TpTrace Verbose: 0 : 24164, 5, 2023/12/25, 15:01:52.422, 7156016377370, vstest.console.dll, ParallelProxyExecutionManager.StartTestRunOnConcurrentManager: Initializing test run. Started clients: 0
TpTrace Verbose: 0 : 24164, 5, 2023/12/25, 15:01:52.422, 7156016378303, vstest.console.dll, ProxyExecutionManager: Test host is always Lazy initialize.
TpTrace Verbose: 0 : 24164, 5, 2023/12/25, 15:01:52.422, 7156016380493, vstest.console.dll, TestRequestSender.InitializeCommunication: initialize communication. 
TpTrace Information: 0 : 24164, 5, 2023/12/25, 15:01:52.422, 7156016385739, vstest.console.dll, SocketServer.Start: Listening on endpoint : 127.0.0.1:53656
TpTrace Verbose: 0 : 24164, 5, 2023/12/25, 15:01:52.424, 7156016398253, vstest.console.dll, DefaultTestHostmanager.GetTestHostProcessStartInfo: Trying to use testhost.net472.exe from C:\Program Files\dotnet\sdk\8.0.100\Extensions\..\TestHostNetFramework\testhost.net472.exe
TpTrace Verbose: 0 : 24164, 5, 2023/12/25, 15:01:52.424, 7156016404293, vstest.console.dll, Launching default test Host Process C:\Program Files\dotnet\sdk\8.0.100\Extensions\..\TestHostNetFramework\testhost.net472.exe with arguments  --port 53656 --endpoint 127.0.0.1:053656 --role client --parentprocessid 24164 --diag "D:\HK3\LTTQ\winform code\testing\QuanLyQuanCafe\TestProject2\bin\Debug\net472\fine-code-coverage\coverage-tool-output\diagnostics.host.23-12-25_15-01-52_42338_5.log" --tracelevel 4 --datacollectionport 53655 --telemetryoptedin false
TpTrace Verbose: 0 : 24164, 5, 2023/12/25, 15:01:52.424, 7156016405279, vstest.console.dll, DefaultTestHostManager: Starting process 'C:\Program Files\dotnet\sdk\8.0.100\Extensions\..\TestHostNetFramework\testhost.net472.exe' with command line ' --port 53656 --endpoint 127.0.0.1:053656 --role client --parentprocessid 24164 --diag "D:\HK3\LTTQ\winform code\testing\QuanLyQuanCafe\TestProject2\bin\Debug\net472\fine-code-coverage\coverage-tool-output\diagnostics.host.23-12-25_15-01-52_42338_5.log" --tracelevel 4 --datacollectionport 53655 --telemetryoptedin false'
TpTrace Verbose: 0 : 24164, 5, 2023/12/25, 15:01:52.437, 7156016532333, vstest.console.dll, MulticastDelegateUtilities.SafeInvoke: HostProviderEvents.OnHostLaunched: Invoking callback 1/2 for Microsoft.VisualStudio.TestPlatform.CrossPlatEngine.Client.ProxyExecutionManagerWithDataCollection., took 1 ms.
TpTrace Verbose: 0 : 24164, 5, 2023/12/25, 15:01:52.438, 7156016536491, vstest.console.dll, Test Runtime launched
TpTrace Verbose: 0 : 24164, 5, 2023/12/25, 15:01:52.438, 7156016537574, vstest.console.dll, MulticastDelegateUtilities.SafeInvoke: HostProviderEvents.OnHostLaunched: Invoking callback 2/2 for Microsoft.VisualStudio.TestPlatform.CrossPlatEngine.Client.ProxyOperationManager., took 0 ms.
TpTrace Verbose: 0 : 24164, 5, 2023/12/25, 15:01:52.438, 7156016539061, vstest.console.dll, TestRequestSender.WaitForRequestHandlerConnection: waiting for connection with timeout: 90000.
TpTrace Verbose: 0 : 24164, 12, 2023/12/25, 15:01:52.592, 7156018084381, vstest.console.dll, MulticastDelegateUtilities.SafeInvoke: SocketServer: ClientConnected: Invoking callback 1/1 for Microsoft.VisualStudio.TestPlatform.CommunicationUtilities.TestRequestSender., took 0 ms.
TpTrace Verbose: 0 : 24164, 5, 2023/12/25, 15:01:52.592, 7156018084381, vstest.console.dll, TestRequestSender.WaitForRequestHandlerConnection: waiting took 154 ms, with timeout 90000 ms, and result 0, which is success.
TpTrace Verbose: 0 : 24164, 12, 2023/12/25, 15:01:52.592, 7156018085524, vstest.console.dll, SocketServer.OnClientConnected: Client connected for endPoint: 127.0.0.1:53656, starting MessageLoopAsync:
TpTrace Verbose: 0 : 24164, 14, 2023/12/25, 15:01:52.593, 7156018091354, vstest.console.dll, TcpClientExtensions.MessageLoopAsync: Polling on remoteEndPoint: 127.0.0.1:53657 localEndPoint: 127.0.0.1:53656
TpTrace Verbose: 0 : 24164, 5, 2023/12/25, 15:01:52.594, 7156018096435, vstest.console.dll, TestRequestSender.CheckVersionWithTestHost: Sending check version message: {"MessageType":"ProtocolVersion","Payload":7}
TpTrace Verbose: 0 : 24164, 14, 2023/12/25, 15:01:52.628, 7156018436882, vstest.console.dll, TcpClientExtensions.MessageLoopAsync: NotifyDataAvailable remoteEndPoint: 127.0.0.1:53657 localEndPoint: 127.0.0.1:53656
TpTrace Verbose: 0 : 24164, 14, 2023/12/25, 15:01:52.628, 7156018440610, vstest.console.dll, TestRequestSender.CheckVersionWithTestHost: onMessageReceived received message: (ProtocolVersion) -> {"MessageType":"ProtocolVersion","Payload":7}
TpTrace Verbose: 0 : 24164, 14, 2023/12/25, 15:01:52.629, 7156018449985, vstest.console.dll, MulticastDelegateUtilities.SafeInvoke: LengthPrefixCommunicationChannel: MessageReceived: Invoking callback 1/1 for Microsoft.VisualStudio.TestPlatform.CommunicationUtilities.TestRequestSender+<>c__DisplayClass29_0., took 0 ms.
TpTrace Verbose: 0 : 24164, 14, 2023/12/25, 15:01:52.629, 7156018451235, vstest.console.dll, TcpClientExtensions.MessageLoopAsync: Polling on remoteEndPoint: 127.0.0.1:53657 localEndPoint: 127.0.0.1:53656
TpTrace Verbose: 0 : 24164, 5, 2023/12/25, 15:01:52.629, 7156018451299, vstest.console.dll, TestPluginCache.GetExtensionPaths: Filtered extension paths: 
TpTrace Verbose: 0 : 24164, 5, 2023/12/25, 15:01:52.629, 7156018452850, vstest.console.dll, TestPluginCache.GetExtensionPaths: Added default extension paths: C:\Program Files\dotnet\sdk\8.0.100\Extensions\Microsoft.Diagnostics.NETCore.Client.dll
C:\Program Files\dotnet\sdk\8.0.100\Extensions\Microsoft.TestPlatform.Extensions.BlameDataCollector.dll
C:\Program Files\dotnet\sdk\8.0.100\Extensions\Microsoft.TestPlatform.Extensions.EventLogCollector.dll
C:\Program Files\dotnet\sdk\8.0.100\Extensions\Microsoft.TestPlatform.TestHostRuntimeProvider.dll
C:\Program Files\dotnet\sdk\8.0.100\Extensions\Microsoft.VisualStudio.TestPlatform.Extensions.Html.TestLogger.dll
C:\Program Files\dotnet\sdk\8.0.100\Extensions\Microsoft.VisualStudio.TestPlatform.Extensions.Trx.TestLogger.dll
TpTrace Verbose: 0 : 24164, 5, 2023/12/25, 15:01:52.629, 7156018453554, vstest.console.dll, TestPluginCache.GetExtensionPaths: Added unfilterableExtensionPaths: 
TpTrace Verbose: 0 : 24164, 5, 2023/12/25, 15:01:52.634, 7156018500458, vstest.console.dll, TestRequestSender.InitializeExecution: Sending initialize execution with message: {"Version":7,"MessageType":"TestExecution.Initialize","Payload":["C:\\Program Files\\dotnet\\sdk\\8.0.100\\Extensions\\Microsoft.Diagnostics.NETCore.Client.dll","C:\\Program Files\\dotnet\\sdk\\8.0.100\\Extensions\\Microsoft.TestPlatform.Extensions.BlameDataCollector.dll","C:\\Program Files\\dotnet\\sdk\\8.0.100\\Extensions\\Microsoft.TestPlatform.Extensions.EventLogCollector.dll","C:\\Program Files\\dotnet\\sdk\\8.0.100\\Extensions\\Microsoft.TestPlatform.TestHostRuntimeProvider.dll","C:\\Program Files\\dotnet\\sdk\\8.0.100\\Extensions\\Microsoft.VisualStudio.TestPlatform.Extensions.Html.TestLogger.dll","C:\\Program Files\\dotnet\\sdk\\8.0.100\\Extensions\\Microsoft.VisualStudio.TestPlatform.Extensions.Trx.TestLogger.dll","D:\\HK3\\LTTQ\\winform code\\testing\\QuanLyQuanCafe\\TestProject2\\bin\\Debug\\net472\\fine-code-coverage\\build-output\\NUnit3.TestAdapter.dll"]}
TpTrace Verbose: 0 : 24164, 5, 2023/12/25, 15:01:52.634, 7156018503380, vstest.console.dll, ParallelProxyExecutionManager.StartTestRunOnConcurrentManager: Execution starting. Started clients: 1
TpTrace Verbose: 0 : 24164, 5, 2023/12/25, 15:01:52.635, 7156018507126, vstest.console.dll, TestRunRequest:SendTestRunMessage: Starting.
TpTrace Verbose: 0 : 24164, 5, 2023/12/25, 15:01:52.635, 7156018509273, vstest.console.dll, MulticastDelegateUtilities.SafeInvoke: TestRun.LogMessages: Invoking callback 1/1 for Microsoft.VisualStudio.TestPlatform.CommandLine.TestRunResultAggregator., took 0 ms.
TpTrace Information: 0 : 24164, 5, 2023/12/25, 15:01:52.635, 7156018509720, vstest.console.dll, TestRunRequest:SendTestRunMessage: Completed.
TpTrace Verbose: 0 : 24164, 14, 2023/12/25, 15:01:52.635, 7156018512132, vstest.console.dll, TcpClientExtensions.MessageLoopAsync: NotifyDataAvailable remoteEndPoint: 127.0.0.1:53657 localEndPoint: 127.0.0.1:53656
TpTrace Verbose: 0 : 24164, 4, 2023/12/25, 15:01:52.635, 7156018512169, vstest.console.dll, MulticastDelegateUtilities.SafeInvoke: InternalTestLoggerEvents.SendTestRunMessage: Invoking callback 1/1 for Microsoft.VisualStudio.TestPlatform.CommandLine.Internal.ConsoleLogger., took 0 ms.
TpTrace Verbose: 0 : 24164, 14, 2023/12/25, 15:01:52.635, 7156018513008, vstest.console.dll, LengthPrefixCommunicationChannel.NotifyDataAvailable: New data are waiting to be received, but there is no subscriber to be notified. Not reading them from the stream.
TpTrace Verbose: 0 : 24164, 14, 2023/12/25, 15:01:52.635, 7156018513632, vstest.console.dll, TcpClientExtensions.MessageLoopAsync: Polling on remoteEndPoint: 127.0.0.1:53657 localEndPoint: 127.0.0.1:53656
TpTrace Verbose: 0 : 24164, 14, 2023/12/25, 15:01:52.635, 7156018514119, vstest.console.dll, TcpClientExtensions.MessageLoopAsync: NotifyDataAvailable remoteEndPoint: 127.0.0.1:53657 localEndPoint: 127.0.0.1:53656
TpTrace Verbose: 0 : 24164, 14, 2023/12/25, 15:01:52.635, 7156018514351, vstest.console.dll, LengthPrefixCommunicationChannel.NotifyDataAvailable: New data are waiting to be received, but there is no subscriber to be notified. Not reading them from the stream.
TpTrace Warning: 0 : 24164, 5, 2023/12/25, 15:01:52.635, 7156018514284, vstest.console.dll, InferRunSettingsHelper.MakeRunsettingsCompatible: Removing the following settings: TargetPlatform from RunSettings file. To use those settings please move to latest version of Microsoft.NET.Test.Sdk
TpTrace Verbose: 0 : 24164, 14, 2023/12/25, 15:01:52.635, 7156018514629, vstest.console.dll, TcpClientExtensions.MessageLoopAsync: Polling on remoteEndPoint: 127.0.0.1:53657 localEndPoint: 127.0.0.1:53656
TpTrace Verbose: 0 : 24164, 14, 2023/12/25, 15:01:52.635, 7156018515314, vstest.console.dll, TcpClientExtensions.MessageLoopAsync: NotifyDataAvailable remoteEndPoint: 127.0.0.1:53657 localEndPoint: 127.0.0.1:53656
TpTrace Verbose: 0 : 24164, 14, 2023/12/25, 15:01:52.635, 7156018515575, vstest.console.dll, LengthPrefixCommunicationChannel.NotifyDataAvailable: New data are waiting to be received, but there is no subscriber to be notified. Not reading them from the stream.
TpTrace Verbose: 0 : 24164, 14, 2023/12/25, 15:01:52.635, 7156018515821, vstest.console.dll, TcpClientExtensions.MessageLoopAsync: Polling on remoteEndPoint: 127.0.0.1:53657 localEndPoint: 127.0.0.1:53656
TpTrace Verbose: 0 : 24164, 14, 2023/12/25, 15:01:52.636, 7156018516357, vstest.console.dll, TcpClientExtensions.MessageLoopAsync: NotifyDataAvailable remoteEndPoint: 127.0.0.1:53657 localEndPoint: 127.0.0.1:53656
TpTrace Verbose: 0 : 24164, 14, 2023/12/25, 15:01:52.636, 7156018516619, vstest.console.dll, LengthPrefixCommunicationChannel.NotifyDataAvailable: New data are waiting to be received, but there is no subscriber to be notified. Not reading them from the stream.
TpTrace Verbose: 0 : 24164, 14, 2023/12/25, 15:01:52.636, 7156018516943, vstest.console.dll, TcpClientExtensions.MessageLoopAsync: Polling on remoteEndPoint: 127.0.0.1:53657 localEndPoint: 127.0.0.1:53656
TpTrace Verbose: 0 : 24164, 14, 2023/12/25, 15:01:52.636, 7156018517277, vstest.console.dll, TcpClientExtensions.MessageLoopAsync: NotifyDataAvailable remoteEndPoint: 127.0.0.1:53657 localEndPoint: 127.0.0.1:53656
TpTrace Verbose: 0 : 24164, 14, 2023/12/25, 15:01:52.636, 7156018517606, vstest.console.dll, LengthPrefixCommunicationChannel.NotifyDataAvailable: New data are waiting to be received, but there is no subscriber to be notified. Not reading them from the stream.
TpTrace Verbose: 0 : 24164, 14, 2023/12/25, 15:01:52.636, 7156018517884, vstest.console.dll, TcpClientExtensions.MessageLoopAsync: Polling on remoteEndPoint: 127.0.0.1:53657 localEndPoint: 127.0.0.1:53656
TpTrace Verbose: 0 : 24164, 14, 2023/12/25, 15:01:52.636, 7156018518189, vstest.console.dll, TcpClientExtensions.MessageLoopAsync: NotifyDataAvailable remoteEndPoint: 127.0.0.1:53657 localEndPoint: 127.0.0.1:53656
TpTrace Verbose: 0 : 24164, 14, 2023/12/25, 15:01:52.636, 7156018518471, vstest.console.dll, LengthPrefixCommunicationChannel.NotifyDataAvailable: New data are waiting to be received, but there is no subscriber to be notified. Not reading them from the stream.
TpTrace Verbose: 0 : 24164, 14, 2023/12/25, 15:01:52.636, 7156018518935, vstest.console.dll, TcpClientExtensions.MessageLoopAsync: Polling on remoteEndPoint: 127.0.0.1:53657 localEndPoint: 127.0.0.1:53656
TpTrace Verbose: 0 : 24164, 14, 2023/12/25, 15:01:52.636, 7156018519293, vstest.console.dll, TcpClientExtensions.MessageLoopAsync: NotifyDataAvailable remoteEndPoint: 127.0.0.1:53657 localEndPoint: 127.0.0.1:53656
TpTrace Verbose: 0 : 24164, 14, 2023/12/25, 15:01:52.636, 7156018519585, vstest.console.dll, LengthPrefixCommunicationChannel.NotifyDataAvailable: New data are waiting to be received, but there is no subscriber to be notified. Not reading them from the stream.
TpTrace Verbose: 0 : 24164, 14, 2023/12/25, 15:01:52.636, 7156018519886, vstest.console.dll, TcpClientExtensions.MessageLoopAsync: Polling on remoteEndPoint: 127.0.0.1:53657 localEndPoint: 127.0.0.1:53656
TpTrace Verbose: 0 : 24164, 14, 2023/12/25, 15:01:52.636, 7156018520211, vstest.console.dll, TcpClientExtensions.MessageLoopAsync: NotifyDataAvailable remoteEndPoint: 127.0.0.1:53657 localEndPoint: 127.0.0.1:53656
TpTrace Verbose: 0 : 24164, 14, 2023/12/25, 15:01:52.636, 7156018520632, vstest.console.dll, LengthPrefixCommunicationChannel.NotifyDataAvailable: New data are waiting to be received, but there is no subscriber to be notified. Not reading them from the stream.
TpTrace Verbose: 0 : 24164, 14, 2023/12/25, 15:01:52.636, 7156018521077, vstest.console.dll, TcpClientExtensions.MessageLoopAsync: Polling on remoteEndPoint: 127.0.0.1:53657 localEndPoint: 127.0.0.1:53656
TpTrace Verbose: 0 : 24164, 14, 2023/12/25, 15:01:52.636, 7156018521449, vstest.console.dll, TcpClientExtensions.MessageLoopAsync: NotifyDataAvailable remoteEndPoint: 127.0.0.1:53657 localEndPoint: 127.0.0.1:53656
TpTrace Verbose: 0 : 24164, 14, 2023/12/25, 15:01:52.636, 7156018525176, vstest.console.dll, TestRequestSender.OnExecutionMessageReceived: Received message: {"Version":7,"MessageType":"TestSession.Message","Payload":{"MessageLevel":0,"Message":"Logging TestHost Diagnostics in file: D:\\HK3\\LTTQ\\winform code\\testing\\QuanLyQuanCafe\\TestProject2\\bin\\Debug\\net472\\fine-code-coverage\\coverage-tool-output\\diagnostics.host.23-12-25_15-01-52_42338_5.log"}}
TpTrace Verbose: 0 : 24164, 14, 2023/12/25, 15:01:52.640, 7156018562297, vstest.console.dll, TestRunRequest:SendTestRunMessage: Starting.
TpTrace Verbose: 0 : 24164, 14, 2023/12/25, 15:01:52.640, 7156018564290, vstest.console.dll, MulticastDelegateUtilities.SafeInvoke: TestRun.LogMessages: Invoking callback 1/1 for Microsoft.VisualStudio.TestPlatform.CommandLine.TestRunResultAggregator., took 0 ms.
TpTrace Information: 0 : 24164, 14, 2023/12/25, 15:01:52.640, 7156018564731, vstest.console.dll, TestRunRequest:SendTestRunMessage: Completed.
TpTrace Verbose: 0 : 24164, 4, 2023/12/25, 15:01:52.640, 7156018564812, vstest.console.dll, MulticastDelegateUtilities.SafeInvoke: InternalTestLoggerEvents.SendTestRunMessage: Invoking callback 1/1 for Microsoft.VisualStudio.TestPlatform.CommandLine.Internal.ConsoleLogger., took 0 ms.
TpTrace Verbose: 0 : 24164, 14, 2023/12/25, 15:01:52.640, 7156018565226, vstest.console.dll, MulticastDelegateUtilities.SafeInvoke: LengthPrefixCommunicationChannel: MessageReceived: Invoking callback 1/1 for Microsoft.VisualStudio.TestPlatform.CommunicationUtilities.TestRequestSender+<>c__DisplayClass34_0., took 4 ms.
TpTrace Verbose: 0 : 24164, 14, 2023/12/25, 15:01:52.641, 7156018567152, vstest.console.dll, TcpClientExtensions.MessageLoopAsync: Polling on remoteEndPoint: 127.0.0.1:53657 localEndPoint: 127.0.0.1:53656
TpTrace Verbose: 0 : 24164, 5, 2023/12/25, 15:01:52.646, 7156018624403, vstest.console.dll, TestRequestSender.StartTestRun: Sending test run with message: {"Version":7,"MessageType":"TestExecution.StartWithSources","Payload":{"AdapterSourceMap":{"_none_":["D:\\HK3\\LTTQ\\winform code\\testing\\QuanLyQuanCafe\\TestProject2\\bin\\Debug\\net472\\fine-code-coverage\\build-output\\TestProject2.dll"]},"RunSettings":"<RunSettings>\r\n  <RunConfiguration>\r\n    <ResultsDirectory>D:\\HK3\\LTTQ\\winform code\\testing\\QuanLyQuanCafe\\TestProject2\\bin\\Debug\\net472\\fine-code-coverage\\coverage-tool-output</ResultsDirectory>\r\n    <TargetFrameworkVersion>.NETFramework,Version=v4.7.2</TargetFrameworkVersion>\r\n    <DesignMode>False</DesignMode>\r\n    <CollectSourceInformation>False</CollectSourceInformation>\r\n  </RunConfiguration>\r\n  <LoggerRunSettings>\r\n    <Loggers>\r\n      <Logger friendlyName=\"blame\" enabled=\"True\" />\r\n      <Logger friendlyName=\"Console\" uri=\"logger://microsoft/TestPlatform/ConsoleLogger/v1\" assemblyQualifiedName=\"Microsoft.VisualStudio.TestPlatform.CommandLine.Internal.ConsoleLogger, vstest.console, Version=15.0.0.0, Culture=neutral, PublicKeyToken=b03f5f7f11d50a3a\" codeBase=\"C:\\Program Files\\dotnet\\sdk\\8.0.100\\vstest.console.dll\" enabled=\"True\" />\r\n    </Loggers>\r\n  </LoggerRunSettings>\r\n  <DataCollectionRunSettings>\r\n    <DataCollectors>\r\n      <DataCollector friendlyName=\"blame\" enabled=\"True\">\r\n        <Configuration>\r\n          <ResultsDirectory>D:\\HK3\\LTTQ\\winform code\\testing\\QuanLyQuanCafe\\TestProject2\\bin\\Debug\\net472\\fine-code-coverage\\coverage-tool-output</ResultsDirectory>\r\n        </Configuration>\r\n      </DataCollector>\r\n    </DataCollectors>\r\n  </DataCollectionRunSettings>\r\n</RunSettings>","TestExecutionContext":{"FrequencyOfRunStatsChangeEvent":10,"RunStatsChangeEventTimeout":"00:00:01.5000000","InIsolation":false,"KeepAlive":false,"AreTestCaseLevelEventsRequired":false,"IsDebug":false,"TestCaseFilter":null,"FilterOptions":null},"Package":null}}
TpTrace Verbose: 0 : 24164, 5, 2023/12/25, 15:01:52.647, 7156018626588, vstest.console.dll, ParallelProxyExecutionManager.StartTestRunOnConcurrentManager: Execution started. Started clients: 1
TpTrace Verbose: 0 : 24164, 14, 2023/12/25, 15:01:53.029, 7156022450977, vstest.console.dll, TcpClientExtensions.MessageLoopAsync: NotifyDataAvailable remoteEndPoint: 127.0.0.1:53657 localEndPoint: 127.0.0.1:53656
TpTrace Verbose: 0 : 24164, 14, 2023/12/25, 15:01:53.029, 7156022453459, vstest.console.dll, TestRequestSender.OnExecutionMessageReceived: Received message: {"Version":7,"MessageType":"TestSession.Message","Payload":{"MessageLevel":0,"Message":"NUnit Adapter 3.16.1.0: Test execution started"}}
TpTrace Verbose: 0 : 24164, 14, 2023/12/25, 15:01:53.029, 7156022455560, vstest.console.dll, TestRunRequest:SendTestRunMessage: Starting.
TpTrace Verbose: 0 : 24164, 14, 2023/12/25, 15:01:53.030, 7156022456345, vstest.console.dll, MulticastDelegateUtilities.SafeInvoke: TestRun.LogMessages: Invoking callback 1/1 for Microsoft.VisualStudio.TestPlatform.CommandLine.TestRunResultAggregator., took 0 ms.
TpTrace Information: 0 : 24164, 14, 2023/12/25, 15:01:53.030, 7156022456668, vstest.console.dll, TestRunRequest:SendTestRunMessage: Completed.
TpTrace Verbose: 0 : 24164, 14, 2023/12/25, 15:01:53.030, 7156022457086, vstest.console.dll, MulticastDelegateUtilities.SafeInvoke: LengthPrefixCommunicationChannel: MessageReceived: Invoking callback 1/1 for Microsoft.VisualStudio.TestPlatform.CommunicationUtilities.TestRequestSender+<>c__DisplayClass34_0., took 0 ms.
TpTrace Verbose: 0 : 24164, 4, 2023/12/25, 15:01:53.030, 7156022456946, vstest.console.dll, MulticastDelegateUtilities.SafeInvoke: InternalTestLoggerEvents.SendTestRunMessage: Invoking callback 1/1 for Microsoft.VisualStudio.TestPlatform.CommandLine.Internal.ConsoleLogger., took 0 ms.
TpTrace Verbose: 0 : 24164, 14, 2023/12/25, 15:01:53.030, 7156022457465, vstest.console.dll, TcpClientExtensions.MessageLoopAsync: Polling on remoteEndPoint: 127.0.0.1:53657 localEndPoint: 127.0.0.1:53656
TpTrace Verbose: 0 : 24164, 14, 2023/12/25, 15:01:53.068, 7156022839436, vstest.console.dll, TcpClientExtensions.MessageLoopAsync: NotifyDataAvailable remoteEndPoint: 127.0.0.1:53657 localEndPoint: 127.0.0.1:53656
TpTrace Verbose: 0 : 24164, 14, 2023/12/25, 15:01:53.068, 7156022841330, vstest.console.dll, TestRequestSender.OnExecutionMessageReceived: Received message: {"Version":7,"MessageType":"TestSession.Message","Payload":{"MessageLevel":0,"Message":"Running all tests in D:\\HK3\\LTTQ\\winform code\\testing\\QuanLyQuanCafe\\TestProject2\\bin\\Debug\\net472\\fine-code-coverage\\build-output\\TestProject2.dll"}}
TpTrace Verbose: 0 : 24164, 14, 2023/12/25, 15:01:53.068, 7156022842753, vstest.console.dll, TestRunRequest:SendTestRunMessage: Starting.
TpTrace Verbose: 0 : 24164, 14, 2023/12/25, 15:01:53.068, 7156022843331, vstest.console.dll, MulticastDelegateUtilities.SafeInvoke: TestRun.LogMessages: Invoking callback 1/1 for Microsoft.VisualStudio.TestPlatform.CommandLine.TestRunResultAggregator., took 0 ms.
TpTrace Information: 0 : 24164, 14, 2023/12/25, 15:01:53.068, 7156022843603, vstest.console.dll, TestRunRequest:SendTestRunMessage: Completed.
TpTrace Verbose: 0 : 24164, 14, 2023/12/25, 15:01:53.068, 7156022843984, vstest.console.dll, MulticastDelegateUtilities.SafeInvoke: LengthPrefixCommunicationChannel: MessageReceived: Invoking callback 1/1 for Microsoft.VisualStudio.TestPlatform.CommunicationUtilities.TestRequestSender+<>c__DisplayClass34_0., took 0 ms.
TpTrace Verbose: 0 : 24164, 4, 2023/12/25, 15:01:53.068, 7156022843902, vstest.console.dll, MulticastDelegateUtilities.SafeInvoke: InternalTestLoggerEvents.SendTestRunMessage: Invoking callback 1/1 for Microsoft.VisualStudio.TestPlatform.CommandLine.Internal.ConsoleLogger., took 0 ms.
TpTrace Verbose: 0 : 24164, 14, 2023/12/25, 15:01:53.068, 7156022844343, vstest.console.dll, TcpClientExtensions.MessageLoopAsync: Polling on remoteEndPoint: 127.0.0.1:53657 localEndPoint: 127.0.0.1:53656
TpTrace Verbose: 0 : 24164, 14, 2023/12/25, 15:01:53.418, 7156026342730, vstest.console.dll, TcpClientExtensions.MessageLoopAsync: NotifyDataAvailable remoteEndPoint: 127.0.0.1:53657 localEndPoint: 127.0.0.1:53656
TpTrace Verbose: 0 : 24164, 14, 2023/12/25, 15:01:53.419, 7156026346255, vstest.console.dll, TestRequestSender.OnExecutionMessageReceived: Received message: {"Version":7,"MessageType":"TestSession.Message","Payload":{"MessageLevel":0,"Message":"   NUnit3TestExecutor converted 118 of 118 NUnit test cases"}}
TpTrace Verbose: 0 : 24164, 14, 2023/12/25, 15:01:53.419, 7156026348245, vstest.console.dll, TestRunRequest:SendTestRunMessage: Starting.
TpTrace Verbose: 0 : 24164, 14, 2023/12/25, 15:01:53.419, 7156026349143, vstest.console.dll, MulticastDelegateUtilities.SafeInvoke: TestRun.LogMessages: Invoking callback 1/1 for Microsoft.VisualStudio.TestPlatform.CommandLine.TestRunResultAggregator., took 0 ms.
TpTrace Information: 0 : 24164, 14, 2023/12/25, 15:01:53.419, 7156026349552, vstest.console.dll, TestRunRequest:SendTestRunMessage: Completed.
TpTrace Verbose: 0 : 24164, 4, 2023/12/25, 15:01:53.419, 7156026349549, vstest.console.dll, MulticastDelegateUtilities.SafeInvoke: InternalTestLoggerEvents.SendTestRunMessage: Invoking callback 1/1 for Microsoft.VisualStudio.TestPlatform.CommandLine.Internal.ConsoleLogger., took 0 ms.
TpTrace Verbose: 0 : 24164, 14, 2023/12/25, 15:01:53.419, 7156026349972, vstest.console.dll, MulticastDelegateUtilities.SafeInvoke: LengthPrefixCommunicationChannel: MessageReceived: Invoking callback 1/1 for Microsoft.VisualStudio.TestPlatform.CommunicationUtilities.TestRequestSender+<>c__DisplayClass34_0., took 0 ms.
TpTrace Verbose: 0 : 24164, 14, 2023/12/25, 15:01:53.419, 7156026351579, vstest.console.dll, TcpClientExtensions.MessageLoopAsync: Polling on remoteEndPoint: 127.0.0.1:53657 localEndPoint: 127.0.0.1:53656
TpTrace Verbose: 0 : 24164, 14, 2023/12/25, 15:01:53.992, 7156032078322, vstest.console.dll, TcpClientExtensions.MessageLoopAsync: NotifyDataAvailable remoteEndPoint: 127.0.0.1:53657 localEndPoint: 127.0.0.1:53656
TpTrace Verbose: 0 : 24164, 14, 2023/12/25, 15:01:53.992, 7156032081663, vstest.console.dll, TestRequestSender.OnExecutionMessageReceived: Received message: {"Version":7,"MessageType":"TestExecution.StatsChange","Payload":{"NewTestResults":[{"TestCase":{"Id":"805b2d9e-ed58-343f-d5de-ce086c69eef9","FullyQualifiedName":"TestProject2.BLLTest.AccountBLLTest.AccountBLL_chinhSuaRow","DisplayName":"AccountBLL_chinhSuaRow","ExecutorUri":"executor://NUnit3TestExecutor","Source":"D:\\HK3\\LTTQ\\winform code\\testing\\QuanLyQuanCafe\\TestProject2\\bin\\Debug\\net472\\fine-code-coverage\\build-output\\TestProject2.dll","CodeFilePath":null,"LineNumber":0,"Properties":[]},"Attachments":[],"Outcome":1,"ErrorMessage":null,"ErrorStackTrace":null,"DisplayName":"AccountBLL_chinhSuaRow","Messages":[],"ComputerName":"LAPTOP-V8PS969S","Duration":"00:00:00.3910000","StartTime":"2023-12-25T08:01:53+00:00","EndTime":"2023-12-25T08:01:53+00:00","Properties":[]},{"TestCase":{"Id":"7684e621-1ad8-1cde-333c-ffa3080847b5","FullyQualifiedName":"TestProject2.BLLTest.AccountBLLTest.AccountBLL_DoiPassword","DisplayName":"AccountBLL_DoiPassword","ExecutorUri":"executor://NUnit3TestExecutor","Source":"D:\\HK3\\LTTQ\\winform code\\testing\\QuanLyQuanCafe\\TestProject2\\bin\\Debug\\net472\\fine-code-coverage\\build-output\\TestProject2.dll","CodeFilePath":null,"LineNumber":0,"Properties":[]},"Attachments":[],"Outcome":1,"ErrorMessage":null,"ErrorStackTrace":null,"DisplayName":"AccountBLL_DoiPassword","Messages":[],"ComputerName":"LAPTOP-V8PS969S","Duration":"00:00:00.0180000","StartTime":"2023-12-25T08:01:53+00:00","EndTime":"2023-12-25T08:01:53+00:00","Properties":[]},{"TestCase":{"Id":"b7135576-d47e-aece-5b0c-430e4ea4d549","FullyQualifiedName":"TestProject2.BLLTest.AccountBLLTest.AccountBLL_hienThiDanhSachTaiKhoan","DisplayName":"AccountBLL_hienThiDanhSachTaiKhoan","ExecutorUri":"executor://NUnit3TestExecutor","Source":"D:\\HK3\\LTTQ\\winform code\\testing\\QuanLyQuanCafe\\TestProject2\\bin\\Debug\\net472\\fine-code-coverage\\build-output\\TestProject2.dll","CodeFilePath":null,"LineNumber":0,"Properties":[]},"Attachments":[],"Outcome":1,"ErrorMessage":null,"ErrorStackTrace":null,"DisplayName":"AccountBLL_hienThiDanhSachTaiKhoan","Messages":[],"ComputerName":"LAPTOP-V8PS969S","Duration":"00:00:00.0400000","StartTime":"2023-12-25T08:01:53+00:00","EndTime":"2023-12-25T08:01:53+00:00","Properties":[]},{"TestCase":{"Id":"34713db4-4b70-31a3-1b93-c0221494cbc5","FullyQualifiedName":"TestProject2.BLLTest.AccountBLLTest.AccountBLL_ktCurPass","DisplayName":"AccountBLL_ktCurPass","ExecutorUri":"executor://NUnit3TestExecutor","Source":"D:\\HK3\\LTTQ\\winform code\\testing\\QuanLyQuanCafe\\TestProject2\\bin\\Debug\\net472\\fine-code-coverage\\build-output\\TestProject2.dll","CodeFilePath":null,"LineNumber":0,"Properties":[]},"Attachments":[],"Outcome":1,"ErrorMessage":null,"ErrorStackTrace":null,"DisplayName":"AccountBLL_ktCurPass","Messages":[],"ComputerName":"LAPTOP-V8PS969S","Duration":"00:00:00.0010000","StartTime":"2023-12-25T08:01:53+00:00","EndTime":"2023-12-25T08:01:53+00:00","Properties":[]},{"TestCase":{"Id":"5dc27cb8-f96e-bc67-cde3-e7d704c3b335","FullyQualifiedName":"TestProject2.BLLTest.AccountBLLTest.AccountBLL_Login(\"trinhxinhdep\",\"123456\",True)","DisplayName":"AccountBLL_Login(\"trinhxinhdep\",\"123456\",True)","ExecutorUri":"executor://NUnit3TestExecutor","Source":"D:\\HK3\\LTTQ\\winform code\\testing\\QuanLyQuanCafe\\TestProject2\\bin\\Debug\\net472\\fine-code-coverage\\build-output\\TestProject2.dll","CodeFilePath":null,"LineNumber":0,"Properties":[]},"Attachments":[],"Outcome":1,"ErrorMessage":null,"ErrorStackTrace":null,"DisplayName":"AccountBLL_Login(\"trinhxinhdep\",\"123456\",True)","Messages":[],"ComputerName":"LAPTOP-V8PS969S","Duration":"00:00:00.0040000","StartTime":"2023-12-25T08:01:53+00:00","EndTime":"2023-12-25T08:01:53+00:00","Properties":[]},{"TestCase":{"Id":"da135f68-d353-44a0-f169-12cb40a5db54","FullyQualifiedName":"TestProject2.BLLTest.AccountBLLTest.AccountBLL_themRow","DisplayName":"AccountBLL_themRow","ExecutorUri":"executor://NUnit3TestExecutor","Source":"D:\\HK3\\LTTQ\\winform code\\testing\\QuanLyQuanCafe\\TestProject2\\bin\\Debug\\net472\\fine-code-coverage\\build-output\\TestProject2.dll","CodeFilePath":null,"LineNumber":0,"Properties":[]},"Attachments":[],"Outcome":1,"ErrorMessage":null,"ErrorStackTrace":null,"DisplayName":"AccountBLL_themRow","Messages":[],"ComputerName":"LAPTOP-V8PS969S","Duration":"00:00:00.0020000","StartTime":"2023-12-25T08:01:53+00:00","EndTime":"2023-12-25T08:01:53+00:00","Properties":[]},{"TestCase":{"Id":"75ea1755-6a53-3c5c-e5d6-b4246af4ad24","FullyQualifiedName":"TestProject2.BLLTest.AccountBLLTest.AccountBLL_TimKiemTaiKhoan","DisplayName":"AccountBLL_TimKiemTaiKhoan","ExecutorUri":"executor://NUnit3TestExecutor","Source":"D:\\HK3\\LTTQ\\winform code\\testing\\QuanLyQuanCafe\\TestProject2\\bin\\Debug\\net472\\fine-code-coverage\\build-output\\TestProject2.dll","CodeFilePath":null,"LineNumber":0,"Properties":[]},"Attachments":[],"Outcome":1,"ErrorMessage":null,"ErrorStackTrace":null,"DisplayName":"AccountBLL_TimKiemTaiKhoan","Messages":[],"ComputerName":"LAPTOP-V8PS969S","Duration":"00:00:00.0010000","StartTime":"2023-12-25T08:01:53+00:00","EndTime":"2023-12-25T08:01:53+00:00","Properties":[]},{"TestCase":{"Id":"afafa68a-f22a-6491-fd0e-3ba01a9f3d9f","FullyQualifiedName":"TestProject2.BLLTest.AccountBLLTest.AccountBLL_xoaRow","DisplayName":"AccountBLL_xoaRow","ExecutorUri":"executor://NUnit3TestExecutor","Source":"D:\\HK3\\LTTQ\\winform code\\testing\\QuanLyQuanCafe\\TestProject2\\bin\\Debug\\net472\\fine-code-coverage\\build-output\\TestProject2.dll","CodeFilePath":null,"LineNumber":0,"Properties":[]},"Attachments":[],"Outcome":1,"ErrorMessage":null,"ErrorStackTrace":null,"DisplayName":"AccountBLL_xoaRow","Messages":[],"ComputerName":"LAPTOP-V8PS969S","Duration":"00:00:00.0010000","StartTime":"2023-12-25T08:01:53+00:00","EndTime":"2023-12-25T08:01:53+00:00","Properties":[]},{"TestCase":{"Id":"fb920d65-4fa7-9c4d-8eb6-b2176bc61e01","FullyQualifiedName":"TestProject2.BLLTest.AccountBLLTest.AccountBLL_xuLyChinhSuaAccount(1,\"\",\"\",False)","DisplayName":"AccountBLL_xuLyChinhSuaAccount(1,\"\",\"\",False)","ExecutorUri":"executor://NUnit3TestExecutor","Source":"D:\\HK3\\LTTQ\\winform code\\testing\\QuanLyQuanCafe\\TestProject2\\bin\\Debug\\net472\\fine-code-coverage\\build-output\\TestProject2.dll","CodeFilePath":null,"LineNumber":0,"Properties":[]},"Attachments":[],"Outcome":1,"ErrorMessage":null,"ErrorStackTrace":null,"DisplayName":"AccountBLL_xuLyChinhSuaAccount(1,\"\",\"\",False)","Messages":[],"ComputerName":"LAPTOP-V8PS969S","Duration":"00:00:00.0010000","StartTime":"2023-12-25T08:01:53+00:00","EndTime":"2023-12-25T08:01:53+00:00","Properties":[]}],"TestRunStatistics":{"ExecutedTests":9,"Stats":{"Passed":9}},"ActiveTests":[{"Id":"9d323c54-0db0-23dd-83db-27d0193bf22f","FullyQualifiedName":"TestProject2.BLLTest.AccountBLLTest.AccountBLL_xuLyChinhSuaAccount(1,\"hu\",\"\",False)","DisplayName":"AccountBLL_xuLyChinhSuaAccount(1,\"hu\",\"\",False)","ExecutorUri":"executor://NUnit3TestExecutor","Source":"D:\\HK3\\LTTQ\\winform code\\testing\\QuanLyQuanCafe\\TestProject2\\bin\\Debug\\net472\\fine-code-coverage\\build-output\\TestProject2.dll","CodeFilePath":null,"LineNumber":0,"Properties":[]}]}}
TpTrace Verbose: 0 : 24164, 14, 2023/12/25, 15:01:54.019, 7156032348187, vstest.console.dll, TestRunRequest:SendTestRunStatsChange: Starting.
TpTrace Verbose: 0 : 24164, 14, 2023/12/25, 15:01:54.019, 7156032350505, vstest.console.dll, InProgress is AccountBLL_xuLyChinhSuaAccount(1,"hu","",False)
TpTrace Verbose: 0 : 24164, 14, 2023/12/25, 15:01:54.019, 7156032353342, vstest.console.dll, MulticastDelegateUtilities.SafeInvoke: TestRun.RunStatsChanged: Invoking callbacks was skipped because there are no subscribers.
TpTrace Information: 0 : 24164, 14, 2023/12/25, 15:01:54.019, 7156032353981, vstest.console.dll, TestRunRequest:SendTestRunStatsChange: Completed.
TpTrace Verbose: 0 : 24164, 14, 2023/12/25, 15:01:54.019, 7156032354610, vstest.console.dll, MulticastDelegateUtilities.SafeInvoke: LengthPrefixCommunicationChannel: MessageReceived: Invoking callback 1/1 for Microsoft.VisualStudio.TestPlatform.CommunicationUtilities.TestRequestSender+<>c__DisplayClass34_0., took 27 ms.
TpTrace Verbose: 0 : 24164, 14, 2023/12/25, 15:01:54.019, 7156032355139, vstest.console.dll, TcpClientExtensions.MessageLoopAsync: Polling on remoteEndPoint: 127.0.0.1:53657 localEndPoint: 127.0.0.1:53656
TpTrace Verbose: 0 : 24164, 4, 2023/12/25, 15:01:54.025, 7156032410778, vstest.console.dll, MulticastDelegateUtilities.SafeInvoke: InternalTestLoggerEvents.SendTestResult: Invoking callback 1/1 for Microsoft.VisualStudio.TestPlatform.CommandLine.Internal.ConsoleLogger., took 5 ms.
TpTrace Verbose: 0 : 24164, 4, 2023/12/25, 15:01:54.026, 7156032417759, vstest.console.dll, MulticastDelegateUtilities.SafeInvoke: InternalTestLoggerEvents.SendTestResult: Invoking callback 1/1 for Microsoft.VisualStudio.TestPlatform.CommandLine.Internal.ConsoleLogger., took 0 ms.
TpTrace Verbose: 0 : 24164, 4, 2023/12/25, 15:01:54.026, 7156032419454, vstest.console.dll, MulticastDelegateUtilities.SafeInvoke: InternalTestLoggerEvents.SendTestResult: Invoking callback 1/1 for Microsoft.VisualStudio.TestPlatform.CommandLine.Internal.ConsoleLogger., took 0 ms.
TpTrace Verbose: 0 : 24164, 4, 2023/12/25, 15:01:54.026, 7156032420086, vstest.console.dll, MulticastDelegateUtilities.SafeInvoke: InternalTestLoggerEvents.SendTestResult: Invoking callback 1/1 for Microsoft.VisualStudio.TestPlatform.CommandLine.Internal.ConsoleLogger., took 0 ms.
TpTrace Verbose: 0 : 24164, 4, 2023/12/25, 15:01:54.026, 7156032420780, vstest.console.dll, MulticastDelegateUtilities.SafeInvoke: InternalTestLoggerEvents.SendTestResult: Invoking callback 1/1 for Microsoft.VisualStudio.TestPlatform.CommandLine.Internal.ConsoleLogger., took 0 ms.
TpTrace Verbose: 0 : 24164, 4, 2023/12/25, 15:01:54.026, 7156032421397, vstest.console.dll, MulticastDelegateUtilities.SafeInvoke: InternalTestLoggerEvents.SendTestResult: Invoking callback 1/1 for Microsoft.VisualStudio.TestPlatform.CommandLine.Internal.ConsoleLogger., took 0 ms.
TpTrace Verbose: 0 : 24164, 4, 2023/12/25, 15:01:54.026, 7156032421914, vstest.console.dll, MulticastDelegateUtilities.SafeInvoke: InternalTestLoggerEvents.SendTestResult: Invoking callback 1/1 for Microsoft.VisualStudio.TestPlatform.CommandLine.Internal.ConsoleLogger., took 0 ms.
TpTrace Verbose: 0 : 24164, 4, 2023/12/25, 15:01:54.026, 7156032422393, vstest.console.dll, MulticastDelegateUtilities.SafeInvoke: InternalTestLoggerEvents.SendTestResult: Invoking callback 1/1 for Microsoft.VisualStudio.TestPlatform.CommandLine.Internal.ConsoleLogger., took 0 ms.
TpTrace Verbose: 0 : 24164, 4, 2023/12/25, 15:01:54.026, 7156032422867, vstest.console.dll, MulticastDelegateUtilities.SafeInvoke: InternalTestLoggerEvents.SendTestResult: Invoking callback 1/1 for Microsoft.VisualStudio.TestPlatform.CommandLine.Internal.ConsoleLogger., took 0 ms.
TpTrace Verbose: 0 : 24164, 14, 2023/12/25, 15:01:54.042, 7156032580899, vstest.console.dll, TcpClientExtensions.MessageLoopAsync: NotifyDataAvailable remoteEndPoint: 127.0.0.1:53657 localEndPoint: 127.0.0.1:53656
TpTrace Verbose: 0 : 24164, 14, 2023/12/25, 15:01:54.042, 7156032583717, vstest.console.dll, TestRequestSender.OnExecutionMessageReceived: Received message: {"Version":7,"MessageType":"TestExecution.StatsChange","Payload":{"NewTestResults":[{"TestCase":{"Id":"9d323c54-0db0-23dd-83db-27d0193bf22f","FullyQualifiedName":"TestProject2.BLLTest.AccountBLLTest.AccountBLL_xuLyChinhSuaAccount(1,\"hu\",\"\",False)","DisplayName":"AccountBLL_xuLyChinhSuaAccount(1,\"hu\",\"\",False)","ExecutorUri":"executor://NUnit3TestExecutor","Source":"D:\\HK3\\LTTQ\\winform code\\testing\\QuanLyQuanCafe\\TestProject2\\bin\\Debug\\net472\\fine-code-coverage\\build-output\\TestProject2.dll","CodeFilePath":null,"LineNumber":0,"Properties":[]},"Attachments":[],"Outcome":1,"ErrorMessage":null,"ErrorStackTrace":null,"DisplayName":"AccountBLL_xuLyChinhSuaAccount(1,\"hu\",\"\",False)","Messages":[],"ComputerName":"LAPTOP-V8PS969S","Duration":"00:00:00.0010000","StartTime":"2023-12-25T08:01:53+00:00","EndTime":"2023-12-25T08:01:53+00:00","Properties":[]},{"TestCase":{"Id":"8ffc80eb-eccf-66d9-0d58-9a858e0bf559","FullyQualifiedName":"TestProject2.BLLTest.AccountBLLTest.AccountBLL_xuLyChinhSuaAccount(1,\"\",\"hu\",False)","DisplayName":"AccountBLL_xuLyChinhSuaAccount(1,\"\",\"hu\",False)","ExecutorUri":"executor://NUnit3TestExecutor","Source":"D:\\HK3\\LTTQ\\winform code\\testing\\QuanLyQuanCafe\\TestProject2\\bin\\Debug\\net472\\fine-code-coverage\\build-output\\TestProject2.dll","CodeFilePath":null,"LineNumber":0,"Properties":[]},"Attachments":[],"Outcome":1,"ErrorMessage":null,"ErrorStackTrace":null,"DisplayName":"AccountBLL_xuLyChinhSuaAccount(1,\"\",\"hu\",False)","Messages":[],"ComputerName":"LAPTOP-V8PS969S","Duration":"00:00:00.0000001","StartTime":"2023-12-25T08:01:53+00:00","EndTime":"2023-12-25T08:01:53+00:00","Properties":[]},{"TestCase":{"Id":"485f2358-8108-748f-8c1a-d7c965ef497f","FullyQualifiedName":"TestProject2.BLLTest.AccountBLLTest.AccountBLL_xuLyChinhSuaAccount(1,\"hu\",\"hu\",True)","DisplayName":"AccountBLL_xuLyChinhSuaAccount(1,\"hu\",\"hu\",True)","ExecutorUri":"executor://NUnit3TestExecutor","Source":"D:\\HK3\\LTTQ\\winform code\\testing\\QuanLyQuanCafe\\TestProject2\\bin\\Debug\\net472\\fine-code-coverage\\build-output\\TestProject2.dll","CodeFilePath":null,"LineNumber":0,"Properties":[]},"Attachments":[],"Outcome":1,"ErrorMessage":null,"ErrorStackTrace":null,"DisplayName":"AccountBLL_xuLyChinhSuaAccount(1,\"hu\",\"hu\",True)","Messages":[],"ComputerName":"LAPTOP-V8PS969S","Duration":"00:00:00.0000001","StartTime":"2023-12-25T08:01:53+00:00","EndTime":"2023-12-25T08:01:53+00:00","Properties":[]},{"TestCase":{"Id":"bd04e617-e5af-ace0-a09e-5d6101b54feb","FullyQualifiedName":"TestProject2.BLLTest.AccountBLLTest.AccountBLL_xuLyChinhSuaAccount(1,\"thuytrinh\",\"Trinh Nguyen\",False)","DisplayName":"AccountBLL_xuLyChinhSuaAccount(1,\"thuytrinh\",\"Trinh Nguyen\",False)","ExecutorUri":"executor://NUnit3TestExecutor","Source":"D:\\HK3\\LTTQ\\winform code\\testing\\QuanLyQuanCafe\\TestProject2\\bin\\Debug\\net472\\fine-code-coverage\\build-output\\TestProject2.dll","CodeFilePath":null,"LineNumber":0,"Properties":[]},"Attachments":[],"Outcome":1,"ErrorMessage":null,"ErrorStackTrace":null,"DisplayName":"AccountBLL_xuLyChinhSuaAccount(1,\"thuytrinh\",\"Trinh Nguyen\",False)","Messages":[],"ComputerName":"LAPTOP-V8PS969S","Duration":"00:00:00.0000001","StartTime":"2023-12-25T08:01:53+00:00","EndTime":"2023-12-25T08:01:53+00:00","Properties":[]},{"TestCase":{"Id":"90ec2103-b38a-ae9f-0f20-4606bcd9e1ce","FullyQualifiedName":"TestProject2.BLLTest.AccountBLLTest.AccountBLL_xuLyLogin(\"\",\"\",False)","DisplayName":"AccountBLL_xuLyLogin(\"\",\"\",False)","ExecutorUri":"executor://NUnit3TestExecutor","Source":"D:\\HK3\\LTTQ\\winform code\\testing\\QuanLyQuanCafe\\TestProject2\\bin\\Debug\\net472\\fine-code-coverage\\build-output\\TestProject2.dll","CodeFilePath":null,"LineNumber":0,"Properties":[]},"Attachments":[],"Outcome":1,"ErrorMessage":null,"ErrorStackTrace":null,"DisplayName":"AccountBLL_xuLyLogin(\"\",\"\",False)","Messages":[],"ComputerName":"LAPTOP-V8PS969S","Duration":"00:00:00.0000001","StartTime":"2023-12-25T08:01:53+00:00","EndTime":"2023-12-25T08:01:53+00:00","Properties":[]},{"TestCase":{"Id":"0cec9db1-3e1a-fc31-5e52-5106750a31cb","FullyQualifiedName":"TestProject2.BLLTest.AccountBLLTest.AccountBLL_xuLyLogin(\"h\",\"\",False)","DisplayName":"AccountBLL_xuLyLogin(\"h\",\"\",False)","ExecutorUri":"executor://NUnit3TestExecutor","Source":"D:\\HK3\\LTTQ\\winform code\\testing\\QuanLyQuanCafe\\TestProject2\\bin\\Debug\\net472\\fine-code-coverage\\build-output\\TestProject2.dll","CodeFilePath":null,"LineNumber":0,"Properties":[]},"Attachments":[],"Outcome":1,"ErrorMessage":null,"ErrorStackTrace":null,"DisplayName":"AccountBLL_xuLyLogin(\"h\",\"\",False)","Messages":[],"ComputerName":"LAPTOP-V8PS969S","Duration":"00:00:00.0000001","StartTime":"2023-12-25T08:01:53+00:00","EndTime":"2023-12-25T08:01:53+00:00","Properties":[]},{"TestCase":{"Id":"a5f10e6c-0119-cf36-3af4-c32383cfab6e","FullyQualifiedName":"TestProject2.BLLTest.AccountBLLTest.AccountBLL_xuLyLogin(\"\",\"k\",False)","DisplayName":"AccountBLL_xuLyLogin(\"\",\"k\",False)","ExecutorUri":"executor://NUnit3TestExecutor","Source":"D:\\HK3\\LTTQ\\winform code\\testing\\QuanLyQuanCafe\\TestProject2\\bin\\Debug\\net472\\fine-code-coverage\\build-output\\TestProject2.dll","CodeFilePath":null,"LineNumber":0,"Properties":[]},"Attachments":[],"Outcome":1,"ErrorMessage":null,"ErrorStackTrace":null,"DisplayName":"AccountBLL_xuLyLogin(\"\",\"k\",False)","Messages":[],"ComputerName":"LAPTOP-V8PS969S","Duration":"00:00:00.0000001","StartTime":"2023-12-25T08:01:53+00:00","EndTime":"2023-12-25T08:01:53+00:00","Properties":[]},{"TestCase":{"Id":"efd2739a-5a16-1538-76f5-8469e8bbac2f","FullyQualifiedName":"TestProject2.BLLTest.AccountBLLTest.AccountBLL_xuLyLogin(\"trinhxinhdep\",\"123456\",True)","DisplayName":"AccountBLL_xuLyLogin(\"trinhxinhdep\",\"123456\",True)","ExecutorUri":"executor://NUnit3TestExecutor","Source":"D:\\HK3\\LTTQ\\winform code\\testing\\QuanLyQuanCafe\\TestProject2\\bin\\Debug\\net472\\fine-code-coverage\\build-output\\TestProject2.dll","CodeFilePath":null,"LineNumber":0,"Properties":[]},"Attachments":[],"Outcome":1,"ErrorMessage":null,"ErrorStackTrace":null,"DisplayName":"AccountBLL_xuLyLogin(\"trinhxinhdep\",\"123456\",True)","Messages":[],"ComputerName":"LAPTOP-V8PS969S","Duration":"00:00:00.0000001","StartTime":"2023-12-25T08:01:53+00:00","EndTime":"2023-12-25T08:01:53+00:00","Properties":[]},{"TestCase":{"Id":"76ec10d7-c444-1aeb-2a1d-25c3f206c7ea","FullyQualifiedName":"TestProject2.BLLTest.AccountBLLTest.AccountBLL_xuLyLogin(\"Nhp tn ng nhp...\",\"123456\",False)","DisplayName":"AccountBLL_xuLyLogin(\"Nhp tn ng nhp...\",\"123456\",False)","ExecutorUri":"executor://NUnit3TestExecutor","Source":"D:\\HK3\\LTTQ\\winform code\\testing\\QuanLyQuanCafe\\TestProject2\\bin\\Debug\\net472\\fine-code-coverage\\build-output\\TestProject2.dll","CodeFilePath":null,"LineNumber":0,"Properties":[]},"Attachments":[],"Outcome":1,"ErrorMessage":null,"ErrorStackTrace":null,"DisplayName":"AccountBLL_xuLyLogin(\"Nhp tn ng nhp...\",\"123456\",False)","Messages":[],"ComputerName":"LAPTOP-V8PS969S","Duration":"00:00:00.0000001","StartTime":"2023-12-25T08:01:53+00:00","EndTime":"2023-12-25T08:01:53+00:00","Properties":[]}],"TestRunStatistics":{"ExecutedTests":18,"Stats":{"Passed":18}},"ActiveTests":[{"Id":"9bedb02e-9b1e-c935-00d7-83fb62c07f3f","FullyQualifiedName":"TestProject2.BLLTest.AccountBLLTest.AccountBLL_xuLyLogin(\"trinhxinhdep\",\"Nhp mt khu...\",False)","DisplayName":"AccountBLL_xuLyLogin(\"trinhxinhdep\",\"Nhp mt khu...\",False)","ExecutorUri":"executor://NUnit3TestExecutor","Source":"D:\\HK3\\LTTQ\\winform code\\testing\\QuanLyQuanCafe\\TestProject2\\bin\\Debug\\net472\\fine-code-coverage\\build-output\\TestProject2.dll","CodeFilePath":null,"LineNumber":0,"Properties":[]}]}}
TpTrace Verbose: 0 : 24164, 14, 2023/12/25, 15:01:54.044, 7156032598578, vstest.console.dll, TestRunRequest:SendTestRunStatsChange: Starting.
TpTrace Verbose: 0 : 24164, 14, 2023/12/25, 15:01:54.044, 7156032599444, vstest.console.dll, InProgress is AccountBLL_xuLyLogin("trinhxinhdep","Nhp mt khu...",False)
TpTrace Verbose: 0 : 24164, 14, 2023/12/25, 15:01:54.044, 7156032600046, vstest.console.dll, MulticastDelegateUtilities.SafeInvoke: TestRun.RunStatsChanged: Invoking callbacks was skipped because there are no subscribers.
TpTrace Information: 0 : 24164, 14, 2023/12/25, 15:01:54.044, 7156032600338, vstest.console.dll, TestRunRequest:SendTestRunStatsChange: Completed.
TpTrace Verbose: 0 : 24164, 14, 2023/12/25, 15:01:54.044, 7156032600607, vstest.console.dll, MulticastDelegateUtilities.SafeInvoke: LengthPrefixCommunicationChannel: MessageReceived: Invoking callback 1/1 for Microsoft.VisualStudio.TestPlatform.CommunicationUtilities.TestRequestSender+<>c__DisplayClass34_0., took 1 ms.
TpTrace Verbose: 0 : 24164, 14, 2023/12/25, 15:01:54.044, 7156032600943, vstest.console.dll, TcpClientExtensions.MessageLoopAsync: Polling on remoteEndPoint: 127.0.0.1:53657 localEndPoint: 127.0.0.1:53656
TpTrace Verbose: 0 : 24164, 4, 2023/12/25, 15:01:54.044, 7156032601097, vstest.console.dll, MulticastDelegateUtilities.SafeInvoke: InternalTestLoggerEvents.SendTestResult: Invoking callback 1/1 for Microsoft.VisualStudio.TestPlatform.CommandLine.Internal.ConsoleLogger., took 0 ms.
TpTrace Verbose: 0 : 24164, 4, 2023/12/25, 15:01:54.044, 7156032602248, vstest.console.dll, MulticastDelegateUtilities.SafeInvoke: InternalTestLoggerEvents.SendTestResult: Invoking callback 1/1 for Microsoft.VisualStudio.TestPlatform.CommandLine.Internal.ConsoleLogger., took 0 ms.
TpTrace Verbose: 0 : 24164, 4, 2023/12/25, 15:01:54.044, 7156032602926, vstest.console.dll, MulticastDelegateUtilities.SafeInvoke: InternalTestLoggerEvents.SendTestResult: Invoking callback 1/1 for Microsoft.VisualStudio.TestPlatform.CommandLine.Internal.ConsoleLogger., took 0 ms.
TpTrace Verbose: 0 : 24164, 4, 2023/12/25, 15:01:54.044, 7156032604109, vstest.console.dll, MulticastDelegateUtilities.SafeInvoke: InternalTestLoggerEvents.SendTestResult: Invoking callback 1/1 for Microsoft.VisualStudio.TestPlatform.CommandLine.Internal.ConsoleLogger., took 0 ms.
TpTrace Verbose: 0 : 24164, 4, 2023/12/25, 15:01:54.044, 7156032604529, vstest.console.dll, MulticastDelegateUtilities.SafeInvoke: InternalTestLoggerEvents.SendTestResult: Invoking callback 1/1 for Microsoft.VisualStudio.TestPlatform.CommandLine.Internal.ConsoleLogger., took 0 ms.
TpTrace Verbose: 0 : 24164, 4, 2023/12/25, 15:01:54.044, 7156032604993, vstest.console.dll, MulticastDelegateUtilities.SafeInvoke: InternalTestLoggerEvents.SendTestResult: Invoking callback 1/1 for Microsoft.VisualStudio.TestPlatform.CommandLine.Internal.ConsoleLogger., took 0 ms.
TpTrace Verbose: 0 : 24164, 4, 2023/12/25, 15:01:54.044, 7156032605374, vstest.console.dll, MulticastDelegateUtilities.SafeInvoke: InternalTestLoggerEvents.SendTestResult: Invoking callback 1/1 for Microsoft.VisualStudio.TestPlatform.CommandLine.Internal.ConsoleLogger., took 0 ms.
TpTrace Verbose: 0 : 24164, 4, 2023/12/25, 15:01:54.044, 7156032605737, vstest.console.dll, MulticastDelegateUtilities.SafeInvoke: InternalTestLoggerEvents.SendTestResult: Invoking callback 1/1 for Microsoft.VisualStudio.TestPlatform.CommandLine.Internal.ConsoleLogger., took 0 ms.
TpTrace Verbose: 0 : 24164, 4, 2023/12/25, 15:01:54.044, 7156032606073, vstest.console.dll, MulticastDelegateUtilities.SafeInvoke: InternalTestLoggerEvents.SendTestResult: Invoking callback 1/1 for Microsoft.VisualStudio.TestPlatform.CommandLine.Internal.ConsoleLogger., took 0 ms.
TpTrace Verbose: 0 : 24164, 14, 2023/12/25, 15:01:54.085, 7156033012660, vstest.console.dll, TcpClientExtensions.MessageLoopAsync: NotifyDataAvailable remoteEndPoint: 127.0.0.1:53657 localEndPoint: 127.0.0.1:53656
TpTrace Verbose: 0 : 24164, 14, 2023/12/25, 15:01:54.085, 7156033015810, vstest.console.dll, TestRequestSender.OnExecutionMessageReceived: Received message: {"Version":7,"MessageType":"TestExecution.StatsChange","Payload":{"NewTestResults":[{"TestCase":{"Id":"9bedb02e-9b1e-c935-00d7-83fb62c07f3f","FullyQualifiedName":"TestProject2.BLLTest.AccountBLLTest.AccountBLL_xuLyLogin(\"trinhxinhdep\",\"Nhp mt khu...\",False)","DisplayName":"AccountBLL_xuLyLogin(\"trinhxinhdep\",\"Nhp mt khu...\",False)","ExecutorUri":"executor://NUnit3TestExecutor","Source":"D:\\HK3\\LTTQ\\winform code\\testing\\QuanLyQuanCafe\\TestProject2\\bin\\Debug\\net472\\fine-code-coverage\\build-output\\TestProject2.dll","CodeFilePath":null,"LineNumber":0,"Properties":[]},"Attachments":[],"Outcome":1,"ErrorMessage":null,"ErrorStackTrace":null,"DisplayName":"AccountBLL_xuLyLogin(\"trinhxinhdep\",\"Nhp mt khu...\",False)","Messages":[],"ComputerName":"LAPTOP-V8PS969S","Duration":"00:00:00.0000001","StartTime":"2023-12-25T08:01:53+00:00","EndTime":"2023-12-25T08:01:53+00:00","Properties":[]},{"TestCase":{"Id":"e7d394d8-fbf0-c057-4914-71a4974e59fa","FullyQualifiedName":"TestProject2.BLLTest.AccountBLLTest.AccountBLL_xuLyThemAccount(\"\",\"\",False)","DisplayName":"AccountBLL_xuLyThemAccount(\"\",\"\",False)","ExecutorUri":"executor://NUnit3TestExecutor","Source":"D:\\HK3\\LTTQ\\winform code\\testing\\QuanLyQuanCafe\\TestProject2\\bin\\Debug\\net472\\fine-code-coverage\\build-output\\TestProject2.dll","CodeFilePath":null,"LineNumber":0,"Properties":[]},"Attachments":[],"Outcome":1,"ErrorMessage":null,"ErrorStackTrace":null,"DisplayName":"AccountBLL_xuLyThemAccount(\"\",\"\",False)","Messages":[],"ComputerName":"LAPTOP-V8PS969S","Duration":"00:00:00.0010000","StartTime":"2023-12-25T08:01:53+00:00","EndTime":"2023-12-25T08:01:53+00:00","Properties":[]},{"TestCase":{"Id":"7d67b1a4-5628-4953-b448-cf5e624e54e6","FullyQualifiedName":"TestProject2.BLLTest.AccountBLLTest.AccountBLL_xuLyThemAccount(\"hu\",\"\",False)","DisplayName":"AccountBLL_xuLyThemAccount(\"hu\",\"\",False)","ExecutorUri":"executor://NUnit3TestExecutor","Source":"D:\\HK3\\LTTQ\\winform code\\testing\\QuanLyQuanCafe\\TestProject2\\bin\\Debug\\net472\\fine-code-coverage\\build-output\\TestProject2.dll","CodeFilePath":null,"LineNumber":0,"Properties":[]},"Attachments":[],"Outcome":1,"ErrorMessage":null,"ErrorStackTrace":null,"DisplayName":"AccountBLL_xuLyThemAccount(\"hu\",\"\",False)","Messages":[],"ComputerName":"LAPTOP-V8PS969S","Duration":"00:00:00.0000001","StartTime":"2023-12-25T08:01:53+00:00","EndTime":"2023-12-25T08:01:53+00:00","Properties":[]},{"TestCase":{"Id":"abc62f63-c748-c623-9ccc-1ec1712aba26","FullyQualifiedName":"TestProject2.BLLTest.AccountBLLTest.AccountBLL_xuLyThemAccount(\"\",\"hu\",False)","DisplayName":"AccountBLL_xuLyThemAccount(\"\",\"hu\",False)","ExecutorUri":"executor://NUnit3TestExecutor","Source":"D:\\HK3\\LTTQ\\winform code\\testing\\QuanLyQuanCafe\\TestProject2\\bin\\Debug\\net472\\fine-code-coverage\\build-output\\TestProject2.dll","CodeFilePath":null,"LineNumber":0,"Properties":[]},"Attachments":[],"Outcome":1,"ErrorMessage":null,"ErrorStackTrace":null,"DisplayName":"AccountBLL_xuLyThemAccount(\"\",\"hu\",False)","Messages":[],"ComputerName":"LAPTOP-V8PS969S","Duration":"00:00:00.0000001","StartTime":"2023-12-25T08:01:53+00:00","EndTime":"2023-12-25T08:01:53+00:00","Properties":[]},{"TestCase":{"Id":"9d73a674-52de-efef-2121-e878df0f505f","FullyQualifiedName":"TestProject2.BLLTest.AccountBLLTest.AccountBLL_xuLyThemAccount(\"hu\",\"hu\",True)","DisplayName":"AccountBLL_xuLyThemAccount(\"hu\",\"hu\",True)","ExecutorUri":"executor://NUnit3TestExecutor","Source":"D:\\HK3\\LTTQ\\winform code\\testing\\QuanLyQuanCafe\\TestProject2\\bin\\Debug\\net472\\fine-code-coverage\\build-output\\TestProject2.dll","CodeFilePath":null,"LineNumber":0,"Properties":[]},"Attachments":[],"Outcome":1,"ErrorMessage":null,"ErrorStackTrace":null,"DisplayName":"AccountBLL_xuLyThemAccount(\"hu\",\"hu\",True)","Messages":[],"ComputerName":"LAPTOP-V8PS969S","Duration":"00:00:00.0000001","StartTime":"2023-12-25T08:01:53+00:00","EndTime":"2023-12-25T08:01:53+00:00","Properties":[]},{"TestCase":{"Id":"5a7fc7c8-01a5-7ed4-700c-74afa5965588","FullyQualifiedName":"TestProject2.BLLTest.AccountBLLTest.AccountBLL_xuLyThemAccount(\"thuytrinh\",\"Trinh Nguyen\",False)","DisplayName":"AccountBLL_xuLyThemAccount(\"thuytrinh\",\"Trinh Nguyen\",False)","ExecutorUri":"executor://NUnit3TestExecutor","Source":"D:\\HK3\\LTTQ\\winform code\\testing\\QuanLyQuanCafe\\TestProject2\\bin\\Debug\\net472\\fine-code-coverage\\build-output\\TestProject2.dll","CodeFilePath":null,"LineNumber":0,"Properties":[]},"Attachments":[],"Outcome":1,"ErrorMessage":null,"ErrorStackTrace":null,"DisplayName":"AccountBLL_xuLyThemAccount(\"thuytrinh\",\"Trinh Nguyen\",False)","Messages":[],"ComputerName":"LAPTOP-V8PS969S","Duration":"00:00:00.0000001","StartTime":"2023-12-25T08:01:53+00:00","EndTime":"2023-12-25T08:01:53+00:00","Properties":[]},{"TestCase":{"Id":"cb0a837e-b74c-147b-c325-4a8a1781edb3","FullyQualifiedName":"TestProject2.BLLTest.Bill_InforBLLTest.Bill_InforBLL_capNhapSoLuong","DisplayName":"Bill_InforBLL_capNhapSoLuong","ExecutorUri":"executor://NUnit3TestExecutor","Source":"D:\\HK3\\LTTQ\\winform code\\testing\\QuanLyQuanCafe\\TestProject2\\bin\\Debug\\net472\\fine-code-coverage\\build-output\\TestProject2.dll","CodeFilePath":null,"LineNumber":0,"Properties":[]},"Attachments":[],"Outcome":1,"ErrorMessage":null,"ErrorStackTrace":null,"DisplayName":"Bill_InforBLL_capNhapSoLuong","Messages":[],"ComputerName":"LAPTOP-V8PS969S","Duration":"00:00:00.0080000","StartTime":"2023-12-25T08:01:53+00:00","EndTime":"2023-12-25T08:01:53+00:00","Properties":[]},{"TestCase":{"Id":"f27aeb98-caf2-01fa-d1f5-b939fac0f9d8","FullyQualifiedName":"TestProject2.BLLTest.Bill_InforBLLTest.Bill_InforBLL_getBill_Infor","DisplayName":"Bill_InforBLL_getBill_Infor","ExecutorUri":"executor://NUnit3TestExecutor","Source":"D:\\HK3\\LTTQ\\winform code\\testing\\QuanLyQuanCafe\\TestProject2\\bin\\Debug\\net472\\fine-code-coverage\\build-output\\TestProject2.dll","CodeFilePath":null,"LineNumber":0,"Properties":[]},"Attachments":[],"Outcome":1,"ErrorMessage":null,"ErrorStackTrace":null,"DisplayName":"Bill_InforBLL_getBill_Infor","Messages":[],"ComputerName":"LAPTOP-V8PS969S","Duration":"00:00:00.0020000","StartTime":"2023-12-25T08:01:53+00:00","EndTime":"2023-12-25T08:01:53+00:00","Properties":[]},{"TestCase":{"Id":"e0b31604-5348-3c23-3c17-a59c67b28ece","FullyQualifiedName":"TestProject2.BLLTest.Bill_InforBLLTest.Bill_InforBLL_themMonAnChoBill","DisplayName":"Bill_InforBLL_themMonAnChoBill","ExecutorUri":"executor://NUnit3TestExecutor","Source":"D:\\HK3\\LTTQ\\winform code\\testing\\QuanLyQuanCafe\\TestProject2\\bin\\Debug\\net472\\fine-code-coverage\\build-output\\TestProject2.dll","CodeFilePath":null,"LineNumber":0,"Properties":[]},"Attachments":[],"Outcome":1,"ErrorMessage":null,"ErrorStackTrace":null,"DisplayName":"Bill_InforBLL_themMonAnChoBill","Messages":[],"ComputerName":"LAPTOP-V8PS969S","Duration":"00:00:00.0040000","StartTime":"2023-12-25T08:01:53+00:00","EndTime":"2023-12-25T08:01:53+00:00","Properties":[]}],"TestRunStatistics":{"ExecutedTests":27,"Stats":{"Passed":27}},"ActiveTests":[{"Id":"a1318a58-4e2e-af9d-c988-e82133975acf","FullyQualifiedName":"TestProject2.BLLTest.BillBLLTest.BillBLL_capNhatDiscount","DisplayName":"BillBLL_capNhatDiscount","ExecutorUri":"executor://NUnit3TestExecutor","Source":"D:\\HK3\\LTTQ\\winform code\\testing\\QuanLyQuanCafe\\TestProject2\\bin\\Debug\\net472\\fine-code-coverage\\build-output\\TestProject2.dll","CodeFilePath":null,"LineNumber":0,"Properties":[]}]}}
TpTrace Verbose: 0 : 24164, 14, 2023/12/25, 15:01:54.086, 7156033022993, vstest.console.dll, TestRunRequest:SendTestRunStatsChange: Starting.
TpTrace Verbose: 0 : 24164, 14, 2023/12/25, 15:01:54.086, 7156033023545, vstest.console.dll, InProgress is BillBLL_capNhatDiscount
TpTrace Verbose: 0 : 24164, 14, 2023/12/25, 15:01:54.086, 7156033024049, vstest.console.dll, MulticastDelegateUtilities.SafeInvoke: TestRun.RunStatsChanged: Invoking callbacks was skipped because there are no subscribers.
TpTrace Information: 0 : 24164, 14, 2023/12/25, 15:01:54.086, 7156033024287, vstest.console.dll, TestRunRequest:SendTestRunStatsChange: Completed.
TpTrace Verbose: 0 : 24164, 14, 2023/12/25, 15:01:54.086, 7156033024588, vstest.console.dll, MulticastDelegateUtilities.SafeInvoke: LengthPrefixCommunicationChannel: MessageReceived: Invoking callback 1/1 for Microsoft.VisualStudio.TestPlatform.CommunicationUtilities.TestRequestSender+<>c__DisplayClass34_0., took 0 ms.
TpTrace Verbose: 0 : 24164, 14, 2023/12/25, 15:01:54.086, 7156033024906, vstest.console.dll, TcpClientExtensions.MessageLoopAsync: Polling on remoteEndPoint: 127.0.0.1:53657 localEndPoint: 127.0.0.1:53656
TpTrace Verbose: 0 : 24164, 4, 2023/12/25, 15:01:54.086, 7156033025109, vstest.console.dll, MulticastDelegateUtilities.SafeInvoke: InternalTestLoggerEvents.SendTestResult: Invoking callback 1/1 for Microsoft.VisualStudio.TestPlatform.CommandLine.Internal.ConsoleLogger., took 0 ms.
TpTrace Verbose: 0 : 24164, 4, 2023/12/25, 15:01:54.088, 7156033039954, vstest.console.dll, MulticastDelegateUtilities.SafeInvoke: InternalTestLoggerEvents.SendTestResult: Invoking callback 1/1 for Microsoft.VisualStudio.TestPlatform.CommandLine.Internal.ConsoleLogger., took 1 ms.
TpTrace Verbose: 0 : 24164, 4, 2023/12/25, 15:01:54.088, 7156033041318, vstest.console.dll, MulticastDelegateUtilities.SafeInvoke: InternalTestLoggerEvents.SendTestResult: Invoking callback 1/1 for Microsoft.VisualStudio.TestPlatform.CommandLine.Internal.ConsoleLogger., took 0 ms.
TpTrace Verbose: 0 : 24164, 4, 2023/12/25, 15:01:54.088, 7156033041677, vstest.console.dll, MulticastDelegateUtilities.SafeInvoke: InternalTestLoggerEvents.SendTestResult: Invoking callback 1/1 for Microsoft.VisualStudio.TestPlatform.CommandLine.Internal.ConsoleLogger., took 0 ms.
TpTrace Verbose: 0 : 24164, 4, 2023/12/25, 15:01:54.088, 7156033041980, vstest.console.dll, MulticastDelegateUtilities.SafeInvoke: InternalTestLoggerEvents.SendTestResult: Invoking callback 1/1 for Microsoft.VisualStudio.TestPlatform.CommandLine.Internal.ConsoleLogger., took 0 ms.
TpTrace Verbose: 0 : 24164, 4, 2023/12/25, 15:01:54.088, 7156033042289, vstest.console.dll, MulticastDelegateUtilities.SafeInvoke: InternalTestLoggerEvents.SendTestResult: Invoking callback 1/1 for Microsoft.VisualStudio.TestPlatform.CommandLine.Internal.ConsoleLogger., took 0 ms.
TpTrace Verbose: 0 : 24164, 4, 2023/12/25, 15:01:54.088, 7156033042619, vstest.console.dll, MulticastDelegateUtilities.SafeInvoke: InternalTestLoggerEvents.SendTestResult: Invoking callback 1/1 for Microsoft.VisualStudio.TestPlatform.CommandLine.Internal.ConsoleLogger., took 0 ms.
TpTrace Verbose: 0 : 24164, 4, 2023/12/25, 15:01:54.088, 7156033042918, vstest.console.dll, MulticastDelegateUtilities.SafeInvoke: InternalTestLoggerEvents.SendTestResult: Invoking callback 1/1 for Microsoft.VisualStudio.TestPlatform.CommandLine.Internal.ConsoleLogger., took 0 ms.
TpTrace Verbose: 0 : 24164, 4, 2023/12/25, 15:01:54.088, 7156033043252, vstest.console.dll, MulticastDelegateUtilities.SafeInvoke: InternalTestLoggerEvents.SendTestResult: Invoking callback 1/1 for Microsoft.VisualStudio.TestPlatform.CommandLine.Internal.ConsoleLogger., took 0 ms.
TpTrace Verbose: 0 : 24164, 14, 2023/12/25, 15:01:54.119, 7156033351332, vstest.console.dll, TcpClientExtensions.MessageLoopAsync: NotifyDataAvailable remoteEndPoint: 127.0.0.1:53657 localEndPoint: 127.0.0.1:53656
TpTrace Verbose: 0 : 24164, 14, 2023/12/25, 15:01:54.119, 7156033353764, vstest.console.dll, TestRequestSender.OnExecutionMessageReceived: Received message: {"Version":7,"MessageType":"TestExecution.StatsChange","Payload":{"NewTestResults":[{"TestCase":{"Id":"a1318a58-4e2e-af9d-c988-e82133975acf","FullyQualifiedName":"TestProject2.BLLTest.BillBLLTest.BillBLL_capNhatDiscount","DisplayName":"BillBLL_capNhatDiscount","ExecutorUri":"executor://NUnit3TestExecutor","Source":"D:\\HK3\\LTTQ\\winform code\\testing\\QuanLyQuanCafe\\TestProject2\\bin\\Debug\\net472\\fine-code-coverage\\build-output\\TestProject2.dll","CodeFilePath":null,"LineNumber":0,"Properties":[]},"Attachments":[],"Outcome":1,"ErrorMessage":null,"ErrorStackTrace":null,"DisplayName":"BillBLL_capNhatDiscount","Messages":[],"ComputerName":"LAPTOP-V8PS969S","Duration":"00:00:00.0070000","StartTime":"2023-12-25T08:01:53+00:00","EndTime":"2023-12-25T08:01:53+00:00","Properties":[]},{"TestCase":{"Id":"995db646-0e66-de1c-5829-48f2d2e29555","FullyQualifiedName":"TestProject2.BLLTest.BillBLLTest.BillBLL_ChuyenBan","DisplayName":"BillBLL_ChuyenBan","ExecutorUri":"executor://NUnit3TestExecutor","Source":"D:\\HK3\\LTTQ\\winform code\\testing\\QuanLyQuanCafe\\TestProject2\\bin\\Debug\\net472\\fine-code-coverage\\build-output\\TestProject2.dll","CodeFilePath":null,"LineNumber":0,"Properties":[]},"Attachments":[],"Outcome":1,"ErrorMessage":null,"ErrorStackTrace":null,"DisplayName":"BillBLL_ChuyenBan","Messages":[],"ComputerName":"LAPTOP-V8PS969S","Duration":"00:00:00.0020000","StartTime":"2023-12-25T08:01:53+00:00","EndTime":"2023-12-25T08:01:53+00:00","Properties":[]},{"TestCase":{"Id":"c2b2d24a-cbef-81d3-30ed-9980cf2aa83e","FullyQualifiedName":"TestProject2.BLLTest.BillBLLTest.BillBLL_getDiscount","DisplayName":"BillBLL_getDiscount","ExecutorUri":"executor://NUnit3TestExecutor","Source":"D:\\HK3\\LTTQ\\winform code\\testing\\QuanLyQuanCafe\\TestProject2\\bin\\Debug\\net472\\fine-code-coverage\\build-output\\TestProject2.dll","CodeFilePath":null,"LineNumber":0,"Properties":[]},"Attachments":[],"Outcome":1,"ErrorMessage":null,"ErrorStackTrace":null,"DisplayName":"BillBLL_getDiscount","Messages":[],"ComputerName":"LAPTOP-V8PS969S","Duration":"00:00:00.0030000","StartTime":"2023-12-25T08:01:53+00:00","EndTime":"2023-12-25T08:01:53+00:00","Properties":[]},{"TestCase":{"Id":"b378743d-f3a5-f475-bc5f-4dcb7fe4fac9","FullyQualifiedName":"TestProject2.BLLTest.BillBLLTest.BillBLL_getIdBillByIdTable","DisplayName":"BillBLL_getIdBillByIdTable","ExecutorUri":"executor://NUnit3TestExecutor","Source":"D:\\HK3\\LTTQ\\winform code\\testing\\QuanLyQuanCafe\\TestProject2\\bin\\Debug\\net472\\fine-code-coverage\\build-output\\TestProject2.dll","CodeFilePath":null,"LineNumber":0,"Properties":[]},"Attachments":[],"Outcome":1,"ErrorMessage":null,"ErrorStackTrace":null,"DisplayName":"BillBLL_getIdBillByIdTable","Messages":[],"ComputerName":"LAPTOP-V8PS969S","Duration":"00:00:00.0010000","StartTime":"2023-12-25T08:01:53+00:00","EndTime":"2023-12-25T08:01:53+00:00","Properties":[]},{"TestCase":{"Id":"cc276f84-63ff-29fb-4e2f-932b08342b58","FullyQualifiedName":"TestProject2.BLLTest.BillBLLTest.BillBLL_getSizeOfBill","DisplayName":"BillBLL_getSizeOfBill","ExecutorUri":"executor://NUnit3TestExecutor","Source":"D:\\HK3\\LTTQ\\winform code\\testing\\QuanLyQuanCafe\\TestProject2\\bin\\Debug\\net472\\fine-code-coverage\\build-output\\TestProject2.dll","CodeFilePath":null,"LineNumber":0,"Properties":[]},"Attachments":[],"Outcome":1,"ErrorMessage":null,"ErrorStackTrace":null,"DisplayName":"BillBLL_getSizeOfBill","Messages":[],"ComputerName":"LAPTOP-V8PS969S","Duration":"00:00:00.0030000","StartTime":"2023-12-25T08:01:53+00:00","EndTime":"2023-12-25T08:01:53+00:00","Properties":[]},{"TestCase":{"Id":"efcfa370-889b-8b94-abab-264cfc2230d7","FullyQualifiedName":"TestProject2.BLLTest.BillBLLTest.BillBLL_HienThiDoanhThu","DisplayName":"BillBLL_HienThiDoanhThu","ExecutorUri":"executor://NUnit3TestExecutor","Source":"D:\\HK3\\LTTQ\\winform code\\testing\\QuanLyQuanCafe\\TestProject2\\bin\\Debug\\net472\\fine-code-coverage\\build-output\\TestProject2.dll","CodeFilePath":null,"LineNumber":0,"Properties":[]},"Attachments":[],"Outcome":1,"ErrorMessage":null,"ErrorStackTrace":null,"DisplayName":"BillBLL_HienThiDoanhThu","Messages":[],"ComputerName":"LAPTOP-V8PS969S","Duration":"00:00:00.0030000","StartTime":"2023-12-25T08:01:53+00:00","EndTime":"2023-12-25T08:01:53+00:00","Properties":[]},{"TestCase":{"Id":"a49c71b8-7906-6df7-9558-cb2d04a324ec","FullyQualifiedName":"TestProject2.BLLTest.BillBLLTest.BillBLL_HienThiDoanhThuForReport","DisplayName":"BillBLL_HienThiDoanhThuForReport","ExecutorUri":"executor://NUnit3TestExecutor","Source":"D:\\HK3\\LTTQ\\winform code\\testing\\QuanLyQuanCafe\\TestProject2\\bin\\Debug\\net472\\fine-code-coverage\\build-output\\TestProject2.dll","CodeFilePath":null,"LineNumber":0,"Properties":[]},"Attachments":[],"Outcome":1,"ErrorMessage":null,"ErrorStackTrace":null,"DisplayName":"BillBLL_HienThiDoanhThuForReport","Messages":[],"ComputerName":"LAPTOP-V8PS969S","Duration":"00:00:00.0020000","StartTime":"2023-12-25T08:01:53+00:00","EndTime":"2023-12-25T08:01:53+00:00","Properties":[]},{"TestCase":{"Id":"cf0dda54-2093-4b3a-66eb-40d281c9a799","FullyQualifiedName":"TestProject2.BLLTest.BillBLLTest.BillBLL_hienThiTongDanhThu","DisplayName":"BillBLL_hienThiTongDanhThu","ExecutorUri":"executor://NUnit3TestExecutor","Source":"D:\\HK3\\LTTQ\\winform code\\testing\\QuanLyQuanCafe\\TestProject2\\bin\\Debug\\net472\\fine-code-coverage\\build-output\\TestProject2.dll","CodeFilePath":null,"LineNumber":0,"Properties":[]},"Attachments":[],"Outcome":1,"ErrorMessage":null,"ErrorStackTrace":null,"DisplayName":"BillBLL_hienThiTongDanhThu","Messages":[],"ComputerName":"LAPTOP-V8PS969S","Duration":"00:00:00.0030000","StartTime":"2023-12-25T08:01:53+00:00","EndTime":"2023-12-25T08:01:53+00:00","Properties":[]},{"TestCase":{"Id":"7f7236f1-85b5-e32e-b559-e827b481320d","FullyQualifiedName":"TestProject2.BLLTest.BillBLLTest.BillBLL_huyBill","DisplayName":"BillBLL_huyBill","ExecutorUri":"executor://NUnit3TestExecutor","Source":"D:\\HK3\\LTTQ\\winform code\\testing\\QuanLyQuanCafe\\TestProject2\\bin\\Debug\\net472\\fine-code-coverage\\build-output\\TestProject2.dll","CodeFilePath":null,"LineNumber":0,"Properties":[]},"Attachments":[],"Outcome":1,"ErrorMessage":null,"ErrorStackTrace":null,"DisplayName":"BillBLL_huyBill","Messages":[],"ComputerName":"LAPTOP-V8PS969S","Duration":"00:00:00.0020000","StartTime":"2023-12-25T08:01:53+00:00","EndTime":"2023-12-25T08:01:53+00:00","Properties":[]}],"TestRunStatistics":{"ExecutedTests":36,"Stats":{"Passed":36}},"ActiveTests":[{"Id":"c57d26a7-fece-d13c-746f-26b5520f88bd","FullyQualifiedName":"TestProject2.BLLTest.BillBLLTest.BillBLL_themBill","DisplayName":"BillBLL_themBill","ExecutorUri":"executor://NUnit3TestExecutor","Source":"D:\\HK3\\LTTQ\\winform code\\testing\\QuanLyQuanCafe\\TestProject2\\bin\\Debug\\net472\\fine-code-coverage\\build-output\\TestProject2.dll","CodeFilePath":null,"LineNumber":0,"Properties":[]}]}}
TpTrace Verbose: 0 : 24164, 14, 2023/12/25, 15:01:54.121, 7156033371844, vstest.console.dll, TestRunRequest:SendTestRunStatsChange: Starting.
TpTrace Verbose: 0 : 24164, 14, 2023/12/25, 15:01:54.121, 7156033372776, vstest.console.dll, InProgress is BillBLL_themBill
TpTrace Verbose: 0 : 24164, 14, 2023/12/25, 15:01:54.121, 7156033373317, vstest.console.dll, MulticastDelegateUtilities.SafeInvoke: TestRun.RunStatsChanged: Invoking callbacks was skipped because there are no subscribers.
TpTrace Information: 0 : 24164, 14, 2023/12/25, 15:01:54.121, 7156033373679, vstest.console.dll, TestRunRequest:SendTestRunStatsChange: Completed.
TpTrace Verbose: 0 : 24164, 14, 2023/12/25, 15:01:54.121, 7156033374043, vstest.console.dll, MulticastDelegateUtilities.SafeInvoke: LengthPrefixCommunicationChannel: MessageReceived: Invoking callback 1/1 for Microsoft.VisualStudio.TestPlatform.CommunicationUtilities.TestRequestSender+<>c__DisplayClass34_0., took 2 ms.
TpTrace Verbose: 0 : 24164, 4, 2023/12/25, 15:01:54.121, 7156033374129, vstest.console.dll, MulticastDelegateUtilities.SafeInvoke: InternalTestLoggerEvents.SendTestResult: Invoking callback 1/1 for Microsoft.VisualStudio.TestPlatform.CommandLine.Internal.ConsoleLogger., took 0 ms.
TpTrace Verbose: 0 : 24164, 14, 2023/12/25, 15:01:54.121, 7156033374867, vstest.console.dll, TcpClientExtensions.MessageLoopAsync: Polling on remoteEndPoint: 127.0.0.1:53657 localEndPoint: 127.0.0.1:53656
TpTrace Verbose: 0 : 24164, 4, 2023/12/25, 15:01:54.121, 7156033375002, vstest.console.dll, MulticastDelegateUtilities.SafeInvoke: InternalTestLoggerEvents.SendTestResult: Invoking callback 1/1 for Microsoft.VisualStudio.TestPlatform.CommandLine.Internal.ConsoleLogger., took 0 ms.
TpTrace Verbose: 0 : 24164, 4, 2023/12/25, 15:01:54.122, 7156033376796, vstest.console.dll, MulticastDelegateUtilities.SafeInvoke: InternalTestLoggerEvents.SendTestResult: Invoking callback 1/1 for Microsoft.VisualStudio.TestPlatform.CommandLine.Internal.ConsoleLogger., took 0 ms.
TpTrace Verbose: 0 : 24164, 4, 2023/12/25, 15:01:54.122, 7156033378253, vstest.console.dll, MulticastDelegateUtilities.SafeInvoke: InternalTestLoggerEvents.SendTestResult: Invoking callback 1/1 for Microsoft.VisualStudio.TestPlatform.CommandLine.Internal.ConsoleLogger., took 0 ms.
TpTrace Verbose: 0 : 24164, 4, 2023/12/25, 15:01:54.122, 7156033379043, vstest.console.dll, MulticastDelegateUtilities.SafeInvoke: InternalTestLoggerEvents.SendTestResult: Invoking callback 1/1 for Microsoft.VisualStudio.TestPlatform.CommandLine.Internal.ConsoleLogger., took 0 ms.
TpTrace Verbose: 0 : 24164, 4, 2023/12/25, 15:01:54.122, 7156033379583, vstest.console.dll, MulticastDelegateUtilities.SafeInvoke: InternalTestLoggerEvents.SendTestResult: Invoking callback 1/1 for Microsoft.VisualStudio.TestPlatform.CommandLine.Internal.ConsoleLogger., took 0 ms.
TpTrace Verbose: 0 : 24164, 4, 2023/12/25, 15:01:54.122, 7156033380029, vstest.console.dll, MulticastDelegateUtilities.SafeInvoke: InternalTestLoggerEvents.SendTestResult: Invoking callback 1/1 for Microsoft.VisualStudio.TestPlatform.CommandLine.Internal.ConsoleLogger., took 0 ms.
TpTrace Verbose: 0 : 24164, 4, 2023/12/25, 15:01:54.122, 7156033380621, vstest.console.dll, MulticastDelegateUtilities.SafeInvoke: InternalTestLoggerEvents.SendTestResult: Invoking callback 1/1 for Microsoft.VisualStudio.TestPlatform.CommandLine.Internal.ConsoleLogger., took 0 ms.
TpTrace Verbose: 0 : 24164, 4, 2023/12/25, 15:01:54.122, 7156033381124, vstest.console.dll, MulticastDelegateUtilities.SafeInvoke: InternalTestLoggerEvents.SendTestResult: Invoking callback 1/1 for Microsoft.VisualStudio.TestPlatform.CommandLine.Internal.ConsoleLogger., took 0 ms.
TpTrace Verbose: 0 : 24164, 14, 2023/12/25, 15:01:54.152, 7156033677651, vstest.console.dll, TcpClientExtensions.MessageLoopAsync: NotifyDataAvailable remoteEndPoint: 127.0.0.1:53657 localEndPoint: 127.0.0.1:53656
TpTrace Verbose: 0 : 24164, 14, 2023/12/25, 15:01:54.152, 7156033679842, vstest.console.dll, TestRequestSender.OnExecutionMessageReceived: Received message: {"Version":7,"MessageType":"TestExecution.StatsChange","Payload":{"NewTestResults":[{"TestCase":{"Id":"c57d26a7-fece-d13c-746f-26b5520f88bd","FullyQualifiedName":"TestProject2.BLLTest.BillBLLTest.BillBLL_themBill","DisplayName":"BillBLL_themBill","ExecutorUri":"executor://NUnit3TestExecutor","Source":"D:\\HK3\\LTTQ\\winform code\\testing\\QuanLyQuanCafe\\TestProject2\\bin\\Debug\\net472\\fine-code-coverage\\build-output\\TestProject2.dll","CodeFilePath":null,"LineNumber":0,"Properties":[]},"Attachments":[],"Outcome":1,"ErrorMessage":null,"ErrorStackTrace":null,"DisplayName":"BillBLL_themBill","Messages":[],"ComputerName":"LAPTOP-V8PS969S","Duration":"00:00:00.0020000","StartTime":"2023-12-25T08:01:53+00:00","EndTime":"2023-12-25T08:01:54+00:00","Properties":[]},{"TestCase":{"Id":"d2b2b80c-1cf7-37cf-fbe6-121c68bc9d4f","FullyQualifiedName":"TestProject2.BLLTest.BillBLLTest.BillBLL_thucHienCheckOut","DisplayName":"BillBLL_thucHienCheckOut","ExecutorUri":"executor://NUnit3TestExecutor","Source":"D:\\HK3\\LTTQ\\winform code\\testing\\QuanLyQuanCafe\\TestProject2\\bin\\Debug\\net472\\fine-code-coverage\\build-output\\TestProject2.dll","CodeFilePath":null,"LineNumber":0,"Properties":[]},"Attachments":[],"Outcome":1,"ErrorMessage":null,"ErrorStackTrace":null,"DisplayName":"BillBLL_thucHienCheckOut","Messages":[],"ComputerName":"LAPTOP-V8PS969S","Duration":"00:00:00.0020000","StartTime":"2023-12-25T08:01:54+00:00","EndTime":"2023-12-25T08:01:54+00:00","Properties":[]},{"TestCase":{"Id":"a0ac200d-26f7-e1ca-7d8e-ce5f196bf650","FullyQualifiedName":"TestProject2.BLLTest.CategoryBLLTest.Category_FoodBLL_chinhSuaRow","DisplayName":"Category_FoodBLL_chinhSuaRow","ExecutorUri":"executor://NUnit3TestExecutor","Source":"D:\\HK3\\LTTQ\\winform code\\testing\\QuanLyQuanCafe\\TestProject2\\bin\\Debug\\net472\\fine-code-coverage\\build-output\\TestProject2.dll","CodeFilePath":null,"LineNumber":0,"Properties":[]},"Attachments":[],"Outcome":1,"ErrorMessage":null,"ErrorStackTrace":null,"DisplayName":"Category_FoodBLL_chinhSuaRow","Messages":[],"ComputerName":"LAPTOP-V8PS969S","Duration":"00:00:00.0110000","StartTime":"2023-12-25T08:01:54+00:00","EndTime":"2023-12-25T08:01:54+00:00","Properties":[]},{"TestCase":{"Id":"6c439ae9-4952-6433-05db-8444ac9c09be","FullyQualifiedName":"TestProject2.BLLTest.CategoryBLLTest.Category_FoodBLL_hienThiDanhSachFoodCategory","DisplayName":"Category_FoodBLL_hienThiDanhSachFoodCategory","ExecutorUri":"executor://NUnit3TestExecutor","Source":"D:\\HK3\\LTTQ\\winform code\\testing\\QuanLyQuanCafe\\TestProject2\\bin\\Debug\\net472\\fine-code-coverage\\build-output\\TestProject2.dll","CodeFilePath":null,"LineNumber":0,"Properties":[]},"Attachments":[],"Outcome":1,"ErrorMessage":null,"ErrorStackTrace":null,"DisplayName":"Category_FoodBLL_hienThiDanhSachFoodCategory","Messages":[],"ComputerName":"LAPTOP-V8PS969S","Duration":"00:00:00.0010000","StartTime":"2023-12-25T08:01:54+00:00","EndTime":"2023-12-25T08:01:54+00:00","Properties":[]},{"TestCase":{"Id":"0d04fbf4-0856-779c-e806-be63beaf2bff","FullyQualifiedName":"TestProject2.BLLTest.CategoryBLLTest.Category_FoodBLL_themRow","DisplayName":"Category_FoodBLL_themRow","ExecutorUri":"executor://NUnit3TestExecutor","Source":"D:\\HK3\\LTTQ\\winform code\\testing\\QuanLyQuanCafe\\TestProject2\\bin\\Debug\\net472\\fine-code-coverage\\build-output\\TestProject2.dll","CodeFilePath":null,"LineNumber":0,"Properties":[]},"Attachments":[],"Outcome":1,"ErrorMessage":null,"ErrorStackTrace":null,"DisplayName":"Category_FoodBLL_themRow","Messages":[],"ComputerName":"LAPTOP-V8PS969S","Duration":"00:00:00.0020000","StartTime":"2023-12-25T08:01:54+00:00","EndTime":"2023-12-25T08:01:54+00:00","Properties":[]},{"TestCase":{"Id":"43d5f348-3a0d-ae41-c45c-b7e26ddfc97e","FullyQualifiedName":"TestProject2.BLLTest.CategoryBLLTest.Category_FoodBLL_TimKiemLoaiMonAn","DisplayName":"Category_FoodBLL_TimKiemLoaiMonAn","ExecutorUri":"executor://NUnit3TestExecutor","Source":"D:\\HK3\\LTTQ\\winform code\\testing\\QuanLyQuanCafe\\TestProject2\\bin\\Debug\\net472\\fine-code-coverage\\build-output\\TestProject2.dll","CodeFilePath":null,"LineNumber":0,"Properties":[]},"Attachments":[],"Outcome":1,"ErrorMessage":null,"ErrorStackTrace":null,"DisplayName":"Category_FoodBLL_TimKiemLoaiMonAn","Messages":[],"ComputerName":"LAPTOP-V8PS969S","Duration":"00:00:00.0020000","StartTime":"2023-12-25T08:01:54+00:00","EndTime":"2023-12-25T08:01:54+00:00","Properties":[]},{"TestCase":{"Id":"91361f52-3346-776b-cdf7-2ff31f4b9ab6","FullyQualifiedName":"TestProject2.BLLTest.CategoryBLLTest.Category_FoodBLL_xoaLoaiMonAn","DisplayName":"Category_FoodBLL_xoaLoaiMonAn","ExecutorUri":"executor://NUnit3TestExecutor","Source":"D:\\HK3\\LTTQ\\winform code\\testing\\QuanLyQuanCafe\\TestProject2\\bin\\Debug\\net472\\fine-code-coverage\\build-output\\TestProject2.dll","CodeFilePath":null,"LineNumber":0,"Properties":[]},"Attachments":[],"Outcome":1,"ErrorMessage":null,"ErrorStackTrace":null,"DisplayName":"Category_FoodBLL_xoaLoaiMonAn","Messages":[],"ComputerName":"LAPTOP-V8PS969S","Duration":"00:00:00.0030000","StartTime":"2023-12-25T08:01:54+00:00","EndTime":"2023-12-25T08:01:54+00:00","Properties":[]},{"TestCase":{"Id":"5d5f02c5-63e3-f063-d6f4-8eb36bf961ef","FullyQualifiedName":"TestProject2.BLLTest.CategoryBLLTest.Category_FoodBLL_xuLyChinhSuaCategoryFood(1,\"\",False)","DisplayName":"Category_FoodBLL_xuLyChinhSuaCategoryFood(1,\"\",False)","ExecutorUri":"executor://NUnit3TestExecutor","Source":"D:\\HK3\\LTTQ\\winform code\\testing\\QuanLyQuanCafe\\TestProject2\\bin\\Debug\\net472\\fine-code-coverage\\build-output\\TestProject2.dll","CodeFilePath":null,"LineNumber":0,"Properties":[]},"Attachments":[],"Outcome":1,"ErrorMessage":null,"ErrorStackTrace":null,"DisplayName":"Category_FoodBLL_xuLyChinhSuaCategoryFood(1,\"\",False)","Messages":[],"ComputerName":"LAPTOP-V8PS969S","Duration":"00:00:00.0010000","StartTime":"2023-12-25T08:01:54+00:00","EndTime":"2023-12-25T08:01:54+00:00","Properties":[]},{"TestCase":{"Id":"13dd6280-171b-a2f9-7f2c-6e1aa3643180","FullyQualifiedName":"TestProject2.BLLTest.CategoryBLLTest.Category_FoodBLL_xuLyChinhSuaCategoryFood(1,\"Sinh t\",False)","DisplayName":"Category_FoodBLL_xuLyChinhSuaCategoryFood(1,\"Sinh t\",False)","ExecutorUri":"executor://NUnit3TestExecutor","Source":"D:\\HK3\\LTTQ\\winform code\\testing\\QuanLyQuanCafe\\TestProject2\\bin\\Debug\\net472\\fine-code-coverage\\build-output\\TestProject2.dll","CodeFilePath":null,"LineNumber":0,"Properties":[]},"Attachments":[],"Outcome":1,"ErrorMessage":null,"ErrorStackTrace":null,"DisplayName":"Category_FoodBLL_xuLyChinhSuaCategoryFood(1,\"Sinh t\",False)","Messages":[],"ComputerName":"LAPTOP-V8PS969S","Duration":"00:00:00.0010000","StartTime":"2023-12-25T08:01:54+00:00","EndTime":"2023-12-25T08:01:54+00:00","Properties":[]}],"TestRunStatistics":{"ExecutedTests":45,"Stats":{"Passed":45}},"ActiveTests":[{"Id":"f7f0ebf8-b0c3-2a71-e30c-4bdce2663f53","FullyQualifiedName":"TestProject2.BLLTest.CategoryBLLTest.Category_FoodBLL_xuLyChinhSuaCategoryFood(1,\"Nc p\",True)","DisplayName":"Category_FoodBLL_xuLyChinhSuaCategoryFood(1,\"Nc p\",True)","ExecutorUri":"executor://NUnit3TestExecutor","Source":"D:\\HK3\\LTTQ\\winform code\\testing\\QuanLyQuanCafe\\TestProject2\\bin\\Debug\\net472\\fine-code-coverage\\build-output\\TestProject2.dll","CodeFilePath":null,"LineNumber":0,"Properties":[]}]}}
TpTrace Verbose: 0 : 24164, 14, 2023/12/25, 15:01:54.153, 7156033687315, vstest.console.dll, TestRunRequest:SendTestRunStatsChange: Starting.
TpTrace Verbose: 0 : 24164, 14, 2023/12/25, 15:01:54.153, 7156033688045, vstest.console.dll, InProgress is Category_FoodBLL_xuLyChinhSuaCategoryFood(1,"Nc p",True)
TpTrace Verbose: 0 : 24164, 14, 2023/12/25, 15:01:54.153, 7156033688821, vstest.console.dll, MulticastDelegateUtilities.SafeInvoke: TestRun.RunStatsChanged: Invoking callbacks was skipped because there are no subscribers.
TpTrace Information: 0 : 24164, 14, 2023/12/25, 15:01:54.153, 7156033689071, vstest.console.dll, TestRunRequest:SendTestRunStatsChange: Completed.
TpTrace Verbose: 0 : 24164, 14, 2023/12/25, 15:01:54.153, 7156033689337, vstest.console.dll, MulticastDelegateUtilities.SafeInvoke: LengthPrefixCommunicationChannel: MessageReceived: Invoking callback 1/1 for Microsoft.VisualStudio.TestPlatform.CommunicationUtilities.TestRequestSender+<>c__DisplayClass34_0., took 0 ms.
TpTrace Verbose: 0 : 24164, 14, 2023/12/25, 15:01:54.153, 7156033689622, vstest.console.dll, TcpClientExtensions.MessageLoopAsync: Polling on remoteEndPoint: 127.0.0.1:53657 localEndPoint: 127.0.0.1:53656
TpTrace Verbose: 0 : 24164, 4, 2023/12/25, 15:01:54.153, 7156033689735, vstest.console.dll, MulticastDelegateUtilities.SafeInvoke: InternalTestLoggerEvents.SendTestResult: Invoking callback 1/1 for Microsoft.VisualStudio.TestPlatform.CommandLine.Internal.ConsoleLogger., took 0 ms.
TpTrace Verbose: 0 : 24164, 4, 2023/12/25, 15:01:54.153, 7156033690621, vstest.console.dll, MulticastDelegateUtilities.SafeInvoke: InternalTestLoggerEvents.SendTestResult: Invoking callback 1/1 for Microsoft.VisualStudio.TestPlatform.CommandLine.Internal.ConsoleLogger., took 0 ms.
TpTrace Verbose: 0 : 24164, 4, 2023/12/25, 15:01:54.153, 7156033691107, vstest.console.dll, MulticastDelegateUtilities.SafeInvoke: InternalTestLoggerEvents.SendTestResult: Invoking callback 1/1 for Microsoft.VisualStudio.TestPlatform.CommandLine.Internal.ConsoleLogger., took 0 ms.
TpTrace Verbose: 0 : 24164, 4, 2023/12/25, 15:01:54.153, 7156033691507, vstest.console.dll, MulticastDelegateUtilities.SafeInvoke: InternalTestLoggerEvents.SendTestResult: Invoking callback 1/1 for Microsoft.VisualStudio.TestPlatform.CommandLine.Internal.ConsoleLogger., took 0 ms.
TpTrace Verbose: 0 : 24164, 4, 2023/12/25, 15:01:54.153, 7156033691957, vstest.console.dll, MulticastDelegateUtilities.SafeInvoke: InternalTestLoggerEvents.SendTestResult: Invoking callback 1/1 for Microsoft.VisualStudio.TestPlatform.CommandLine.Internal.ConsoleLogger., took 0 ms.
TpTrace Verbose: 0 : 24164, 4, 2023/12/25, 15:01:54.153, 7156033692343, vstest.console.dll, MulticastDelegateUtilities.SafeInvoke: InternalTestLoggerEvents.SendTestResult: Invoking callback 1/1 for Microsoft.VisualStudio.TestPlatform.CommandLine.Internal.ConsoleLogger., took 0 ms.
TpTrace Verbose: 0 : 24164, 4, 2023/12/25, 15:01:54.153, 7156033692786, vstest.console.dll, MulticastDelegateUtilities.SafeInvoke: InternalTestLoggerEvents.SendTestResult: Invoking callback 1/1 for Microsoft.VisualStudio.TestPlatform.CommandLine.Internal.ConsoleLogger., took 0 ms.
TpTrace Verbose: 0 : 24164, 4, 2023/12/25, 15:01:54.153, 7156033693558, vstest.console.dll, MulticastDelegateUtilities.SafeInvoke: InternalTestLoggerEvents.SendTestResult: Invoking callback 1/1 for Microsoft.VisualStudio.TestPlatform.CommandLine.Internal.ConsoleLogger., took 0 ms.
TpTrace Verbose: 0 : 24164, 4, 2023/12/25, 15:01:54.153, 7156033693927, vstest.console.dll, MulticastDelegateUtilities.SafeInvoke: InternalTestLoggerEvents.SendTestResult: Invoking callback 1/1 for Microsoft.VisualStudio.TestPlatform.CommandLine.Internal.ConsoleLogger., took 0 ms.
TpTrace Verbose: 0 : 24164, 14, 2023/12/25, 15:01:54.185, 7156034014405, vstest.console.dll, TcpClientExtensions.MessageLoopAsync: NotifyDataAvailable remoteEndPoint: 127.0.0.1:53657 localEndPoint: 127.0.0.1:53656
TpTrace Verbose: 0 : 24164, 14, 2023/12/25, 15:01:54.186, 7156034017221, vstest.console.dll, TestRequestSender.OnExecutionMessageReceived: Received message: {"Version":7,"MessageType":"TestExecution.StatsChange","Payload":{"NewTestResults":[{"TestCase":{"Id":"f7f0ebf8-b0c3-2a71-e30c-4bdce2663f53","FullyQualifiedName":"TestProject2.BLLTest.CategoryBLLTest.Category_FoodBLL_xuLyChinhSuaCategoryFood(1,\"Nc p\",True)","DisplayName":"Category_FoodBLL_xuLyChinhSuaCategoryFood(1,\"Nc p\",True)","ExecutorUri":"executor://NUnit3TestExecutor","Source":"D:\\HK3\\LTTQ\\winform code\\testing\\QuanLyQuanCafe\\TestProject2\\bin\\Debug\\net472\\fine-code-coverage\\build-output\\TestProject2.dll","CodeFilePath":null,"LineNumber":0,"Properties":[]},"Attachments":[],"Outcome":1,"ErrorMessage":null,"ErrorStackTrace":null,"DisplayName":"Category_FoodBLL_xuLyChinhSuaCategoryFood(1,\"Nc p\",True)","Messages":[],"ComputerName":"LAPTOP-V8PS969S","Duration":"00:00:00.0000001","StartTime":"2023-12-25T08:01:54+00:00","EndTime":"2023-12-25T08:01:54+00:00","Properties":[]},{"TestCase":{"Id":"7215b566-d57f-2098-4acd-4bf660e01701","FullyQualifiedName":"TestProject2.BLLTest.CategoryBLLTest.Category_FoodBLL_xuLyThemCategoryFood(\"\",False)","DisplayName":"Category_FoodBLL_xuLyThemCategoryFood(\"\",False)","ExecutorUri":"executor://NUnit3TestExecutor","Source":"D:\\HK3\\LTTQ\\winform code\\testing\\QuanLyQuanCafe\\TestProject2\\bin\\Debug\\net472\\fine-code-coverage\\build-output\\TestProject2.dll","CodeFilePath":null,"LineNumber":0,"Properties":[]},"Attachments":[],"Outcome":1,"ErrorMessage":null,"ErrorStackTrace":null,"DisplayName":"Category_FoodBLL_xuLyThemCategoryFood(\"\",False)","Messages":[],"ComputerName":"LAPTOP-V8PS969S","Duration":"00:00:00.0010000","StartTime":"2023-12-25T08:01:54+00:00","EndTime":"2023-12-25T08:01:54+00:00","Properties":[]},{"TestCase":{"Id":"cff05fd2-c94f-4eb3-70a5-c02fc560d497","FullyQualifiedName":"TestProject2.BLLTest.CategoryBLLTest.Category_FoodBLL_xuLyThemCategoryFood(\"Sinh t\",False)","DisplayName":"Category_FoodBLL_xuLyThemCategoryFood(\"Sinh t\",False)","ExecutorUri":"executor://NUnit3TestExecutor","Source":"D:\\HK3\\LTTQ\\winform code\\testing\\QuanLyQuanCafe\\TestProject2\\bin\\Debug\\net472\\fine-code-coverage\\build-output\\TestProject2.dll","CodeFilePath":null,"LineNumber":0,"Properties":[]},"Attachments":[],"Outcome":1,"ErrorMessage":null,"ErrorStackTrace":null,"DisplayName":"Category_FoodBLL_xuLyThemCategoryFood(\"Sinh t\",False)","Messages":[],"ComputerName":"LAPTOP-V8PS969S","Duration":"00:00:00.0000001","StartTime":"2023-12-25T08:01:54+00:00","EndTime":"2023-12-25T08:01:54+00:00","Properties":[]},{"TestCase":{"Id":"f03e4fd0-22ab-50a6-440f-30c7cc9aead9","FullyQualifiedName":"TestProject2.BLLTest.CategoryBLLTest.Category_FoodBLL_xuLyThemCategoryFood(\"Nc p\",True)","DisplayName":"Category_FoodBLL_xuLyThemCategoryFood(\"Nc p\",True)","ExecutorUri":"executor://NUnit3TestExecutor","Source":"D:\\HK3\\LTTQ\\winform code\\testing\\QuanLyQuanCafe\\TestProject2\\bin\\Debug\\net472\\fine-code-coverage\\build-output\\TestProject2.dll","CodeFilePath":null,"LineNumber":0,"Properties":[]},"Attachments":[],"Outcome":1,"ErrorMessage":null,"ErrorStackTrace":null,"DisplayName":"Category_FoodBLL_xuLyThemCategoryFood(\"Nc p\",True)","Messages":[],"ComputerName":"LAPTOP-V8PS969S","Duration":"00:00:00.0000001","StartTime":"2023-12-25T08:01:54+00:00","EndTime":"2023-12-25T08:01:54+00:00","Properties":[]},{"TestCase":{"Id":"87071868-0c69-a987-a736-843e61fd5b1b","FullyQualifiedName":"TestProject2.BLLTest.FoodBLLTest.FoodBLL_chinhSuaRow","DisplayName":"FoodBLL_chinhSuaRow","ExecutorUri":"executor://NUnit3TestExecutor","Source":"D:\\HK3\\LTTQ\\winform code\\testing\\QuanLyQuanCafe\\TestProject2\\bin\\Debug\\net472\\fine-code-coverage\\build-output\\TestProject2.dll","CodeFilePath":null,"LineNumber":0,"Properties":[]},"Attachments":[],"Outcome":1,"ErrorMessage":null,"ErrorStackTrace":null,"DisplayName":"FoodBLL_chinhSuaRow","Messages":[],"ComputerName":"LAPTOP-V8PS969S","Duration":"00:00:00.0060000","StartTime":"2023-12-25T08:01:54+00:00","EndTime":"2023-12-25T08:01:54+00:00","Properties":[]},{"TestCase":{"Id":"790ddd38-f92c-ea47-ac79-fd8c7c981e47","FullyQualifiedName":"TestProject2.BLLTest.FoodBLLTest.FoodBLL_getFoodByCateGory","DisplayName":"FoodBLL_getFoodByCateGory","ExecutorUri":"executor://NUnit3TestExecutor","Source":"D:\\HK3\\LTTQ\\winform code\\testing\\QuanLyQuanCafe\\TestProject2\\bin\\Debug\\net472\\fine-code-coverage\\build-output\\TestProject2.dll","CodeFilePath":null,"LineNumber":0,"Properties":[]},"Attachments":[],"Outcome":1,"ErrorMessage":null,"ErrorStackTrace":null,"DisplayName":"FoodBLL_getFoodByCateGory","Messages":[],"ComputerName":"LAPTOP-V8PS969S","Duration":"00:00:00.0020000","StartTime":"2023-12-25T08:01:54+00:00","EndTime":"2023-12-25T08:01:54+00:00","Properties":[]},{"TestCase":{"Id":"21286d00-58bb-bdf9-709e-9f3c5ee75d4e","FullyQualifiedName":"TestProject2.BLLTest.FoodBLLTest.FoodBLL_hienThiDanhSachFood","DisplayName":"FoodBLL_hienThiDanhSachFood","ExecutorUri":"executor://NUnit3TestExecutor","Source":"D:\\HK3\\LTTQ\\winform code\\testing\\QuanLyQuanCafe\\TestProject2\\bin\\Debug\\net472\\fine-code-coverage\\build-output\\TestProject2.dll","CodeFilePath":null,"LineNumber":0,"Properties":[]},"Attachments":[],"Outcome":1,"ErrorMessage":null,"ErrorStackTrace":null,"DisplayName":"FoodBLL_hienThiDanhSachFood","Messages":[],"ComputerName":"LAPTOP-V8PS969S","Duration":"00:00:00.0010000","StartTime":"2023-12-25T08:01:54+00:00","EndTime":"2023-12-25T08:01:54+00:00","Properties":[]},{"TestCase":{"Id":"bd93d627-f458-0567-9f86-0aba44d825c5","FullyQualifiedName":"TestProject2.BLLTest.FoodBLLTest.FoodBLL_themRow","DisplayName":"FoodBLL_themRow","ExecutorUri":"executor://NUnit3TestExecutor","Source":"D:\\HK3\\LTTQ\\winform code\\testing\\QuanLyQuanCafe\\TestProject2\\bin\\Debug\\net472\\fine-code-coverage\\build-output\\TestProject2.dll","CodeFilePath":null,"LineNumber":0,"Properties":[]},"Attachments":[],"Outcome":1,"ErrorMessage":null,"ErrorStackTrace":null,"DisplayName":"FoodBLL_themRow","Messages":[],"ComputerName":"LAPTOP-V8PS969S","Duration":"00:00:00.0020000","StartTime":"2023-12-25T08:01:54+00:00","EndTime":"2023-12-25T08:01:54+00:00","Properties":[]},{"TestCase":{"Id":"94a03062-f539-8c3e-3dff-af2b717e7c91","FullyQualifiedName":"TestProject2.BLLTest.FoodBLLTest.FoodBLL_TimKiemMonAn","DisplayName":"FoodBLL_TimKiemMonAn","ExecutorUri":"executor://NUnit3TestExecutor","Source":"D:\\HK3\\LTTQ\\winform code\\testing\\QuanLyQuanCafe\\TestProject2\\bin\\Debug\\net472\\fine-code-coverage\\build-output\\TestProject2.dll","CodeFilePath":null,"LineNumber":0,"Properties":[]},"Attachments":[],"Outcome":1,"ErrorMessage":null,"ErrorStackTrace":null,"DisplayName":"FoodBLL_TimKiemMonAn","Messages":[],"ComputerName":"LAPTOP-V8PS969S","Duration":"00:00:00.0020000","StartTime":"2023-12-25T08:01:54+00:00","EndTime":"2023-12-25T08:01:54+00:00","Properties":[]}],"TestRunStatistics":{"ExecutedTests":54,"Stats":{"Passed":54}},"ActiveTests":[{"Id":"552285b6-6dbe-0b24-8ba1-ac7e4d95e24f","FullyQualifiedName":"TestProject2.BLLTest.FoodBLLTest.FoodBLL_xoaMonAn","DisplayName":"FoodBLL_xoaMonAn","ExecutorUri":"executor://NUnit3TestExecutor","Source":"D:\\HK3\\LTTQ\\winform code\\testing\\QuanLyQuanCafe\\TestProject2\\bin\\Debug\\net472\\fine-code-coverage\\build-output\\TestProject2.dll","CodeFilePath":null,"LineNumber":0,"Properties":[]}]}}
TpTrace Verbose: 0 : 24164, 14, 2023/12/25, 15:01:54.186, 7156034024160, vstest.console.dll, TestRunRequest:SendTestRunStatsChange: Starting.
TpTrace Verbose: 0 : 24164, 14, 2023/12/25, 15:01:54.186, 7156034024687, vstest.console.dll, InProgress is FoodBLL_xoaMonAn
TpTrace Verbose: 0 : 24164, 14, 2023/12/25, 15:01:54.186, 7156034025141, vstest.console.dll, MulticastDelegateUtilities.SafeInvoke: TestRun.RunStatsChanged: Invoking callbacks was skipped because there are no subscribers.
TpTrace Information: 0 : 24164, 14, 2023/12/25, 15:01:54.186, 7156034025438, vstest.console.dll, TestRunRequest:SendTestRunStatsChange: Completed.
TpTrace Verbose: 0 : 24164, 14, 2023/12/25, 15:01:54.186, 7156034025785, vstest.console.dll, MulticastDelegateUtilities.SafeInvoke: LengthPrefixCommunicationChannel: MessageReceived: Invoking callback 1/1 for Microsoft.VisualStudio.TestPlatform.CommunicationUtilities.TestRequestSender+<>c__DisplayClass34_0., took 0 ms.
TpTrace Verbose: 0 : 24164, 4, 2023/12/25, 15:01:54.186, 7156034025799, vstest.console.dll, MulticastDelegateUtilities.SafeInvoke: InternalTestLoggerEvents.SendTestResult: Invoking callback 1/1 for Microsoft.VisualStudio.TestPlatform.CommandLine.Internal.ConsoleLogger., took 0 ms.
TpTrace Verbose: 0 : 24164, 14, 2023/12/25, 15:01:54.186, 7156034026219, vstest.console.dll, TcpClientExtensions.MessageLoopAsync: Polling on remoteEndPoint: 127.0.0.1:53657 localEndPoint: 127.0.0.1:53656
TpTrace Verbose: 0 : 24164, 4, 2023/12/25, 15:01:54.187, 7156034026805, vstest.console.dll, MulticastDelegateUtilities.SafeInvoke: InternalTestLoggerEvents.SendTestResult: Invoking callback 1/1 for Microsoft.VisualStudio.TestPlatform.CommandLine.Internal.ConsoleLogger., took 0 ms.
TpTrace Verbose: 0 : 24164, 4, 2023/12/25, 15:01:54.187, 7156034027630, vstest.console.dll, MulticastDelegateUtilities.SafeInvoke: InternalTestLoggerEvents.SendTestResult: Invoking callback 1/1 for Microsoft.VisualStudio.TestPlatform.CommandLine.Internal.ConsoleLogger., took 0 ms.
TpTrace Verbose: 0 : 24164, 4, 2023/12/25, 15:01:54.187, 7156034027953, vstest.console.dll, MulticastDelegateUtilities.SafeInvoke: InternalTestLoggerEvents.SendTestResult: Invoking callback 1/1 for Microsoft.VisualStudio.TestPlatform.CommandLine.Internal.ConsoleLogger., took 0 ms.
TpTrace Verbose: 0 : 24164, 4, 2023/12/25, 15:01:54.187, 7156034028273, vstest.console.dll, MulticastDelegateUtilities.SafeInvoke: InternalTestLoggerEvents.SendTestResult: Invoking callback 1/1 for Microsoft.VisualStudio.TestPlatform.CommandLine.Internal.ConsoleLogger., took 0 ms.
TpTrace Verbose: 0 : 24164, 4, 2023/12/25, 15:01:54.187, 7156034028663, vstest.console.dll, MulticastDelegateUtilities.SafeInvoke: InternalTestLoggerEvents.SendTestResult: Invoking callback 1/1 for Microsoft.VisualStudio.TestPlatform.CommandLine.Internal.ConsoleLogger., took 0 ms.
TpTrace Verbose: 0 : 24164, 4, 2023/12/25, 15:01:54.187, 7156034029011, vstest.console.dll, MulticastDelegateUtilities.SafeInvoke: InternalTestLoggerEvents.SendTestResult: Invoking callback 1/1 for Microsoft.VisualStudio.TestPlatform.CommandLine.Internal.ConsoleLogger., took 0 ms.
TpTrace Verbose: 0 : 24164, 4, 2023/12/25, 15:01:54.187, 7156034029318, vstest.console.dll, MulticastDelegateUtilities.SafeInvoke: InternalTestLoggerEvents.SendTestResult: Invoking callback 1/1 for Microsoft.VisualStudio.TestPlatform.CommandLine.Internal.ConsoleLogger., took 0 ms.
TpTrace Verbose: 0 : 24164, 4, 2023/12/25, 15:01:54.187, 7156034029623, vstest.console.dll, MulticastDelegateUtilities.SafeInvoke: InternalTestLoggerEvents.SendTestResult: Invoking callback 1/1 for Microsoft.VisualStudio.TestPlatform.CommandLine.Internal.ConsoleLogger., took 0 ms.
TpTrace Verbose: 0 : 24164, 14, 2023/12/25, 15:01:54.229, 7156034453512, vstest.console.dll, TcpClientExtensions.MessageLoopAsync: NotifyDataAvailable remoteEndPoint: 127.0.0.1:53657 localEndPoint: 127.0.0.1:53656
TpTrace Verbose: 0 : 24164, 14, 2023/12/25, 15:01:54.229, 7156034456104, vstest.console.dll, TestRequestSender.OnExecutionMessageReceived: Received message: {"Version":7,"MessageType":"TestExecution.StatsChange","Payload":{"NewTestResults":[{"TestCase":{"Id":"552285b6-6dbe-0b24-8ba1-ac7e4d95e24f","FullyQualifiedName":"TestProject2.BLLTest.FoodBLLTest.FoodBLL_xoaMonAn","DisplayName":"FoodBLL_xoaMonAn","ExecutorUri":"executor://NUnit3TestExecutor","Source":"D:\\HK3\\LTTQ\\winform code\\testing\\QuanLyQuanCafe\\TestProject2\\bin\\Debug\\net472\\fine-code-coverage\\build-output\\TestProject2.dll","CodeFilePath":null,"LineNumber":0,"Properties":[]},"Attachments":[],"Outcome":1,"ErrorMessage":null,"ErrorStackTrace":null,"DisplayName":"FoodBLL_xoaMonAn","Messages":[],"ComputerName":"LAPTOP-V8PS969S","Duration":"00:00:00.0020000","StartTime":"2023-12-25T08:01:54+00:00","EndTime":"2023-12-25T08:01:54+00:00","Properties":[]},{"TestCase":{"Id":"755134a2-5a56-57c2-095c-58b1bbd1dc23","FullyQualifiedName":"TestProject2.BLLTest.FoodBLLTest.FoodBLL_xuLyChinhSuaFood(1,\"\",\"10450\",False)","DisplayName":"FoodBLL_xuLyChinhSuaFood(1,\"\",\"10450\",False)","ExecutorUri":"executor://NUnit3TestExecutor","Source":"D:\\HK3\\LTTQ\\winform code\\testing\\QuanLyQuanCafe\\TestProject2\\bin\\Debug\\net472\\fine-code-coverage\\build-output\\TestProject2.dll","CodeFilePath":null,"LineNumber":0,"Properties":[]},"Attachments":[],"Outcome":1,"ErrorMessage":null,"ErrorStackTrace":null,"DisplayName":"FoodBLL_xuLyChinhSuaFood(1,\"\",\"10450\",False)","Messages":[],"ComputerName":"LAPTOP-V8PS969S","Duration":"00:00:00.0020000","StartTime":"2023-12-25T08:01:54+00:00","EndTime":"2023-12-25T08:01:54+00:00","Properties":[]},{"TestCase":{"Id":"a466d78d-0605-1b6c-2d2d-2ad90cb50db3","FullyQualifiedName":"TestProject2.BLLTest.FoodBLLTest.FoodBLL_xuLyChinhSuaFood(1,\"Sinh t\",\"\",False)","DisplayName":"FoodBLL_xuLyChinhSuaFood(1,\"Sinh t\",\"\",False)","ExecutorUri":"executor://NUnit3TestExecutor","Source":"D:\\HK3\\LTTQ\\winform code\\testing\\QuanLyQuanCafe\\TestProject2\\bin\\Debug\\net472\\fine-code-coverage\\build-output\\TestProject2.dll","CodeFilePath":null,"LineNumber":0,"Properties":[]},"Attachments":[],"Outcome":1,"ErrorMessage":null,"ErrorStackTrace":null,"DisplayName":"FoodBLL_xuLyChinhSuaFood(1,\"Sinh t\",\"\",False)","Messages":[],"ComputerName":"LAPTOP-V8PS969S","Duration":"00:00:00.0000001","StartTime":"2023-12-25T08:01:54+00:00","EndTime":"2023-12-25T08:01:54+00:00","Properties":[]},{"TestCase":{"Id":"8220c8dc-73e6-bde9-5af6-4d58230cf81a","FullyQualifiedName":"TestProject2.BLLTest.FoodBLLTest.FoodBLL_xuLyChinhSuaFood(1,\"Nc p\",\"-10\",False)","DisplayName":"FoodBLL_xuLyChinhSuaFood(1,\"Nc p\",\"-10\",False)","ExecutorUri":"executor://NUnit3TestExecutor","Source":"D:\\HK3\\LTTQ\\winform code\\testing\\QuanLyQuanCafe\\TestProject2\\bin\\Debug\\net472\\fine-code-coverage\\build-output\\TestProject2.dll","CodeFilePath":null,"LineNumber":0,"Properties":[]},"Attachments":[],"Outcome":1,"ErrorMessage":null,"ErrorStackTrace":null,"DisplayName":"FoodBLL_xuLyChinhSuaFood(1,\"Nc p\",\"-10\",False)","Messages":[],"ComputerName":"LAPTOP-V8PS969S","Duration":"00:00:00.0010000","StartTime":"2023-12-25T08:01:54+00:00","EndTime":"2023-12-25T08:01:54+00:00","Properties":[]},{"TestCase":{"Id":"835d3988-bfb6-a614-e024-724b08cd492c","FullyQualifiedName":"TestProject2.BLLTest.FoodBLLTest.FoodBLL_xuLyChinhSuaFood(1,\"Nc p\",\"adjd\",False)","DisplayName":"FoodBLL_xuLyChinhSuaFood(1,\"Nc p\",\"adjd\",False)","ExecutorUri":"executor://NUnit3TestExecutor","Source":"D:\\HK3\\LTTQ\\winform code\\testing\\QuanLyQuanCafe\\TestProject2\\bin\\Debug\\net472\\fine-code-coverage\\build-output\\TestProject2.dll","CodeFilePath":null,"LineNumber":0,"Properties":[]},"Attachments":[],"Outcome":1,"ErrorMessage":null,"ErrorStackTrace":null,"DisplayName":"FoodBLL_xuLyChinhSuaFood(1,\"Nc p\",\"adjd\",False)","Messages":[],"ComputerName":"LAPTOP-V8PS969S","Duration":"00:00:00.0000001","StartTime":"2023-12-25T08:01:54+00:00","EndTime":"2023-12-25T08:01:54+00:00","Properties":[]},{"TestCase":{"Id":"f6b7931f-9dd3-6ead-c7c9-3b83162fe472","FullyQualifiedName":"TestProject2.BLLTest.FoodBLLTest.FoodBLL_xuLyChinhSuaFood(1,\"C ph\",\"10500\",False)","DisplayName":"FoodBLL_xuLyChinhSuaFood(1,\"C ph\",\"10500\",False)","ExecutorUri":"executor://NUnit3TestExecutor","Source":"D:\\HK3\\LTTQ\\winform code\\testing\\QuanLyQuanCafe\\TestProject2\\bin\\Debug\\net472\\fine-code-coverage\\build-output\\TestProject2.dll","CodeFilePath":null,"LineNumber":0,"Properties":[]},"Attachments":[],"Outcome":1,"ErrorMessage":null,"ErrorStackTrace":null,"DisplayName":"FoodBLL_xuLyChinhSuaFood(1,\"C ph\",\"10500\",False)","Messages":[],"ComputerName":"LAPTOP-V8PS969S","Duration":"00:00:00.0000001","StartTime":"2023-12-25T08:01:54+00:00","EndTime":"2023-12-25T08:01:54+00:00","Properties":[]},{"TestCase":{"Id":"92ac8de0-1926-f491-082d-9376d7191af0","FullyQualifiedName":"TestProject2.BLLTest.FoodBLLTest.FoodBLL_xuLyChinhSuaFood(1,\"C ph sa\",\"10500\",True)","DisplayName":"FoodBLL_xuLyChinhSuaFood(1,\"C ph sa\",\"10500\",True)","ExecutorUri":"executor://NUnit3TestExecutor","Source":"D:\\HK3\\LTTQ\\winform code\\testing\\QuanLyQuanCafe\\TestProject2\\bin\\Debug\\net472\\fine-code-coverage\\build-output\\TestProject2.dll","CodeFilePath":null,"LineNumber":0,"Properties":[]},"Attachments":[],"Outcome":1,"ErrorMessage":null,"ErrorStackTrace":null,"DisplayName":"FoodBLL_xuLyChinhSuaFood(1,\"C ph sa\",\"10500\",True)","Messages":[],"ComputerName":"LAPTOP-V8PS969S","Duration":"00:00:00.0000001","StartTime":"2023-12-25T08:01:54+00:00","EndTime":"2023-12-25T08:01:54+00:00","Properties":[]},{"TestCase":{"Id":"5bd444c3-b871-533a-8d96-03cfd7f1264e","FullyQualifiedName":"TestProject2.BLLTest.FoodBLLTest.FoodBLL_xuLyThemFood(\"\",\"10450\",False)","DisplayName":"FoodBLL_xuLyThemFood(\"\",\"10450\",False)","ExecutorUri":"executor://NUnit3TestExecutor","Source":"D:\\HK3\\LTTQ\\winform code\\testing\\QuanLyQuanCafe\\TestProject2\\bin\\Debug\\net472\\fine-code-coverage\\build-output\\TestProject2.dll","CodeFilePath":null,"LineNumber":0,"Properties":[]},"Attachments":[],"Outcome":1,"ErrorMessage":null,"ErrorStackTrace":null,"DisplayName":"FoodBLL_xuLyThemFood(\"\",\"10450\",False)","Messages":[],"ComputerName":"LAPTOP-V8PS969S","Duration":"00:00:00.0020000","StartTime":"2023-12-25T08:01:54+00:00","EndTime":"2023-12-25T08:01:54+00:00","Properties":[]},{"TestCase":{"Id":"0c44b79f-e225-266a-7896-8ad0ab92326f","FullyQualifiedName":"TestProject2.BLLTest.FoodBLLTest.FoodBLL_xuLyThemFood(\"Sinh t\",\"\",False)","DisplayName":"FoodBLL_xuLyThemFood(\"Sinh t\",\"\",False)","ExecutorUri":"executor://NUnit3TestExecutor","Source":"D:\\HK3\\LTTQ\\winform code\\testing\\QuanLyQuanCafe\\TestProject2\\bin\\Debug\\net472\\fine-code-coverage\\build-output\\TestProject2.dll","CodeFilePath":null,"LineNumber":0,"Properties":[]},"Attachments":[],"Outcome":1,"ErrorMessage":null,"ErrorStackTrace":null,"DisplayName":"FoodBLL_xuLyThemFood(\"Sinh t\",\"\",False)","Messages":[],"ComputerName":"LAPTOP-V8PS969S","Duration":"00:00:00.0000001","StartTime":"2023-12-25T08:01:54+00:00","EndTime":"2023-12-25T08:01:54+00:00","Properties":[]}],"TestRunStatistics":{"ExecutedTests":63,"Stats":{"Passed":63}},"ActiveTests":[{"Id":"9a6fae72-819c-7d01-1d62-617a6db6610b","FullyQualifiedName":"TestProject2.BLLTest.FoodBLLTest.FoodBLL_xuLyThemFood(\"Nc p\",\"-10\",False)","DisplayName":"FoodBLL_xuLyThemFood(\"Nc p\",\"-10\",False)","ExecutorUri":"executor://NUnit3TestExecutor","Source":"D:\\HK3\\LTTQ\\winform code\\testing\\QuanLyQuanCafe\\TestProject2\\bin\\Debug\\net472\\fine-code-coverage\\build-output\\TestProject2.dll","CodeFilePath":null,"LineNumber":0,"Properties":[]}]}}
TpTrace Verbose: 0 : 24164, 14, 2023/12/25, 15:01:54.230, 7156034463750, vstest.console.dll, TestRunRequest:SendTestRunStatsChange: Starting.
TpTrace Verbose: 0 : 24164, 14, 2023/12/25, 15:01:54.230, 7156034464324, vstest.console.dll, InProgress is FoodBLL_xuLyThemFood("Nc p","-10",False)
TpTrace Verbose: 0 : 24164, 14, 2023/12/25, 15:01:54.230, 7156034464931, vstest.console.dll, MulticastDelegateUtilities.SafeInvoke: TestRun.RunStatsChanged: Invoking callbacks was skipped because there are no subscribers.
TpTrace Information: 0 : 24164, 14, 2023/12/25, 15:01:54.230, 7156034465140, vstest.console.dll, TestRunRequest:SendTestRunStatsChange: Completed.
TpTrace Verbose: 0 : 24164, 14, 2023/12/25, 15:01:54.230, 7156034465377, vstest.console.dll, MulticastDelegateUtilities.SafeInvoke: LengthPrefixCommunicationChannel: MessageReceived: Invoking callback 1/1 for Microsoft.VisualStudio.TestPlatform.CommunicationUtilities.TestRequestSender+<>c__DisplayClass34_0., took 0 ms.
TpTrace Verbose: 0 : 24164, 14, 2023/12/25, 15:01:54.230, 7156034465613, vstest.console.dll, TcpClientExtensions.MessageLoopAsync: Polling on remoteEndPoint: 127.0.0.1:53657 localEndPoint: 127.0.0.1:53656
TpTrace Verbose: 0 : 24164, 4, 2023/12/25, 15:01:54.230, 7156034465774, vstest.console.dll, MulticastDelegateUtilities.SafeInvoke: InternalTestLoggerEvents.SendTestResult: Invoking callback 1/1 for Microsoft.VisualStudio.TestPlatform.CommandLine.Internal.ConsoleLogger., took 0 ms.
TpTrace Verbose: 0 : 24164, 4, 2023/12/25, 15:01:54.231, 7156034466599, vstest.console.dll, MulticastDelegateUtilities.SafeInvoke: InternalTestLoggerEvents.SendTestResult: Invoking callback 1/1 for Microsoft.VisualStudio.TestPlatform.CommandLine.Internal.ConsoleLogger., took 0 ms.
TpTrace Verbose: 0 : 24164, 4, 2023/12/25, 15:01:54.231, 7156034467076, vstest.console.dll, MulticastDelegateUtilities.SafeInvoke: InternalTestLoggerEvents.SendTestResult: Invoking callback 1/1 for Microsoft.VisualStudio.TestPlatform.CommandLine.Internal.ConsoleLogger., took 0 ms.
TpTrace Verbose: 0 : 24164, 4, 2023/12/25, 15:01:54.231, 7156034467533, vstest.console.dll, MulticastDelegateUtilities.SafeInvoke: InternalTestLoggerEvents.SendTestResult: Invoking callback 1/1 for Microsoft.VisualStudio.TestPlatform.CommandLine.Internal.ConsoleLogger., took 0 ms.
TpTrace Verbose: 0 : 24164, 4, 2023/12/25, 15:01:54.231, 7156034467963, vstest.console.dll, MulticastDelegateUtilities.SafeInvoke: InternalTestLoggerEvents.SendTestResult: Invoking callback 1/1 for Microsoft.VisualStudio.TestPlatform.CommandLine.Internal.ConsoleLogger., took 0 ms.
TpTrace Verbose: 0 : 24164, 4, 2023/12/25, 15:01:54.231, 7156034468367, vstest.console.dll, MulticastDelegateUtilities.SafeInvoke: InternalTestLoggerEvents.SendTestResult: Invoking callback 1/1 for Microsoft.VisualStudio.TestPlatform.CommandLine.Internal.ConsoleLogger., took 0 ms.
TpTrace Verbose: 0 : 24164, 4, 2023/12/25, 15:01:54.231, 7156034468788, vstest.console.dll, MulticastDelegateUtilities.SafeInvoke: InternalTestLoggerEvents.SendTestResult: Invoking callback 1/1 for Microsoft.VisualStudio.TestPlatform.CommandLine.Internal.ConsoleLogger., took 0 ms.
TpTrace Verbose: 0 : 24164, 4, 2023/12/25, 15:01:54.231, 7156034469245, vstest.console.dll, MulticastDelegateUtilities.SafeInvoke: InternalTestLoggerEvents.SendTestResult: Invoking callback 1/1 for Microsoft.VisualStudio.TestPlatform.CommandLine.Internal.ConsoleLogger., took 0 ms.
TpTrace Verbose: 0 : 24164, 4, 2023/12/25, 15:01:54.231, 7156034469687, vstest.console.dll, MulticastDelegateUtilities.SafeInvoke: InternalTestLoggerEvents.SendTestResult: Invoking callback 1/1 for Microsoft.VisualStudio.TestPlatform.CommandLine.Internal.ConsoleLogger., took 0 ms.
TpTrace Verbose: 0 : 24164, 14, 2023/12/25, 15:01:54.283, 7156034992964, vstest.console.dll, TcpClientExtensions.MessageLoopAsync: NotifyDataAvailable remoteEndPoint: 127.0.0.1:53657 localEndPoint: 127.0.0.1:53656
TpTrace Verbose: 0 : 24164, 14, 2023/12/25, 15:01:54.283, 7156034995825, vstest.console.dll, TestRequestSender.OnExecutionMessageReceived: Received message: {"Version":7,"MessageType":"TestExecution.StatsChange","Payload":{"NewTestResults":[{"TestCase":{"Id":"9a6fae72-819c-7d01-1d62-617a6db6610b","FullyQualifiedName":"TestProject2.BLLTest.FoodBLLTest.FoodBLL_xuLyThemFood(\"Nc p\",\"-10\",False)","DisplayName":"FoodBLL_xuLyThemFood(\"Nc p\",\"-10\",False)","ExecutorUri":"executor://NUnit3TestExecutor","Source":"D:\\HK3\\LTTQ\\winform code\\testing\\QuanLyQuanCafe\\TestProject2\\bin\\Debug\\net472\\fine-code-coverage\\build-output\\TestProject2.dll","CodeFilePath":null,"LineNumber":0,"Properties":[]},"Attachments":[],"Outcome":1,"ErrorMessage":null,"ErrorStackTrace":null,"DisplayName":"FoodBLL_xuLyThemFood(\"Nc p\",\"-10\",False)","Messages":[],"ComputerName":"LAPTOP-V8PS969S","Duration":"00:00:00.0000001","StartTime":"2023-12-25T08:01:54+00:00","EndTime":"2023-12-25T08:01:54+00:00","Properties":[]},{"TestCase":{"Id":"103444ef-f8d8-87d8-0deb-8a17d4a35bec","FullyQualifiedName":"TestProject2.BLLTest.FoodBLLTest.FoodBLL_xuLyThemFood(\"Nc p\",\"adjd\",False)","DisplayName":"FoodBLL_xuLyThemFood(\"Nc p\",\"adjd\",False)","ExecutorUri":"executor://NUnit3TestExecutor","Source":"D:\\HK3\\LTTQ\\winform code\\testing\\QuanLyQuanCafe\\TestProject2\\bin\\Debug\\net472\\fine-code-coverage\\build-output\\TestProject2.dll","CodeFilePath":null,"LineNumber":0,"Properties":[]},"Attachments":[],"Outcome":1,"ErrorMessage":null,"ErrorStackTrace":null,"DisplayName":"FoodBLL_xuLyThemFood(\"Nc p\",\"adjd\",False)","Messages":[],"ComputerName":"LAPTOP-V8PS969S","Duration":"00:00:00.0070000","StartTime":"2023-12-25T08:01:54+00:00","EndTime":"2023-12-25T08:01:54+00:00","Properties":[]},{"TestCase":{"Id":"094ec39d-1aea-0701-3568-0866aa37edec","FullyQualifiedName":"TestProject2.BLLTest.FoodBLLTest.FoodBLL_xuLyThemFood(\"C ph\",\"10500\",False)","DisplayName":"FoodBLL_xuLyThemFood(\"C ph\",\"10500\",False)","ExecutorUri":"executor://NUnit3TestExecutor","Source":"D:\\HK3\\LTTQ\\winform code\\testing\\QuanLyQuanCafe\\TestProject2\\bin\\Debug\\net472\\fine-code-coverage\\build-output\\TestProject2.dll","CodeFilePath":null,"LineNumber":0,"Properties":[]},"Attachments":[],"Outcome":1,"ErrorMessage":null,"ErrorStackTrace":null,"DisplayName":"FoodBLL_xuLyThemFood(\"C ph\",\"10500\",False)","Messages":[],"ComputerName":"LAPTOP-V8PS969S","Duration":"00:00:00.0000001","StartTime":"2023-12-25T08:01:54+00:00","EndTime":"2023-12-25T08:01:54+00:00","Properties":[]},{"TestCase":{"Id":"a9fa95ac-abe4-9dfe-9a46-5f320e4cc907","FullyQualifiedName":"TestProject2.BLLTest.FoodBLLTest.FoodBLL_xuLyThemFood(\"C ph sa\",\"10500\",True)","DisplayName":"FoodBLL_xuLyThemFood(\"C ph sa\",\"10500\",True)","ExecutorUri":"executor://NUnit3TestExecutor","Source":"D:\\HK3\\LTTQ\\winform code\\testing\\QuanLyQuanCafe\\TestProject2\\bin\\Debug\\net472\\fine-code-coverage\\build-output\\TestProject2.dll","CodeFilePath":null,"LineNumber":0,"Properties":[]},"Attachments":[],"Outcome":1,"ErrorMessage":null,"ErrorStackTrace":null,"DisplayName":"FoodBLL_xuLyThemFood(\"C ph sa\",\"10500\",True)","Messages":[],"ComputerName":"LAPTOP-V8PS969S","Duration":"00:00:00.0000001","StartTime":"2023-12-25T08:01:54+00:00","EndTime":"2023-12-25T08:01:54+00:00","Properties":[]},{"TestCase":{"Id":"8d570fc7-3a43-c862-caf8-4c2e0b37ae34","FullyQualifiedName":"TestProject2.BLLTest.MenuBLLTest.MenuBLL_hienThiMenu","DisplayName":"MenuBLL_hienThiMenu","ExecutorUri":"executor://NUnit3TestExecutor","Source":"D:\\HK3\\LTTQ\\winform code\\testing\\QuanLyQuanCafe\\TestProject2\\bin\\Debug\\net472\\fine-code-coverage\\build-output\\TestProject2.dll","CodeFilePath":null,"LineNumber":0,"Properties":[]},"Attachments":[],"Outcome":2,"ErrorMessage":"  Expected: <>\r\n  But was:  null\r\n","ErrorStackTrace":"   at TestProject2.BLLTest.MenuBLLTest.MenuBLL_hienThiMenu() in D:\\HK3\\LTTQ\\winform code\\testing\\QuanLyQuanCafe\\TestProject2\\BLLTest\\MenuBLLTest.cs:line 41\r\n","DisplayName":"MenuBLL_hienThiMenu","Messages":[],"ComputerName":"LAPTOP-V8PS969S","Duration":"00:00:00.2040000","StartTime":"2023-12-25T08:01:54+00:00","EndTime":"2023-12-25T08:01:54+00:00","Properties":[]},{"TestCase":{"Id":"08918a97-0fdd-5b74-5b41-f5306c20ea92","FullyQualifiedName":"TestProject2.BLLTest.MenuBLLTest.MenuBLL_hienThiMenuByIDBill","DisplayName":"MenuBLL_hienThiMenuByIDBill","ExecutorUri":"executor://NUnit3TestExecutor","Source":"D:\\HK3\\LTTQ\\winform code\\testing\\QuanLyQuanCafe\\TestProject2\\bin\\Debug\\net472\\fine-code-coverage\\build-output\\TestProject2.dll","CodeFilePath":null,"LineNumber":0,"Properties":[]},"Attachments":[],"Outcome":1,"ErrorMessage":null,"ErrorStackTrace":null,"DisplayName":"MenuBLL_hienThiMenuByIDBill","Messages":[],"ComputerName":"LAPTOP-V8PS969S","Duration":"00:00:00.0020000","StartTime":"2023-12-25T08:01:54+00:00","EndTime":"2023-12-25T08:01:54+00:00","Properties":[]},{"TestCase":{"Id":"e0fb8ee4-393b-3d71-09e8-bc20144a7d2f","FullyQualifiedName":"TestProject2.BLLTest.TableBLLTest.TableBLL_chinhSuaRow_ShouldReturnTr(\"Bi 0\",\"Trng\")","DisplayName":"TableBLL_chinhSuaRow_ShouldReturnTr(\"Bi 0\",\"Trng\")","ExecutorUri":"executor://NUnit3TestExecutor","Source":"D:\\HK3\\LTTQ\\winform code\\testing\\QuanLyQuanCafe\\TestProject2\\bin\\Debug\\net472\\fine-code-coverage\\build-output\\TestProject2.dll","CodeFilePath":null,"LineNumber":0,"Properties":[]},"Attachments":[],"Outcome":1,"ErrorMessage":null,"ErrorStackTrace":null,"DisplayName":"TableBLL_chinhSuaRow_ShouldReturnTr(\"Bi 0\",\"Trng\")","Messages":[],"ComputerName":"LAPTOP-V8PS969S","Duration":"00:00:00.0050000","StartTime":"2023-12-25T08:01:54+00:00","EndTime":"2023-12-25T08:01:54+00:00","Properties":[]},{"TestCase":{"Id":"aed4e6cb-2b16-a918-69a0-ab0a8052bc5f","FullyQualifiedName":"TestProject2.BLLTest.TableBLLTest.TableBLL_chinhSuaRow_ShouldReturnTrue(\"Bn 170\",\"Trng\")","DisplayName":"TableBLL_chinhSuaRow_ShouldReturnTrue(\"Bn 170\",\"Trng\")","ExecutorUri":"executor://NUnit3TestExecutor","Source":"D:\\HK3\\LTTQ\\winform code\\testing\\QuanLyQuanCafe\\TestProject2\\bin\\Debug\\net472\\fine-code-coverage\\build-output\\TestProject2.dll","CodeFilePath":null,"LineNumber":0,"Properties":[]},"Attachments":[],"Outcome":1,"ErrorMessage":null,"ErrorStackTrace":null,"DisplayName":"TableBLL_chinhSuaRow_ShouldReturnTrue(\"Bn 170\",\"Trng\")","Messages":[],"ComputerName":"LAPTOP-V8PS969S","Duration":"00:00:00.0010000","StartTime":"2023-12-25T08:01:54+00:00","EndTime":"2023-12-25T08:01:54+00:00","Properties":[]},{"TestCase":{"Id":"272c8c2a-1987-8916-b587-a3e73b935abb","FullyQualifiedName":"TestProject2.BLLTest.TableBLLTest.TableBLL_danhSachBanAn","DisplayName":"TableBLL_danhSachBanAn","ExecutorUri":"executor://NUnit3TestExecutor","Source":"D:\\HK3\\LTTQ\\winform code\\testing\\QuanLyQuanCafe\\TestProject2\\bin\\Debug\\net472\\fine-code-coverage\\build-output\\TestProject2.dll","CodeFilePath":null,"LineNumber":0,"Properties":[]},"Attachments":[],"Outcome":1,"ErrorMessage":null,"ErrorStackTrace":null,"DisplayName":"TableBLL_danhSachBanAn","Messages":[],"ComputerName":"LAPTOP-V8PS969S","Duration":"00:00:00.0060000","StartTime":"2023-12-25T08:01:54+00:00","EndTime":"2023-12-25T08:01:54+00:00","Properties":[]}],"TestRunStatistics":{"ExecutedTests":72,"Stats":{"Passed":71,"Failed":1}},"ActiveTests":[{"Id":"7e439ddd-7860-ff38-d44f-7c30cad361c1","FullyQualifiedName":"TestProject2.BLLTest.TableBLLTest.TableBLL_danhSachIDTable","DisplayName":"TableBLL_danhSachIDTable","ExecutorUri":"executor://NUnit3TestExecutor","Source":"D:\\HK3\\LTTQ\\winform code\\testing\\QuanLyQuanCafe\\TestProject2\\bin\\Debug\\net472\\fine-code-coverage\\build-output\\TestProject2.dll","CodeFilePath":null,"LineNumber":0,"Properties":[]}]}}
TpTrace Verbose: 0 : 24164, 14, 2023/12/25, 15:01:54.285, 7156035006919, vstest.console.dll, TestRunRequest:SendTestRunStatsChange: Starting.
TpTrace Verbose: 0 : 24164, 14, 2023/12/25, 15:01:54.285, 7156035007451, vstest.console.dll, InProgress is TableBLL_danhSachIDTable
TpTrace Verbose: 0 : 24164, 14, 2023/12/25, 15:01:54.285, 7156035007864, vstest.console.dll, MulticastDelegateUtilities.SafeInvoke: TestRun.RunStatsChanged: Invoking callbacks was skipped because there are no subscribers.
TpTrace Information: 0 : 24164, 14, 2023/12/25, 15:01:54.285, 7156035008118, vstest.console.dll, TestRunRequest:SendTestRunStatsChange: Completed.
TpTrace Verbose: 0 : 24164, 14, 2023/12/25, 15:01:54.285, 7156035008427, vstest.console.dll, MulticastDelegateUtilities.SafeInvoke: LengthPrefixCommunicationChannel: MessageReceived: Invoking callback 1/1 for Microsoft.VisualStudio.TestPlatform.CommunicationUtilities.TestRequestSender+<>c__DisplayClass34_0., took 1 ms.
TpTrace Verbose: 0 : 24164, 4, 2023/12/25, 15:01:54.285, 7156035008449, vstest.console.dll, MulticastDelegateUtilities.SafeInvoke: InternalTestLoggerEvents.SendTestResult: Invoking callback 1/1 for Microsoft.VisualStudio.TestPlatform.CommandLine.Internal.ConsoleLogger., took 0 ms.
TpTrace Verbose: 0 : 24164, 14, 2023/12/25, 15:01:54.285, 7156035008812, vstest.console.dll, TcpClientExtensions.MessageLoopAsync: Polling on remoteEndPoint: 127.0.0.1:53657 localEndPoint: 127.0.0.1:53656
TpTrace Verbose: 0 : 24164, 4, 2023/12/25, 15:01:54.285, 7156035009306, vstest.console.dll, MulticastDelegateUtilities.SafeInvoke: InternalTestLoggerEvents.SendTestResult: Invoking callback 1/1 for Microsoft.VisualStudio.TestPlatform.CommandLine.Internal.ConsoleLogger., took 0 ms.
TpTrace Verbose: 0 : 24164, 4, 2023/12/25, 15:01:54.285, 7156035011600, vstest.console.dll, MulticastDelegateUtilities.SafeInvoke: InternalTestLoggerEvents.SendTestResult: Invoking callback 1/1 for Microsoft.VisualStudio.TestPlatform.CommandLine.Internal.ConsoleLogger., took 0 ms.
TpTrace Verbose: 0 : 24164, 4, 2023/12/25, 15:01:54.285, 7156035012017, vstest.console.dll, MulticastDelegateUtilities.SafeInvoke: InternalTestLoggerEvents.SendTestResult: Invoking callback 1/1 for Microsoft.VisualStudio.TestPlatform.CommandLine.Internal.ConsoleLogger., took 0 ms.
TpTrace Verbose: 0 : 24164, 4, 2023/12/25, 15:01:54.286, 7156035019525, vstest.console.dll, MulticastDelegateUtilities.SafeInvoke: InternalTestLoggerEvents.SendTestResult: Invoking callback 1/1 for Microsoft.VisualStudio.TestPlatform.CommandLine.Internal.ConsoleLogger., took 0 ms.
TpTrace Verbose: 0 : 24164, 4, 2023/12/25, 15:01:54.286, 7156035020705, vstest.console.dll, MulticastDelegateUtilities.SafeInvoke: InternalTestLoggerEvents.SendTestResult: Invoking callback 1/1 for Microsoft.VisualStudio.TestPlatform.CommandLine.Internal.ConsoleLogger., took 0 ms.
TpTrace Verbose: 0 : 24164, 4, 2023/12/25, 15:01:54.286, 7156035021302, vstest.console.dll, MulticastDelegateUtilities.SafeInvoke: InternalTestLoggerEvents.SendTestResult: Invoking callback 1/1 for Microsoft.VisualStudio.TestPlatform.CommandLine.Internal.ConsoleLogger., took 0 ms.
TpTrace Verbose: 0 : 24164, 4, 2023/12/25, 15:01:54.286, 7156035021818, vstest.console.dll, MulticastDelegateUtilities.SafeInvoke: InternalTestLoggerEvents.SendTestResult: Invoking callback 1/1 for Microsoft.VisualStudio.TestPlatform.CommandLine.Internal.ConsoleLogger., took 0 ms.
TpTrace Verbose: 0 : 24164, 4, 2023/12/25, 15:01:54.286, 7156035022353, vstest.console.dll, MulticastDelegateUtilities.SafeInvoke: InternalTestLoggerEvents.SendTestResult: Invoking callback 1/1 for Microsoft.VisualStudio.TestPlatform.CommandLine.Internal.ConsoleLogger., took 0 ms.
TpTrace Verbose: 0 : 24164, 14, 2023/12/25, 15:01:54.324, 7156035399496, vstest.console.dll, TcpClientExtensions.MessageLoopAsync: NotifyDataAvailable remoteEndPoint: 127.0.0.1:53657 localEndPoint: 127.0.0.1:53656
TpTrace Verbose: 0 : 24164, 14, 2023/12/25, 15:01:54.324, 7156035402241, vstest.console.dll, TestRequestSender.OnExecutionMessageReceived: Received message: {"Version":7,"MessageType":"TestExecution.StatsChange","Payload":{"NewTestResults":[{"TestCase":{"Id":"7e439ddd-7860-ff38-d44f-7c30cad361c1","FullyQualifiedName":"TestProject2.BLLTest.TableBLLTest.TableBLL_danhSachIDTable","DisplayName":"TableBLL_danhSachIDTable","ExecutorUri":"executor://NUnit3TestExecutor","Source":"D:\\HK3\\LTTQ\\winform code\\testing\\QuanLyQuanCafe\\TestProject2\\bin\\Debug\\net472\\fine-code-coverage\\build-output\\TestProject2.dll","CodeFilePath":null,"LineNumber":0,"Properties":[]},"Attachments":[],"Outcome":1,"ErrorMessage":null,"ErrorStackTrace":null,"DisplayName":"TableBLL_danhSachIDTable","Messages":[],"ComputerName":"LAPTOP-V8PS969S","Duration":"00:00:00.0010000","StartTime":"2023-12-25T08:01:54+00:00","EndTime":"2023-12-25T08:01:54+00:00","Properties":[]},{"TestCase":{"Id":"455ac06e-c8de-f309-a941-7bc880dcfad8","FullyQualifiedName":"TestProject2.BLLTest.TableBLLTest.TableBLL_HienThiTable","DisplayName":"TableBLL_HienThiTable","ExecutorUri":"executor://NUnit3TestExecutor","Source":"D:\\HK3\\LTTQ\\winform code\\testing\\QuanLyQuanCafe\\TestProject2\\bin\\Debug\\net472\\fine-code-coverage\\build-output\\TestProject2.dll","CodeFilePath":null,"LineNumber":0,"Properties":[]},"Attachments":[],"Outcome":1,"ErrorMessage":null,"ErrorStackTrace":null,"DisplayName":"TableBLL_HienThiTable","Messages":[],"ComputerName":"LAPTOP-V8PS969S","Duration":"00:00:00.0010000","StartTime":"2023-12-25T08:01:54+00:00","EndTime":"2023-12-25T08:01:54+00:00","Properties":[]},{"TestCase":{"Id":"ef79d353-847b-b91a-d314-199957a404fa","FullyQualifiedName":"TestProject2.BLLTest.TableBLLTest.TableBLL_themRow_ShouldReturnTrueForDistinguishTable(\"Bn 200\",\"Trng\")","DisplayName":"TableBLL_themRow_ShouldReturnTrueForDistinguishTable(\"Bn 200\",\"Trng\")","ExecutorUri":"executor://NUnit3TestExecutor","Source":"D:\\HK3\\LTTQ\\winform code\\testing\\QuanLyQuanCafe\\TestProject2\\bin\\Debug\\net472\\fine-code-coverage\\build-output\\TestProject2.dll","CodeFilePath":null,"LineNumber":0,"Properties":[]},"Attachments":[],"Outcome":1,"ErrorMessage":null,"ErrorStackTrace":null,"DisplayName":"TableBLL_themRow_ShouldReturnTrueForDistinguishTable(\"Bn 200\",\"Trng\")","Messages":[],"ComputerName":"LAPTOP-V8PS969S","Duration":"00:00:00.0010000","StartTime":"2023-12-25T08:01:54+00:00","EndTime":"2023-12-25T08:01:54+00:00","Properties":[]},{"TestCase":{"Id":"5684a813-347a-b3ba-e532-5950adcae18e","FullyQualifiedName":"TestProject2.BLLTest.TableBLLTest.TableBLL_themRow_ShouldReturnTrueForNotDistinguishTable(\"Bn 2\",\"Trng\")","DisplayName":"TableBLL_themRow_ShouldReturnTrueForNotDistinguishTable(\"Bn 2\",\"Trng\")","ExecutorUri":"executor://NUnit3TestExecutor","Source":"D:\\HK3\\LTTQ\\winform code\\testing\\QuanLyQuanCafe\\TestProject2\\bin\\Debug\\net472\\fine-code-coverage\\build-output\\TestProject2.dll","CodeFilePath":null,"LineNumber":0,"Properties":[]},"Attachments":[],"Outcome":1,"ErrorMessage":null,"ErrorStackTrace":null,"DisplayName":"TableBLL_themRow_ShouldReturnTrueForNotDistinguishTable(\"Bn 2\",\"Trng\")","Messages":[],"ComputerName":"LAPTOP-V8PS969S","Duration":"00:00:00.0010000","StartTime":"2023-12-25T08:01:54+00:00","EndTime":"2023-12-25T08:01:54+00:00","Properties":[]},{"TestCase":{"Id":"1502d13e-2779-006c-74d0-27737a911f9e","FullyQualifiedName":"TestProject2.BLLTest.TableBLLTest.TableBLL_TimKiemBanAn(\"Bn\")","DisplayName":"TableBLL_TimKiemBanAn(\"Bn\")","ExecutorUri":"executor://NUnit3TestExecutor","Source":"D:\\HK3\\LTTQ\\winform code\\testing\\QuanLyQuanCafe\\TestProject2\\bin\\Debug\\net472\\fine-code-coverage\\build-output\\TestProject2.dll","CodeFilePath":null,"LineNumber":0,"Properties":[]},"Attachments":[],"Outcome":1,"ErrorMessage":null,"ErrorStackTrace":null,"DisplayName":"TableBLL_TimKiemBanAn(\"Bn\")","Messages":[],"ComputerName":"LAPTOP-V8PS969S","Duration":"00:00:00.0020000","StartTime":"2023-12-25T08:01:54+00:00","EndTime":"2023-12-25T08:01:54+00:00","Properties":[]},{"TestCase":{"Id":"420bc154-ef86-989d-a073-48fc0c4e2fbd","FullyQualifiedName":"TestProject2.BLLTest.TableBLLTest.TableBLL_xoaRow_ShouldReturnFalse(0)","DisplayName":"TableBLL_xoaRow_ShouldReturnFalse(0)","ExecutorUri":"executor://NUnit3TestExecutor","Source":"D:\\HK3\\LTTQ\\winform code\\testing\\QuanLyQuanCafe\\TestProject2\\bin\\Debug\\net472\\fine-code-coverage\\build-output\\TestProject2.dll","CodeFilePath":null,"LineNumber":0,"Properties":[]},"Attachments":[],"Outcome":1,"ErrorMessage":null,"ErrorStackTrace":null,"DisplayName":"TableBLL_xoaRow_ShouldReturnFalse(0)","Messages":[],"ComputerName":"LAPTOP-V8PS969S","Duration":"00:00:00.0020000","StartTime":"2023-12-25T08:01:54+00:00","EndTime":"2023-12-25T08:01:54+00:00","Properties":[]},{"TestCase":{"Id":"ddaf7a5e-7f08-ba40-1723-48a59d46457c","FullyQualifiedName":"TestProject2.BLLTest.TableBLLTest.TableBLL_xoaRow_ShouldReturnTrue(28)","DisplayName":"TableBLL_xoaRow_ShouldReturnTrue(28)","ExecutorUri":"executor://NUnit3TestExecutor","Source":"D:\\HK3\\LTTQ\\winform code\\testing\\QuanLyQuanCafe\\TestProject2\\bin\\Debug\\net472\\fine-code-coverage\\build-output\\TestProject2.dll","CodeFilePath":null,"LineNumber":0,"Properties":[]},"Attachments":[],"Outcome":1,"ErrorMessage":null,"ErrorStackTrace":null,"DisplayName":"TableBLL_xoaRow_ShouldReturnTrue(28)","Messages":[],"ComputerName":"LAPTOP-V8PS969S","Duration":"00:00:00.0010000","StartTime":"2023-12-25T08:01:54+00:00","EndTime":"2023-12-25T08:01:54+00:00","Properties":[]},{"TestCase":{"Id":"3a5d9f77-926e-cb4c-500c-9b4eabdaf15d","FullyQualifiedName":"TestProject2.BLLTest.TableBLLTest.TableBLL_xuLyChinhSuaTable(1,\"\",False)","DisplayName":"TableBLL_xuLyChinhSuaTable(1,\"\",False)","ExecutorUri":"executor://NUnit3TestExecutor","Source":"D:\\HK3\\LTTQ\\winform code\\testing\\QuanLyQuanCafe\\TestProject2\\bin\\Debug\\net472\\fine-code-coverage\\build-output\\TestProject2.dll","CodeFilePath":null,"LineNumber":0,"Properties":[]},"Attachments":[],"Outcome":1,"ErrorMessage":null,"ErrorStackTrace":null,"DisplayName":"TableBLL_xuLyChinhSuaTable(1,\"\",False)","Messages":[],"ComputerName":"LAPTOP-V8PS969S","Duration":"00:00:00.0010000","StartTime":"2023-12-25T08:01:54+00:00","EndTime":"2023-12-25T08:01:54+00:00","Properties":[]},{"TestCase":{"Id":"3bbfcf59-6a08-931a-7deb-3f89f84a9b94","FullyQualifiedName":"TestProject2.BLLTest.TableBLLTest.TableBLL_xuLyChinhSuaTable(1,\"Bn 1\",False)","DisplayName":"TableBLL_xuLyChinhSuaTable(1,\"Bn 1\",False)","ExecutorUri":"executor://NUnit3TestExecutor","Source":"D:\\HK3\\LTTQ\\winform code\\testing\\QuanLyQuanCafe\\TestProject2\\bin\\Debug\\net472\\fine-code-coverage\\build-output\\TestProject2.dll","CodeFilePath":null,"LineNumber":0,"Properties":[]},"Attachments":[],"Outcome":1,"ErrorMessage":null,"ErrorStackTrace":null,"DisplayName":"TableBLL_xuLyChinhSuaTable(1,\"Bn 1\",False)","Messages":[],"ComputerName":"LAPTOP-V8PS969S","Duration":"00:00:00.0000001","StartTime":"2023-12-25T08:01:54+00:00","EndTime":"2023-12-25T08:01:54+00:00","Properties":[]}],"TestRunStatistics":{"ExecutedTests":81,"Stats":{"Passed":80,"Failed":1}},"ActiveTests":[{"Id":"ce195c9e-cb41-fb46-c6ec-e4ae61a1d9cb","FullyQualifiedName":"TestProject2.BLLTest.TableBLLTest.TableBLL_xuLyChinhSuaTable(1,\"Bn 2\",False)","DisplayName":"TableBLL_xuLyChinhSuaTable(1,\"Bn 2\",False)","ExecutorUri":"executor://NUnit3TestExecutor","Source":"D:\\HK3\\LTTQ\\winform code\\testing\\QuanLyQuanCafe\\TestProject2\\bin\\Debug\\net472\\fine-code-coverage\\build-output\\TestProject2.dll","CodeFilePath":null,"LineNumber":0,"Properties":[]}]}}
TpTrace Verbose: 0 : 24164, 14, 2023/12/25, 15:01:54.325, 7156035412343, vstest.console.dll, TestRunRequest:SendTestRunStatsChange: Starting.
TpTrace Verbose: 0 : 24164, 14, 2023/12/25, 15:01:54.325, 7156035412939, vstest.console.dll, InProgress is TableBLL_xuLyChinhSuaTable(1,"Bn 2",False)
TpTrace Verbose: 0 : 24164, 14, 2023/12/25, 15:01:54.325, 7156035413383, vstest.console.dll, MulticastDelegateUtilities.SafeInvoke: TestRun.RunStatsChanged: Invoking callbacks was skipped because there are no subscribers.
TpTrace Information: 0 : 24164, 14, 2023/12/25, 15:01:54.325, 7156035413676, vstest.console.dll, TestRunRequest:SendTestRunStatsChange: Completed.
TpTrace Verbose: 0 : 24164, 14, 2023/12/25, 15:01:54.325, 7156035414007, vstest.console.dll, MulticastDelegateUtilities.SafeInvoke: LengthPrefixCommunicationChannel: MessageReceived: Invoking callback 1/1 for Microsoft.VisualStudio.TestPlatform.CommunicationUtilities.TestRequestSender+<>c__DisplayClass34_0., took 1 ms.
TpTrace Verbose: 0 : 24164, 4, 2023/12/25, 15:01:54.325, 7156035414015, vstest.console.dll, MulticastDelegateUtilities.SafeInvoke: InternalTestLoggerEvents.SendTestResult: Invoking callback 1/1 for Microsoft.VisualStudio.TestPlatform.CommandLine.Internal.ConsoleLogger., took 0 ms.
TpTrace Verbose: 0 : 24164, 14, 2023/12/25, 15:01:54.325, 7156035414373, vstest.console.dll, TcpClientExtensions.MessageLoopAsync: Polling on remoteEndPoint: 127.0.0.1:53657 localEndPoint: 127.0.0.1:53656
TpTrace Verbose: 0 : 24164, 4, 2023/12/25, 15:01:54.325, 7156035414912, vstest.console.dll, MulticastDelegateUtilities.SafeInvoke: InternalTestLoggerEvents.SendTestResult: Invoking callback 1/1 for Microsoft.VisualStudio.TestPlatform.CommandLine.Internal.ConsoleLogger., took 0 ms.
TpTrace Verbose: 0 : 24164, 4, 2023/12/25, 15:01:54.326, 7156035417290, vstest.console.dll, MulticastDelegateUtilities.SafeInvoke: InternalTestLoggerEvents.SendTestResult: Invoking callback 1/1 for Microsoft.VisualStudio.TestPlatform.CommandLine.Internal.ConsoleLogger., took 0 ms.
TpTrace Verbose: 0 : 24164, 4, 2023/12/25, 15:01:54.326, 7156035417733, vstest.console.dll, MulticastDelegateUtilities.SafeInvoke: InternalTestLoggerEvents.SendTestResult: Invoking callback 1/1 for Microsoft.VisualStudio.TestPlatform.CommandLine.Internal.ConsoleLogger., took 0 ms.
TpTrace Verbose: 0 : 24164, 4, 2023/12/25, 15:01:54.326, 7156035418056, vstest.console.dll, MulticastDelegateUtilities.SafeInvoke: InternalTestLoggerEvents.SendTestResult: Invoking callback 1/1 for Microsoft.VisualStudio.TestPlatform.CommandLine.Internal.ConsoleLogger., took 0 ms.
TpTrace Verbose: 0 : 24164, 4, 2023/12/25, 15:01:54.326, 7156035418349, vstest.console.dll, MulticastDelegateUtilities.SafeInvoke: InternalTestLoggerEvents.SendTestResult: Invoking callback 1/1 for Microsoft.VisualStudio.TestPlatform.CommandLine.Internal.ConsoleLogger., took 0 ms.
TpTrace Verbose: 0 : 24164, 4, 2023/12/25, 15:01:54.326, 7156035418623, vstest.console.dll, MulticastDelegateUtilities.SafeInvoke: InternalTestLoggerEvents.SendTestResult: Invoking callback 1/1 for Microsoft.VisualStudio.TestPlatform.CommandLine.Internal.ConsoleLogger., took 0 ms.
TpTrace Verbose: 0 : 24164, 4, 2023/12/25, 15:01:54.326, 7156035419408, vstest.console.dll, MulticastDelegateUtilities.SafeInvoke: InternalTestLoggerEvents.SendTestResult: Invoking callback 1/1 for Microsoft.VisualStudio.TestPlatform.CommandLine.Internal.ConsoleLogger., took 0 ms.
TpTrace Verbose: 0 : 24164, 4, 2023/12/25, 15:01:54.326, 7156035419925, vstest.console.dll, MulticastDelegateUtilities.SafeInvoke: InternalTestLoggerEvents.SendTestResult: Invoking callback 1/1 for Microsoft.VisualStudio.TestPlatform.CommandLine.Internal.ConsoleLogger., took 0 ms.
TpTrace Verbose: 0 : 24164, 14, 2023/12/25, 15:01:55.328, 7156045445215, vstest.console.dll, TcpClientExtensions.MessageLoopAsync: Polling on remoteEndPoint: 127.0.0.1:53657 localEndPoint: 127.0.0.1:53656
TpTrace Verbose: 0 : 24164, 14, 2023/12/25, 15:01:55.568, 7156047836605, vstest.console.dll, TcpClientExtensions.MessageLoopAsync: NotifyDataAvailable remoteEndPoint: 127.0.0.1:53657 localEndPoint: 127.0.0.1:53656
TpTrace Verbose: 0 : 24164, 14, 2023/12/25, 15:01:55.568, 7156047842144, vstest.console.dll, TestRequestSender.OnExecutionMessageReceived: Received message: {"Version":7,"MessageType":"TestExecution.StatsChange","Payload":{"NewTestResults":[{"TestCase":{"Id":"ce195c9e-cb41-fb46-c6ec-e4ae61a1d9cb","FullyQualifiedName":"TestProject2.BLLTest.TableBLLTest.TableBLL_xuLyChinhSuaTable(1,\"Bn 2\",False)","DisplayName":"TableBLL_xuLyChinhSuaTable(1,\"Bn 2\",False)","ExecutorUri":"executor://NUnit3TestExecutor","Source":"D:\\HK3\\LTTQ\\winform code\\testing\\QuanLyQuanCafe\\TestProject2\\bin\\Debug\\net472\\fine-code-coverage\\build-output\\TestProject2.dll","CodeFilePath":null,"LineNumber":0,"Properties":[]},"Attachments":[],"Outcome":1,"ErrorMessage":null,"ErrorStackTrace":null,"DisplayName":"TableBLL_xuLyChinhSuaTable(1,\"Bn 2\",False)","Messages":[],"ComputerName":"LAPTOP-V8PS969S","Duration":"00:00:00.0000001","StartTime":"2023-12-25T08:01:54+00:00","EndTime":"2023-12-25T08:01:54+00:00","Properties":[]},{"TestCase":{"Id":"f4a46edc-a528-5f1a-9449-557f5f1e4f34","FullyQualifiedName":"TestProject2.BLLTest.TableBLLTest.TableBLL_xuLyChinhSuaTable(1,\"Bn 5\",True)","DisplayName":"TableBLL_xuLyChinhSuaTable(1,\"Bn 5\",True)","ExecutorUri":"executor://NUnit3TestExecutor","Source":"D:\\HK3\\LTTQ\\winform code\\testing\\QuanLyQuanCafe\\TestProject2\\bin\\Debug\\net472\\fine-code-coverage\\build-output\\TestProject2.dll","CodeFilePath":null,"LineNumber":0,"Properties":[]},"Attachments":[],"Outcome":1,"ErrorMessage":null,"ErrorStackTrace":null,"DisplayName":"TableBLL_xuLyChinhSuaTable(1,\"Bn 5\",True)","Messages":[],"ComputerName":"LAPTOP-V8PS969S","Duration":"00:00:00.0000001","StartTime":"2023-12-25T08:01:54+00:00","EndTime":"2023-12-25T08:01:54+00:00","Properties":[]},{"TestCase":{"Id":"59c68668-9c29-5c3a-8a42-d99fe8585d1d","FullyQualifiedName":"TestProject2.BLLTest.TableBLLTest.TableBLL_xuLyThemTable(\"\",False)","DisplayName":"TableBLL_xuLyThemTable(\"\",False)","ExecutorUri":"executor://NUnit3TestExecutor","Source":"D:\\HK3\\LTTQ\\winform code\\testing\\QuanLyQuanCafe\\TestProject2\\bin\\Debug\\net472\\fine-code-coverage\\build-output\\TestProject2.dll","CodeFilePath":null,"LineNumber":0,"Properties":[]},"Attachments":[],"Outcome":1,"ErrorMessage":null,"ErrorStackTrace":null,"DisplayName":"TableBLL_xuLyThemTable(\"\",False)","Messages":[],"ComputerName":"LAPTOP-V8PS969S","Duration":"00:00:00.0010000","StartTime":"2023-12-25T08:01:54+00:00","EndTime":"2023-12-25T08:01:54+00:00","Properties":[]},{"TestCase":{"Id":"6d897d68-fa43-a2bf-8228-2f329575d783","FullyQualifiedName":"TestProject2.BLLTest.TableBLLTest.TableBLL_xuLyThemTable(\"Bn 1\",False)","DisplayName":"TableBLL_xuLyThemTable(\"Bn 1\",False)","ExecutorUri":"executor://NUnit3TestExecutor","Source":"D:\\HK3\\LTTQ\\winform code\\testing\\QuanLyQuanCafe\\TestProject2\\bin\\Debug\\net472\\fine-code-coverage\\build-output\\TestProject2.dll","CodeFilePath":null,"LineNumber":0,"Properties":[]},"Attachments":[],"Outcome":1,"ErrorMessage":null,"ErrorStackTrace":null,"DisplayName":"TableBLL_xuLyThemTable(\"Bn 1\",False)","Messages":[],"ComputerName":"LAPTOP-V8PS969S","Duration":"00:00:00.0000001","StartTime":"2023-12-25T08:01:54+00:00","EndTime":"2023-12-25T08:01:54+00:00","Properties":[]},{"TestCase":{"Id":"e90ccc5b-ecac-8935-f4f8-5eeb2e6cd3ef","FullyQualifiedName":"TestProject2.BLLTest.TableBLLTest.TableBLL_xuLyThemTable(\"Bn 5\",True)","DisplayName":"TableBLL_xuLyThemTable(\"Bn 5\",True)","ExecutorUri":"executor://NUnit3TestExecutor","Source":"D:\\HK3\\LTTQ\\winform code\\testing\\QuanLyQuanCafe\\TestProject2\\bin\\Debug\\net472\\fine-code-coverage\\build-output\\TestProject2.dll","CodeFilePath":null,"LineNumber":0,"Properties":[]},"Attachments":[],"Outcome":1,"ErrorMessage":null,"ErrorStackTrace":null,"DisplayName":"TableBLL_xuLyThemTable(\"Bn 5\",True)","Messages":[],"ComputerName":"LAPTOP-V8PS969S","Duration":"00:00:00.0000001","StartTime":"2023-12-25T08:01:54+00:00","EndTime":"2023-12-25T08:01:54+00:00","Properties":[]},{"TestCase":{"Id":"2bb581ea-cecf-6cca-7cb2-f3646785eb19","FullyQualifiedName":"TestProject2.DALTest.CategoryDALTest.testchinhSuaRow(53,\"Soda kem\",True)","DisplayName":"testchinhSuaRow(53,\"Soda kem\",True)","ExecutorUri":"executor://NUnit3TestExecutor","Source":"D:\\HK3\\LTTQ\\winform code\\testing\\QuanLyQuanCafe\\TestProject2\\bin\\Debug\\net472\\fine-code-coverage\\build-output\\TestProject2.dll","CodeFilePath":null,"LineNumber":0,"Properties":[]},"Attachments":[],"Outcome":1,"ErrorMessage":null,"ErrorStackTrace":null,"DisplayName":"testchinhSuaRow(53,\"Soda kem\",True)","Messages":[],"ComputerName":"LAPTOP-V8PS969S","Duration":"00:00:01.1960000","StartTime":"2023-12-25T08:01:54+00:00","EndTime":"2023-12-25T08:01:55+00:00","Properties":[]},{"TestCase":{"Id":"e802e0bb-62fc-4105-07af-4e0ffe227417","FullyQualifiedName":"TestProject2.DALTest.CategoryDALTest.testchinhSuaRow(53,\"Sinh t\",False)","DisplayName":"testchinhSuaRow(53,\"Sinh t\",False)","ExecutorUri":"executor://NUnit3TestExecutor","Source":"D:\\HK3\\LTTQ\\winform code\\testing\\QuanLyQuanCafe\\TestProject2\\bin\\Debug\\net472\\fine-code-coverage\\build-output\\TestProject2.dll","CodeFilePath":null,"LineNumber":0,"Properties":[]},"Attachments":[],"Outcome":1,"ErrorMessage":null,"ErrorStackTrace":null,"DisplayName":"testchinhSuaRow(53,\"Sinh t\",False)","Messages":[],"ComputerName":"LAPTOP-V8PS969S","Duration":"00:00:00.0210000","StartTime":"2023-12-25T08:01:55+00:00","EndTime":"2023-12-25T08:01:55+00:00","Properties":[]},{"TestCase":{"Id":"d87f65e9-c360-214c-93ac-888625bc683f","FullyQualifiedName":"TestProject2.DALTest.CategoryDALTest.testdanhSachCategory","DisplayName":"testdanhSachCategory","ExecutorUri":"executor://NUnit3TestExecutor","Source":"D:\\HK3\\LTTQ\\winform code\\testing\\QuanLyQuanCafe\\TestProject2\\bin\\Debug\\net472\\fine-code-coverage\\build-output\\TestProject2.dll","CodeFilePath":null,"LineNumber":0,"Properties":[]},"Attachments":[],"Outcome":2,"ErrorMessage":"  Expected: 7\r\n  But was:  10\r\n","ErrorStackTrace":"   at TestProject2.DALTest.CategoryDALTest.testdanhSachCategory() in D:\\HK3\\LTTQ\\winform code\\testing\\QuanLyQuanCafe\\TestProject2\\DALTest\\CategoryDALTest.cs:line 39\r\n","DisplayName":"testdanhSachCategory","Messages":[],"ComputerName":"LAPTOP-V8PS969S","Duration":"00:00:00.0560000","StartTime":"2023-12-25T08:01:55+00:00","EndTime":"2023-12-25T08:01:55+00:00","Properties":[]},{"TestCase":{"Id":"2d5e6bf7-85c4-5ea4-90c8-fd78be3074f7","FullyQualifiedName":"TestProject2.DALTest.CategoryDALTest.testHienThiDanhSachFoodCategory","DisplayName":"testHienThiDanhSachFoodCategory","ExecutorUri":"executor://NUnit3TestExecutor","Source":"D:\\HK3\\LTTQ\\winform code\\testing\\QuanLyQuanCafe\\TestProject2\\bin\\Debug\\net472\\fine-code-coverage\\build-output\\TestProject2.dll","CodeFilePath":null,"LineNumber":0,"Properties":[]},"Attachments":[],"Outcome":2,"ErrorMessage":"  Expected: 7\r\n  But was:  10\r\n","ErrorStackTrace":"   at TestProject2.DALTest.CategoryDALTest.testHienThiDanhSachFoodCategory() in D:\\HK3\\LTTQ\\winform code\\testing\\QuanLyQuanCafe\\TestProject2\\DALTest\\CategoryDALTest.cs:line 28\r\n","DisplayName":"testHienThiDanhSachFoodCategory","Messages":[],"ComputerName":"LAPTOP-V8PS969S","Duration":"00:00:00.0060000","StartTime":"2023-12-25T08:01:55+00:00","EndTime":"2023-12-25T08:01:55+00:00","Properties":[]}],"TestRunStatistics":{"ExecutedTests":90,"Stats":{"Passed":87,"Failed":3}},"ActiveTests":[{"Id":"b206157e-1a14-7648-458f-6b5751b627aa","FullyQualifiedName":"TestProject2.DALTest.CategoryDALTest.testThemRow(\"Kem\",True)","DisplayName":"testThemRow(\"Kem\",True)","ExecutorUri":"executor://NUnit3TestExecutor","Source":"D:\\HK3\\LTTQ\\winform code\\testing\\QuanLyQuanCafe\\TestProject2\\bin\\Debug\\net472\\fine-code-coverage\\build-output\\TestProject2.dll","CodeFilePath":null,"LineNumber":0,"Properties":[]}]}}
TpTrace Verbose: 0 : 24164, 14, 2023/12/25, 15:01:55.569, 7156047852735, vstest.console.dll, TestRunRequest:SendTestRunStatsChange: Starting.
TpTrace Verbose: 0 : 24164, 14, 2023/12/25, 15:01:55.569, 7156047853274, vstest.console.dll, InProgress is testThemRow("Kem",True)
TpTrace Verbose: 0 : 24164, 14, 2023/12/25, 15:01:55.569, 7156047853697, vstest.console.dll, MulticastDelegateUtilities.SafeInvoke: TestRun.RunStatsChanged: Invoking callbacks was skipped because there are no subscribers.
TpTrace Information: 0 : 24164, 14, 2023/12/25, 15:01:55.569, 7156047853874, vstest.console.dll, TestRunRequest:SendTestRunStatsChange: Completed.
TpTrace Verbose: 0 : 24164, 14, 2023/12/25, 15:01:55.570, 7156047856346, vstest.console.dll, MulticastDelegateUtilities.SafeInvoke: LengthPrefixCommunicationChannel: MessageReceived: Invoking callback 1/1 for Microsoft.VisualStudio.TestPlatform.CommunicationUtilities.TestRequestSender+<>c__DisplayClass34_0., took 1 ms.
TpTrace Verbose: 0 : 24164, 14, 2023/12/25, 15:01:55.570, 7156047856892, vstest.console.dll, TcpClientExtensions.MessageLoopAsync: Polling on remoteEndPoint: 127.0.0.1:53657 localEndPoint: 127.0.0.1:53656
TpTrace Verbose: 0 : 24164, 4, 2023/12/25, 15:01:55.570, 7156047856843, vstest.console.dll, MulticastDelegateUtilities.SafeInvoke: InternalTestLoggerEvents.SendTestResult: Invoking callback 1/1 for Microsoft.VisualStudio.TestPlatform.CommandLine.Internal.ConsoleLogger., took 0 ms.
TpTrace Verbose: 0 : 24164, 4, 2023/12/25, 15:01:55.570, 7156047857919, vstest.console.dll, MulticastDelegateUtilities.SafeInvoke: InternalTestLoggerEvents.SendTestResult: Invoking callback 1/1 for Microsoft.VisualStudio.TestPlatform.CommandLine.Internal.ConsoleLogger., took 0 ms.
TpTrace Verbose: 0 : 24164, 4, 2023/12/25, 15:01:55.570, 7156047858313, vstest.console.dll, MulticastDelegateUtilities.SafeInvoke: InternalTestLoggerEvents.SendTestResult: Invoking callback 1/1 for Microsoft.VisualStudio.TestPlatform.CommandLine.Internal.ConsoleLogger., took 0 ms.
TpTrace Verbose: 0 : 24164, 4, 2023/12/25, 15:01:55.570, 7156047858597, vstest.console.dll, MulticastDelegateUtilities.SafeInvoke: InternalTestLoggerEvents.SendTestResult: Invoking callback 1/1 for Microsoft.VisualStudio.TestPlatform.CommandLine.Internal.ConsoleLogger., took 0 ms.
TpTrace Verbose: 0 : 24164, 4, 2023/12/25, 15:01:55.570, 7156047858855, vstest.console.dll, MulticastDelegateUtilities.SafeInvoke: InternalTestLoggerEvents.SendTestResult: Invoking callback 1/1 for Microsoft.VisualStudio.TestPlatform.CommandLine.Internal.ConsoleLogger., took 0 ms.
TpTrace Verbose: 0 : 24164, 4, 2023/12/25, 15:01:55.570, 7156047859203, vstest.console.dll, MulticastDelegateUtilities.SafeInvoke: InternalTestLoggerEvents.SendTestResult: Invoking callback 1/1 for Microsoft.VisualStudio.TestPlatform.CommandLine.Internal.ConsoleLogger., took 0 ms.
TpTrace Verbose: 0 : 24164, 4, 2023/12/25, 15:01:55.570, 7156047859470, vstest.console.dll, MulticastDelegateUtilities.SafeInvoke: InternalTestLoggerEvents.SendTestResult: Invoking callback 1/1 for Microsoft.VisualStudio.TestPlatform.CommandLine.Internal.ConsoleLogger., took 0 ms.
TpTrace Verbose: 0 : 24164, 4, 2023/12/25, 15:01:55.570, 7156047861281, vstest.console.dll, MulticastDelegateUtilities.SafeInvoke: InternalTestLoggerEvents.SendTestResult: Invoking callback 1/1 for Microsoft.VisualStudio.TestPlatform.CommandLine.Internal.ConsoleLogger., took 0 ms.
TpTrace Verbose: 0 : 24164, 4, 2023/12/25, 15:01:55.570, 7156047862523, vstest.console.dll, MulticastDelegateUtilities.SafeInvoke: InternalTestLoggerEvents.SendTestResult: Invoking callback 1/1 for Microsoft.VisualStudio.TestPlatform.CommandLine.Internal.ConsoleLogger., took 0 ms.
TpTrace Verbose: 0 : 24164, 14, 2023/12/25, 15:01:55.667, 7156048828717, vstest.console.dll, TcpClientExtensions.MessageLoopAsync: NotifyDataAvailable remoteEndPoint: 127.0.0.1:53657 localEndPoint: 127.0.0.1:53656
TpTrace Verbose: 0 : 24164, 14, 2023/12/25, 15:01:55.667, 7156048830879, vstest.console.dll, TestRequestSender.OnExecutionMessageReceived: Received message: {"Version":7,"MessageType":"TestExecution.StatsChange","Payload":{"NewTestResults":[{"TestCase":{"Id":"b206157e-1a14-7648-458f-6b5751b627aa","FullyQualifiedName":"TestProject2.DALTest.CategoryDALTest.testThemRow(\"Kem\",True)","DisplayName":"testThemRow(\"Kem\",True)","ExecutorUri":"executor://NUnit3TestExecutor","Source":"D:\\HK3\\LTTQ\\winform code\\testing\\QuanLyQuanCafe\\TestProject2\\bin\\Debug\\net472\\fine-code-coverage\\build-output\\TestProject2.dll","CodeFilePath":null,"LineNumber":0,"Properties":[]},"Attachments":[],"Outcome":2,"ErrorMessage":"  Expected: True\r\n  But was:  False\r\n","ErrorStackTrace":"   at TestProject2.DALTest.CategoryDALTest.testThemRow(String name, Boolean expected) in D:\\HK3\\LTTQ\\winform code\\testing\\QuanLyQuanCafe\\TestProject2\\DALTest\\CategoryDALTest.cs:line 52\r\n","DisplayName":"testThemRow(\"Kem\",True)","Messages":[],"ComputerName":"LAPTOP-V8PS969S","Duration":"00:00:00.0040000","StartTime":"2023-12-25T08:01:55+00:00","EndTime":"2023-12-25T08:01:55+00:00","Properties":[]},{"TestCase":{"Id":"c880b56f-3ab9-bbc7-ee42-7bbfcfaaab54","FullyQualifiedName":"TestProject2.DALTest.CategoryDALTest.testThemRow(\"Sinh t\",False)","DisplayName":"testThemRow(\"Sinh t\",False)","ExecutorUri":"executor://NUnit3TestExecutor","Source":"D:\\HK3\\LTTQ\\winform code\\testing\\QuanLyQuanCafe\\TestProject2\\bin\\Debug\\net472\\fine-code-coverage\\build-output\\TestProject2.dll","CodeFilePath":null,"LineNumber":0,"Properties":[]},"Attachments":[],"Outcome":1,"ErrorMessage":null,"ErrorStackTrace":null,"DisplayName":"testThemRow(\"Sinh t\",False)","Messages":[],"ComputerName":"LAPTOP-V8PS969S","Duration":"00:00:00.0020000","StartTime":"2023-12-25T08:01:55+00:00","EndTime":"2023-12-25T08:01:55+00:00","Properties":[]},{"TestCase":{"Id":"ccfcbf71-0b70-a69c-7479-4834905d6aed","FullyQualifiedName":"TestProject2.DALTest.CategoryDALTest.testTimKiemLoaiMonAn(\"Tr sa\")","DisplayName":"testTimKiemLoaiMonAn(\"Tr sa\")","ExecutorUri":"executor://NUnit3TestExecutor","Source":"D:\\HK3\\LTTQ\\winform code\\testing\\QuanLyQuanCafe\\TestProject2\\bin\\Debug\\net472\\fine-code-coverage\\build-output\\TestProject2.dll","CodeFilePath":null,"LineNumber":0,"Properties":[]},"Attachments":[],"Outcome":1,"ErrorMessage":null,"ErrorStackTrace":null,"DisplayName":"testTimKiemLoaiMonAn(\"Tr sa\")","Messages":[],"ComputerName":"LAPTOP-V8PS969S","Duration":"00:00:00.0400000","StartTime":"2023-12-25T08:01:55+00:00","EndTime":"2023-12-25T08:01:55+00:00","Properties":[]},{"TestCase":{"Id":"44f29849-6787-c3bb-1fe3-70717f9d5852","FullyQualifiedName":"TestProject2.DALTest.CategoryDALTest.testTimNameCateGory_FoodByID(18,\"Sinh t\")","DisplayName":"testTimNameCateGory_FoodByID(18,\"Sinh t\")","ExecutorUri":"executor://NUnit3TestExecutor","Source":"D:\\HK3\\LTTQ\\winform code\\testing\\QuanLyQuanCafe\\TestProject2\\bin\\Debug\\net472\\fine-code-coverage\\build-output\\TestProject2.dll","CodeFilePath":null,"LineNumber":0,"Properties":[]},"Attachments":[],"Outcome":1,"ErrorMessage":null,"ErrorStackTrace":null,"DisplayName":"testTimNameCateGory_FoodByID(18,\"Sinh t\")","Messages":[],"ComputerName":"LAPTOP-V8PS969S","Duration":"00:00:00.0030000","StartTime":"2023-12-25T08:01:55+00:00","EndTime":"2023-12-25T08:01:55+00:00","Properties":[]},{"TestCase":{"Id":"42614d1f-248b-ff04-d50d-d89c8a40a360","FullyQualifiedName":"TestProject2.DALTest.CategoryDALTest.testxoaLoaiMonAn(18,False)","DisplayName":"testxoaLoaiMonAn(18,False)","ExecutorUri":"executor://NUnit3TestExecutor","Source":"D:\\HK3\\LTTQ\\winform code\\testing\\QuanLyQuanCafe\\TestProject2\\bin\\Debug\\net472\\fine-code-coverage\\build-output\\TestProject2.dll","CodeFilePath":null,"LineNumber":0,"Properties":[]},"Attachments":[],"Outcome":1,"ErrorMessage":null,"ErrorStackTrace":null,"DisplayName":"testxoaLoaiMonAn(18,False)","Messages":[],"ComputerName":"LAPTOP-V8PS969S","Duration":"00:00:00.0260000","StartTime":"2023-12-25T08:01:55+00:00","EndTime":"2023-12-25T08:01:55+00:00","Properties":[]},{"TestCase":{"Id":"24449b47-f71b-7329-5b53-58fb2455e28b","FullyQualifiedName":"TestProject2.DALTest.CategoryDALTest.testxoaLoaiMonAn(34,True)","DisplayName":"testxoaLoaiMonAn(34,True)","ExecutorUri":"executor://NUnit3TestExecutor","Source":"D:\\HK3\\LTTQ\\winform code\\testing\\QuanLyQuanCafe\\TestProject2\\bin\\Debug\\net472\\fine-code-coverage\\build-output\\TestProject2.dll","CodeFilePath":null,"LineNumber":0,"Properties":[]},"Attachments":[],"Outcome":1,"ErrorMessage":null,"ErrorStackTrace":null,"DisplayName":"testxoaLoaiMonAn(34,True)","Messages":[],"ComputerName":"LAPTOP-V8PS969S","Duration":"00:00:00.0010000","StartTime":"2023-12-25T08:01:55+00:00","EndTime":"2023-12-25T08:01:55+00:00","Properties":[]},{"TestCase":{"Id":"983b2da8-492a-c036-dad5-723c30274dfe","FullyQualifiedName":"TestProject2.DALTest.FoodDALTest.testChinhSuaRow(DTO.FoodDTO,True)","DisplayName":"testChinhSuaRow(DTO.FoodDTO,True)","ExecutorUri":"executor://NUnit3TestExecutor","Source":"D:\\HK3\\LTTQ\\winform code\\testing\\QuanLyQuanCafe\\TestProject2\\bin\\Debug\\net472\\fine-code-coverage\\build-output\\TestProject2.dll","CodeFilePath":null,"LineNumber":0,"Properties":[]},"Attachments":[],"Outcome":1,"ErrorMessage":null,"ErrorStackTrace":null,"DisplayName":"testChinhSuaRow(DTO.FoodDTO,True)","Messages":[],"ComputerName":"LAPTOP-V8PS969S","Duration":"00:00:00.0090000","StartTime":"2023-12-25T08:01:55+00:00","EndTime":"2023-12-25T08:01:55+00:00","Properties":[]},{"TestCase":{"Id":"dd894ac9-5d91-2184-b701-f96c7034ce4a","FullyQualifiedName":"TestProject2.DALTest.FoodDALTest.testDanhSachFood","DisplayName":"testDanhSachFood","ExecutorUri":"executor://NUnit3TestExecutor","Source":"D:\\HK3\\LTTQ\\winform code\\testing\\QuanLyQuanCafe\\TestProject2\\bin\\Debug\\net472\\fine-code-coverage\\build-output\\TestProject2.dll","CodeFilePath":null,"LineNumber":0,"Properties":[]},"Attachments":[],"Outcome":2,"ErrorMessage":"  Expected: 12\r\n  But was:  14\r\n","ErrorStackTrace":"   at TestProject2.DALTest.FoodDALTest.testDanhSachFood() in D:\\HK3\\LTTQ\\winform code\\testing\\QuanLyQuanCafe\\TestProject2\\DALTest\\FoodDALTest.cs:line 90\r\n","DisplayName":"testDanhSachFood","Messages":[],"ComputerName":"LAPTOP-V8PS969S","Duration":"00:00:00.0050000","StartTime":"2023-12-25T08:01:55+00:00","EndTime":"2023-12-25T08:01:55+00:00","Properties":[]},{"TestCase":{"Id":"20e27f91-812e-665a-f4b1-cebc9c0a6f59","FullyQualifiedName":"TestProject2.DALTest.FoodDALTest.testGetFoodByCategory(18,2)","DisplayName":"testGetFoodByCategory(18,2)","ExecutorUri":"executor://NUnit3TestExecutor","Source":"D:\\HK3\\LTTQ\\winform code\\testing\\QuanLyQuanCafe\\TestProject2\\bin\\Debug\\net472\\fine-code-coverage\\build-output\\TestProject2.dll","CodeFilePath":null,"LineNumber":0,"Properties":[]},"Attachments":[],"Outcome":2,"ErrorMessage":"  Expected: 2\r\n  But was:  4\r\n","ErrorStackTrace":"   at TestProject2.DALTest.FoodDALTest.testGetFoodByCategory(Int32 idCategory, Int32 expected) in D:\\HK3\\LTTQ\\winform code\\testing\\QuanLyQuanCafe\\TestProject2\\DALTest\\FoodDALTest.cs:line 52\r\n","DisplayName":"testGetFoodByCategory(18,2)","Messages":[],"ComputerName":"LAPTOP-V8PS969S","Duration":"00:00:00.0070000","StartTime":"2023-12-25T08:01:55+00:00","EndTime":"2023-12-25T08:01:55+00:00","Properties":[]}],"TestRunStatistics":{"ExecutedTests":99,"Stats":{"Passed":93,"Failed":6}},"ActiveTests":[{"Id":"ee767eb3-8c6a-4bf1-1d5b-1d58446e1264","FullyQualifiedName":"TestProject2.DALTest.FoodDALTest.testHienThiDanhSachFood","DisplayName":"testHienThiDanhSachFood","ExecutorUri":"executor://NUnit3TestExecutor","Source":"D:\\HK3\\LTTQ\\winform code\\testing\\QuanLyQuanCafe\\TestProject2\\bin\\Debug\\net472\\fine-code-coverage\\build-output\\TestProject2.dll","CodeFilePath":null,"LineNumber":0,"Properties":[]}]}}
TpTrace Verbose: 0 : 24164, 14, 2023/12/25, 15:01:55.668, 7156048842077, vstest.console.dll, TestRunRequest:SendTestRunStatsChange: Starting.
TpTrace Verbose: 0 : 24164, 14, 2023/12/25, 15:01:55.668, 7156048842818, vstest.console.dll, InProgress is testHienThiDanhSachFood
TpTrace Verbose: 0 : 24164, 14, 2023/12/25, 15:01:55.668, 7156048843336, vstest.console.dll, MulticastDelegateUtilities.SafeInvoke: TestRun.RunStatsChanged: Invoking callbacks was skipped because there are no subscribers.
TpTrace Information: 0 : 24164, 14, 2023/12/25, 15:01:55.668, 7156048843615, vstest.console.dll, TestRunRequest:SendTestRunStatsChange: Completed.
TpTrace Verbose: 0 : 24164, 14, 2023/12/25, 15:01:55.668, 7156048843925, vstest.console.dll, MulticastDelegateUtilities.SafeInvoke: LengthPrefixCommunicationChannel: MessageReceived: Invoking callback 1/1 for Microsoft.VisualStudio.TestPlatform.CommunicationUtilities.TestRequestSender+<>c__DisplayClass34_0., took 1 ms.
TpTrace Verbose: 0 : 24164, 14, 2023/12/25, 15:01:55.668, 7156048844915, vstest.console.dll, TcpClientExtensions.MessageLoopAsync: Polling on remoteEndPoint: 127.0.0.1:53657 localEndPoint: 127.0.0.1:53656
TpTrace Verbose: 0 : 24164, 4, 2023/12/25, 15:01:55.669, 7156048846366, vstest.console.dll, MulticastDelegateUtilities.SafeInvoke: InternalTestLoggerEvents.SendTestResult: Invoking callback 1/1 for Microsoft.VisualStudio.TestPlatform.CommandLine.Internal.ConsoleLogger., took 0 ms.
TpTrace Verbose: 0 : 24164, 4, 2023/12/25, 15:01:55.669, 7156048847113, vstest.console.dll, MulticastDelegateUtilities.SafeInvoke: InternalTestLoggerEvents.SendTestResult: Invoking callback 1/1 for Microsoft.VisualStudio.TestPlatform.CommandLine.Internal.ConsoleLogger., took 0 ms.
TpTrace Verbose: 0 : 24164, 4, 2023/12/25, 15:01:55.669, 7156048847601, vstest.console.dll, MulticastDelegateUtilities.SafeInvoke: InternalTestLoggerEvents.SendTestResult: Invoking callback 1/1 for Microsoft.VisualStudio.TestPlatform.CommandLine.Internal.ConsoleLogger., took 0 ms.
TpTrace Verbose: 0 : 24164, 4, 2023/12/25, 15:01:55.669, 7156048848072, vstest.console.dll, MulticastDelegateUtilities.SafeInvoke: InternalTestLoggerEvents.SendTestResult: Invoking callback 1/1 for Microsoft.VisualStudio.TestPlatform.CommandLine.Internal.ConsoleLogger., took 0 ms.
TpTrace Verbose: 0 : 24164, 4, 2023/12/25, 15:01:55.669, 7156048848767, vstest.console.dll, MulticastDelegateUtilities.SafeInvoke: InternalTestLoggerEvents.SendTestResult: Invoking callback 1/1 for Microsoft.VisualStudio.TestPlatform.CommandLine.Internal.ConsoleLogger., took 0 ms.
TpTrace Verbose: 0 : 24164, 4, 2023/12/25, 15:01:55.669, 7156048849327, vstest.console.dll, MulticastDelegateUtilities.SafeInvoke: InternalTestLoggerEvents.SendTestResult: Invoking callback 1/1 for Microsoft.VisualStudio.TestPlatform.CommandLine.Internal.ConsoleLogger., took 0 ms.
TpTrace Verbose: 0 : 24164, 4, 2023/12/25, 15:01:55.669, 7156048849708, vstest.console.dll, MulticastDelegateUtilities.SafeInvoke: InternalTestLoggerEvents.SendTestResult: Invoking callback 1/1 for Microsoft.VisualStudio.TestPlatform.CommandLine.Internal.ConsoleLogger., took 0 ms.
TpTrace Verbose: 0 : 24164, 4, 2023/12/25, 15:01:55.669, 7156048851144, vstest.console.dll, MulticastDelegateUtilities.SafeInvoke: InternalTestLoggerEvents.SendTestResult: Invoking callback 1/1 for Microsoft.VisualStudio.TestPlatform.CommandLine.Internal.ConsoleLogger., took 0 ms.
TpTrace Verbose: 0 : 24164, 4, 2023/12/25, 15:01:55.669, 7156048853605, vstest.console.dll, MulticastDelegateUtilities.SafeInvoke: InternalTestLoggerEvents.SendTestResult: Invoking callback 1/1 for Microsoft.VisualStudio.TestPlatform.CommandLine.Internal.ConsoleLogger., took 0 ms.
TpTrace Verbose: 0 : 24164, 14, 2023/12/25, 15:01:55.771, 7156049873502, vstest.console.dll, TcpClientExtensions.MessageLoopAsync: NotifyDataAvailable remoteEndPoint: 127.0.0.1:53657 localEndPoint: 127.0.0.1:53656
TpTrace Verbose: 0 : 24164, 14, 2023/12/25, 15:01:55.771, 7156049876085, vstest.console.dll, TestRequestSender.OnExecutionMessageReceived: Received message: {"Version":7,"MessageType":"TestExecution.StatsChange","Payload":{"NewTestResults":[{"TestCase":{"Id":"ee767eb3-8c6a-4bf1-1d5b-1d58446e1264","FullyQualifiedName":"TestProject2.DALTest.FoodDALTest.testHienThiDanhSachFood","DisplayName":"testHienThiDanhSachFood","ExecutorUri":"executor://NUnit3TestExecutor","Source":"D:\\HK3\\LTTQ\\winform code\\testing\\QuanLyQuanCafe\\TestProject2\\bin\\Debug\\net472\\fine-code-coverage\\build-output\\TestProject2.dll","CodeFilePath":null,"LineNumber":0,"Properties":[]},"Attachments":[],"Outcome":2,"ErrorMessage":"  Expected: 12\r\n  But was:  14\r\n","ErrorStackTrace":"   at TestProject2.DALTest.FoodDALTest.testHienThiDanhSachFood() in D:\\HK3\\LTTQ\\winform code\\testing\\QuanLyQuanCafe\\TestProject2\\DALTest\\FoodDALTest.cs:line 64\r\n","DisplayName":"testHienThiDanhSachFood","Messages":[],"ComputerName":"LAPTOP-V8PS969S","Duration":"00:00:00.0040000","StartTime":"2023-12-25T08:01:55+00:00","EndTime":"2023-12-25T08:01:55+00:00","Properties":[]},{"TestCase":{"Id":"0548bef6-ffc3-ba63-64fc-9fc1a655dc74","FullyQualifiedName":"TestProject2.DALTest.FoodDALTest.testThemRow(DTO.FoodDTO,False)","DisplayName":"testThemRow(DTO.FoodDTO,False)","ExecutorUri":"executor://NUnit3TestExecutor","Source":"D:\\HK3\\LTTQ\\winform code\\testing\\QuanLyQuanCafe\\TestProject2\\bin\\Debug\\net472\\fine-code-coverage\\build-output\\TestProject2.dll","CodeFilePath":null,"LineNumber":0,"Properties":[]},"Attachments":[],"Outcome":1,"ErrorMessage":null,"ErrorStackTrace":null,"DisplayName":"testThemRow(DTO.FoodDTO,False)","Messages":[],"ComputerName":"LAPTOP-V8PS969S","Duration":"00:00:00.0190000","StartTime":"2023-12-25T08:01:55+00:00","EndTime":"2023-12-25T08:01:55+00:00","Properties":[]},{"TestCase":{"Id":"d7c93d3e-5ef3-8841-d5f3-85517b9b5a4a","FullyQualifiedName":"TestProject2.DALTest.FoodDALTest.testThemRow(DTO.FoodDTO,True)","DisplayName":"testThemRow(DTO.FoodDTO,True)","ExecutorUri":"executor://NUnit3TestExecutor","Source":"D:\\HK3\\LTTQ\\winform code\\testing\\QuanLyQuanCafe\\TestProject2\\bin\\Debug\\net472\\fine-code-coverage\\build-output\\TestProject2.dll","CodeFilePath":null,"LineNumber":0,"Properties":[]},"Attachments":[],"Outcome":2,"ErrorMessage":"  Expected: True\r\n  But was:  False\r\n","ErrorStackTrace":"   at TestProject2.DALTest.FoodDALTest.testThemRow(FoodDTO foodDTO, Boolean expected) in D:\\HK3\\LTTQ\\winform code\\testing\\QuanLyQuanCafe\\TestProject2\\DALTest\\FoodDALTest.cs:line 76\r\n","DisplayName":"testThemRow(DTO.FoodDTO,True)","Messages":[],"ComputerName":"LAPTOP-V8PS969S","Duration":"00:00:00.0070000","StartTime":"2023-12-25T08:01:55+00:00","EndTime":"2023-12-25T08:01:55+00:00","Properties":[]},{"TestCase":{"Id":"5683c121-c27e-4686-2340-5713ddae7ad8","FullyQualifiedName":"TestProject2.DALTest.FoodDALTest.testTimKiemMonAn(\"C ph en\",1)","DisplayName":"testTimKiemMonAn(\"C ph en\",1)","ExecutorUri":"executor://NUnit3TestExecutor","Source":"D:\\HK3\\LTTQ\\winform code\\testing\\QuanLyQuanCafe\\TestProject2\\bin\\Debug\\net472\\fine-code-coverage\\build-output\\TestProject2.dll","CodeFilePath":null,"LineNumber":0,"Properties":[]},"Attachments":[],"Outcome":1,"ErrorMessage":null,"ErrorStackTrace":null,"DisplayName":"testTimKiemMonAn(\"C ph en\",1)","Messages":[],"ComputerName":"LAPTOP-V8PS969S","Duration":"00:00:00.0290000","StartTime":"2023-12-25T08:01:55+00:00","EndTime":"2023-12-25T08:01:55+00:00","Properties":[]},{"TestCase":{"Id":"c5fe2c11-cb9b-0c98-dd42-386281d9457c","FullyQualifiedName":"TestProject2.DALTest.FoodDALTest.testTimNameFoodByIDFood(11)","DisplayName":"testTimNameFoodByIDFood(11)","ExecutorUri":"executor://NUnit3TestExecutor","Source":"D:\\HK3\\LTTQ\\winform code\\testing\\QuanLyQuanCafe\\TestProject2\\bin\\Debug\\net472\\fine-code-coverage\\build-output\\TestProject2.dll","CodeFilePath":null,"LineNumber":0,"Properties":[]},"Attachments":[],"Outcome":1,"ErrorMessage":null,"ErrorStackTrace":null,"DisplayName":"testTimNameFoodByIDFood(11)","Messages":[],"ComputerName":"LAPTOP-V8PS969S","Duration":"00:00:00.0040000","StartTime":"2023-12-25T08:01:55+00:00","EndTime":"2023-12-25T08:01:55+00:00","Properties":[]},{"TestCase":{"Id":"7ca96379-81c5-9bfe-1816-50f782339dbb","FullyQualifiedName":"TestProject2.DALTest.FoodDALTest.testXoaMonAn(11,False)","DisplayName":"testXoaMonAn(11,False)","ExecutorUri":"executor://NUnit3TestExecutor","Source":"D:\\HK3\\LTTQ\\winform code\\testing\\QuanLyQuanCafe\\TestProject2\\bin\\Debug\\net472\\fine-code-coverage\\build-output\\TestProject2.dll","CodeFilePath":null,"LineNumber":0,"Properties":[]},"Attachments":[],"Outcome":1,"ErrorMessage":null,"ErrorStackTrace":null,"DisplayName":"testXoaMonAn(11,False)","Messages":[],"ComputerName":"LAPTOP-V8PS969S","Duration":"00:00:00.0180000","StartTime":"2023-12-25T08:01:55+00:00","EndTime":"2023-12-25T08:01:55+00:00","Properties":[]},{"TestCase":{"Id":"352320f1-0f7e-4d6d-432d-867ac7a8b53f","FullyQualifiedName":"TestProject2.DALTest.FoodDALTest.testXoaMonAn(54,True)","DisplayName":"testXoaMonAn(54,True)","ExecutorUri":"executor://NUnit3TestExecutor","Source":"D:\\HK3\\LTTQ\\winform code\\testing\\QuanLyQuanCafe\\TestProject2\\bin\\Debug\\net472\\fine-code-coverage\\build-output\\TestProject2.dll","CodeFilePath":null,"LineNumber":0,"Properties":[]},"Attachments":[],"Outcome":1,"ErrorMessage":null,"ErrorStackTrace":null,"DisplayName":"testXoaMonAn(54,True)","Messages":[],"ComputerName":"LAPTOP-V8PS969S","Duration":"00:00:00.0010000","StartTime":"2023-12-25T08:01:55+00:00","EndTime":"2023-12-25T08:01:55+00:00","Properties":[]},{"TestCase":{"Id":"8e2fb51e-52d2-bcfb-b0a0-ba48c4137404","FullyQualifiedName":"TestProject2.DALTest.TableDALTest.testchinhSuaRow(1,\"Bn 200\",\"Trng\",False)","DisplayName":"testchinhSuaRow(1,\"Bn 200\",\"Trng\",False)","ExecutorUri":"executor://NUnit3TestExecutor","Source":"D:\\HK3\\LTTQ\\winform code\\testing\\QuanLyQuanCafe\\TestProject2\\bin\\Debug\\net472\\fine-code-coverage\\build-output\\TestProject2.dll","CodeFilePath":null,"LineNumber":0,"Properties":[]},"Attachments":[],"Outcome":2,"ErrorMessage":"  Expected: False\r\n  But was:  True\r\n","ErrorStackTrace":"   at TestProject2.DALTest.TableDALTest.testchinhSuaRow(Int32 id, String name, String status, Boolean expected) in D:\\HK3\\LTTQ\\winform code\\testing\\QuanLyQuanCafe\\TestProject2\\DALTest\\TableDALTest.cs:line 48\r\n","DisplayName":"testchinhSuaRow(1,\"Bn 200\",\"Trng\",False)","Messages":[],"ComputerName":"LAPTOP-V8PS969S","Duration":"00:00:00.0200000","StartTime":"2023-12-25T08:01:55+00:00","EndTime":"2023-12-25T08:01:55+00:00","Properties":[]},{"TestCase":{"Id":"85227fe6-c7f9-898c-2e5f-579b9a6cc6c3","FullyQualifiedName":"TestProject2.DALTest.TableDALTest.testchinhSuaRow(53,\"Bn 107\",\"Trng\",True)","DisplayName":"testchinhSuaRow(53,\"Bn 107\",\"Trng\",True)","ExecutorUri":"executor://NUnit3TestExecutor","Source":"D:\\HK3\\LTTQ\\winform code\\testing\\QuanLyQuanCafe\\TestProject2\\bin\\Debug\\net472\\fine-code-coverage\\build-output\\TestProject2.dll","CodeFilePath":null,"LineNumber":0,"Properties":[]},"Attachments":[],"Outcome":1,"ErrorMessage":null,"ErrorStackTrace":null,"DisplayName":"testchinhSuaRow(53,\"Bn 107\",\"Trng\",True)","Messages":[],"ComputerName":"LAPTOP-V8PS969S","Duration":"00:00:00.0030000","StartTime":"2023-12-25T08:01:55+00:00","EndTime":"2023-12-25T08:01:55+00:00","Properties":[]}],"TestRunStatistics":{"ExecutedTests":108,"Stats":{"Passed":99,"Failed":9}},"ActiveTests":[{"Id":"9b1725fb-c762-c1dd-06b6-354f2de185f0","FullyQualifiedName":"TestProject2.DALTest.TableDALTest.testDanhSachBanAn","DisplayName":"testDanhSachBanAn","ExecutorUri":"executor://NUnit3TestExecutor","Source":"D:\\HK3\\LTTQ\\winform code\\testing\\QuanLyQuanCafe\\TestProject2\\bin\\Debug\\net472\\fine-code-coverage\\build-output\\TestProject2.dll","CodeFilePath":null,"LineNumber":0,"Properties":[]}]}}
TpTrace Verbose: 0 : 24164, 14, 2023/12/25, 15:01:55.773, 7156049887496, vstest.console.dll, TestRunRequest:SendTestRunStatsChange: Starting.
TpTrace Verbose: 0 : 24164, 14, 2023/12/25, 15:01:55.773, 7156049888204, vstest.console.dll, InProgress is testDanhSachBanAn
TpTrace Verbose: 0 : 24164, 14, 2023/12/25, 15:01:55.773, 7156049888726, vstest.console.dll, MulticastDelegateUtilities.SafeInvoke: TestRun.RunStatsChanged: Invoking callbacks was skipped because there are no subscribers.
TpTrace Information: 0 : 24164, 14, 2023/12/25, 15:01:55.773, 7156049889015, vstest.console.dll, TestRunRequest:SendTestRunStatsChange: Completed.
TpTrace Verbose: 0 : 24164, 14, 2023/12/25, 15:01:55.773, 7156049889307, vstest.console.dll, MulticastDelegateUtilities.SafeInvoke: LengthPrefixCommunicationChannel: MessageReceived: Invoking callback 1/1 for Microsoft.VisualStudio.TestPlatform.CommunicationUtilities.TestRequestSender+<>c__DisplayClass34_0., took 1 ms.
TpTrace Verbose: 0 : 24164, 14, 2023/12/25, 15:01:55.773, 7156049889599, vstest.console.dll, TcpClientExtensions.MessageLoopAsync: Polling on remoteEndPoint: 127.0.0.1:53657 localEndPoint: 127.0.0.1:53656
TpTrace Verbose: 0 : 24164, 4, 2023/12/25, 15:01:55.773, 7156049891041, vstest.console.dll, MulticastDelegateUtilities.SafeInvoke: InternalTestLoggerEvents.SendTestResult: Invoking callback 1/1 for Microsoft.VisualStudio.TestPlatform.CommandLine.Internal.ConsoleLogger., took 0 ms.
TpTrace Verbose: 0 : 24164, 4, 2023/12/25, 15:01:55.773, 7156049893110, vstest.console.dll, MulticastDelegateUtilities.SafeInvoke: InternalTestLoggerEvents.SendTestResult: Invoking callback 1/1 for Microsoft.VisualStudio.TestPlatform.CommandLine.Internal.ConsoleLogger., took 0 ms.
TpTrace Verbose: 0 : 24164, 4, 2023/12/25, 15:01:55.773, 7156049896011, vstest.console.dll, MulticastDelegateUtilities.SafeInvoke: InternalTestLoggerEvents.SendTestResult: Invoking callback 1/1 for Microsoft.VisualStudio.TestPlatform.CommandLine.Internal.ConsoleLogger., took 0 ms.
TpTrace Verbose: 0 : 24164, 4, 2023/12/25, 15:01:55.774, 7156049898249, vstest.console.dll, MulticastDelegateUtilities.SafeInvoke: InternalTestLoggerEvents.SendTestResult: Invoking callback 1/1 for Microsoft.VisualStudio.TestPlatform.CommandLine.Internal.ConsoleLogger., took 0 ms.
TpTrace Verbose: 0 : 24164, 4, 2023/12/25, 15:01:55.774, 7156049898801, vstest.console.dll, MulticastDelegateUtilities.SafeInvoke: InternalTestLoggerEvents.SendTestResult: Invoking callback 1/1 for Microsoft.VisualStudio.TestPlatform.CommandLine.Internal.ConsoleLogger., took 0 ms.
TpTrace Verbose: 0 : 24164, 4, 2023/12/25, 15:01:55.774, 7156049899210, vstest.console.dll, MulticastDelegateUtilities.SafeInvoke: InternalTestLoggerEvents.SendTestResult: Invoking callback 1/1 for Microsoft.VisualStudio.TestPlatform.CommandLine.Internal.ConsoleLogger., took 0 ms.
TpTrace Verbose: 0 : 24164, 4, 2023/12/25, 15:01:55.774, 7156049899596, vstest.console.dll, MulticastDelegateUtilities.SafeInvoke: InternalTestLoggerEvents.SendTestResult: Invoking callback 1/1 for Microsoft.VisualStudio.TestPlatform.CommandLine.Internal.ConsoleLogger., took 0 ms.
TpTrace Verbose: 0 : 24164, 4, 2023/12/25, 15:01:55.774, 7156049901264, vstest.console.dll, MulticastDelegateUtilities.SafeInvoke: InternalTestLoggerEvents.SendTestResult: Invoking callback 1/1 for Microsoft.VisualStudio.TestPlatform.CommandLine.Internal.ConsoleLogger., took 0 ms.
TpTrace Verbose: 0 : 24164, 4, 2023/12/25, 15:01:55.774, 7156049901943, vstest.console.dll, MulticastDelegateUtilities.SafeInvoke: InternalTestLoggerEvents.SendTestResult: Invoking callback 1/1 for Microsoft.VisualStudio.TestPlatform.CommandLine.Internal.ConsoleLogger., took 0 ms.
TpTrace Verbose: 0 : 24164, 14, 2023/12/25, 15:01:55.824, 7156050397477, vstest.console.dll, TcpClientExtensions.MessageLoopAsync: NotifyDataAvailable remoteEndPoint: 127.0.0.1:53657 localEndPoint: 127.0.0.1:53656
TpTrace Verbose: 0 : 24164, 14, 2023/12/25, 15:01:55.824, 7156050399144, vstest.console.dll, TestRequestSender.OnExecutionMessageReceived: Received message: {"Version":7,"MessageType":"TestExecution.StatsChange","Payload":{"NewTestResults":[{"TestCase":{"Id":"9b1725fb-c762-c1dd-06b6-354f2de185f0","FullyQualifiedName":"TestProject2.DALTest.TableDALTest.testDanhSachBanAn","DisplayName":"testDanhSachBanAn","ExecutorUri":"executor://NUnit3TestExecutor","Source":"D:\\HK3\\LTTQ\\winform code\\testing\\QuanLyQuanCafe\\TestProject2\\bin\\Debug\\net472\\fine-code-coverage\\build-output\\TestProject2.dll","CodeFilePath":null,"LineNumber":0,"Properties":[]},"Attachments":[],"Outcome":1,"ErrorMessage":null,"ErrorStackTrace":null,"DisplayName":"testDanhSachBanAn","Messages":[],"ComputerName":"LAPTOP-V8PS969S","Duration":"00:00:00.0020000","StartTime":"2023-12-25T08:01:55+00:00","EndTime":"2023-12-25T08:01:55+00:00","Properties":[]},{"TestCase":{"Id":"e7d57e1a-e2b2-3717-41fc-0a7f1187ba37","FullyQualifiedName":"TestProject2.DALTest.TableDALTest.testDanhSachIDTable","DisplayName":"testDanhSachIDTable","ExecutorUri":"executor://NUnit3TestExecutor","Source":"D:\\HK3\\LTTQ\\winform code\\testing\\QuanLyQuanCafe\\TestProject2\\bin\\Debug\\net472\\fine-code-coverage\\build-output\\TestProject2.dll","CodeFilePath":null,"LineNumber":0,"Properties":[]},"Attachments":[],"Outcome":1,"ErrorMessage":null,"ErrorStackTrace":null,"DisplayName":"testDanhSachIDTable","Messages":[],"ComputerName":"LAPTOP-V8PS969S","Duration":"00:00:00.0010000","StartTime":"2023-12-25T08:01:55+00:00","EndTime":"2023-12-25T08:01:55+00:00","Properties":[]},{"TestCase":{"Id":"94521476-1f2f-495c-524b-0c90f664ab2c","FullyQualifiedName":"TestProject2.DALTest.TableDALTest.testHienThiTable","DisplayName":"testHienThiTable","ExecutorUri":"executor://NUnit3TestExecutor","Source":"D:\\HK3\\LTTQ\\winform code\\testing\\QuanLyQuanCafe\\TestProject2\\bin\\Debug\\net472\\fine-code-coverage\\build-output\\TestProject2.dll","CodeFilePath":null,"LineNumber":0,"Properties":[]},"Attachments":[],"Outcome":1,"ErrorMessage":null,"ErrorStackTrace":null,"DisplayName":"testHienThiTable","Messages":[],"ComputerName":"LAPTOP-V8PS969S","Duration":"00:00:00.0020000","StartTime":"2023-12-25T08:01:55+00:00","EndTime":"2023-12-25T08:01:55+00:00","Properties":[]},{"TestCase":{"Id":"66ce2315-4fb4-22d4-7a84-9d1149c2b9d6","FullyQualifiedName":"TestProject2.DALTest.TableDALTest.testimNameTableByIDTable(\"1\")","DisplayName":"testimNameTableByIDTable(\"1\")","ExecutorUri":"executor://NUnit3TestExecutor","Source":"D:\\HK3\\LTTQ\\winform code\\testing\\QuanLyQuanCafe\\TestProject2\\bin\\Debug\\net472\\fine-code-coverage\\build-output\\TestProject2.dll","CodeFilePath":null,"LineNumber":0,"Properties":[]},"Attachments":[],"Outcome":1,"ErrorMessage":null,"ErrorStackTrace":null,"DisplayName":"testimNameTableByIDTable(\"1\")","Messages":[],"ComputerName":"LAPTOP-V8PS969S","Duration":"00:00:00.0030000","StartTime":"2023-12-25T08:01:55+00:00","EndTime":"2023-12-25T08:01:55+00:00","Properties":[]},{"TestCase":{"Id":"85f52a16-fbe7-1d08-6720-cdc5f3be7744","FullyQualifiedName":"TestProject2.DALTest.TableDALTest.testThemRow(\"Bn 200\",\"Trng\",False)","DisplayName":"testThemRow(\"Bn 200\",\"Trng\",False)","ExecutorUri":"executor://NUnit3TestExecutor","Source":"D:\\HK3\\LTTQ\\winform code\\testing\\QuanLyQuanCafe\\TestProject2\\bin\\Debug\\net472\\fine-code-coverage\\build-output\\TestProject2.dll","CodeFilePath":null,"LineNumber":0,"Properties":[]},"Attachments":[],"Outcome":1,"ErrorMessage":null,"ErrorStackTrace":null,"DisplayName":"testThemRow(\"Bn 200\",\"Trng\",False)","Messages":[],"ComputerName":"LAPTOP-V8PS969S","Duration":"00:00:00.0180000","StartTime":"2023-12-25T08:01:55+00:00","EndTime":"2023-12-25T08:01:55+00:00","Properties":[]},{"TestCase":{"Id":"7ac275ba-dc87-e956-ed16-2a4094f1bff2","FullyQualifiedName":"TestProject2.DALTest.TableDALTest.testThemRow(\"Bn 105\",\"Trng\",True)","DisplayName":"testThemRow(\"Bn 105\",\"Trng\",True)","ExecutorUri":"executor://NUnit3TestExecutor","Source":"D:\\HK3\\LTTQ\\winform code\\testing\\QuanLyQuanCafe\\TestProject2\\bin\\Debug\\net472\\fine-code-coverage\\build-output\\TestProject2.dll","CodeFilePath":null,"LineNumber":0,"Properties":[]},"Attachments":[],"Outcome":2,"ErrorMessage":"  Expected: True\r\n  But was:  False\r\n","ErrorStackTrace":"   at TestProject2.DALTest.TableDALTest.testThemRow(String name, String status, Boolean expected) in D:\\HK3\\LTTQ\\winform code\\testing\\QuanLyQuanCafe\\TestProject2\\DALTest\\TableDALTest.cs:line 30\r\n","DisplayName":"testThemRow(\"Bn 105\",\"Trng\",True)","Messages":[],"ComputerName":"LAPTOP-V8PS969S","Duration":"00:00:00.0020000","StartTime":"2023-12-25T08:01:55+00:00","EndTime":"2023-12-25T08:01:55+00:00","Properties":[]},{"TestCase":{"Id":"08d87152-f6eb-aca6-b86d-2ea4725407b9","FullyQualifiedName":"TestProject2.DALTest.TableDALTest.testTimKiemTable(\"Bn\")","DisplayName":"testTimKiemTable(\"Bn\")","ExecutorUri":"executor://NUnit3TestExecutor","Source":"D:\\HK3\\LTTQ\\winform code\\testing\\QuanLyQuanCafe\\TestProject2\\bin\\Debug\\net472\\fine-code-coverage\\build-output\\TestProject2.dll","CodeFilePath":null,"LineNumber":0,"Properties":[]},"Attachments":[],"Outcome":1,"ErrorMessage":null,"ErrorStackTrace":null,"DisplayName":"testTimKiemTable(\"Bn\")","Messages":[],"ComputerName":"LAPTOP-V8PS969S","Duration":"00:00:00.0030000","StartTime":"2023-12-25T08:01:55+00:00","EndTime":"2023-12-25T08:01:55+00:00","Properties":[]},{"TestCase":{"Id":"3a62b048-bccc-86d7-62a7-6dba24c8b65c","FullyQualifiedName":"TestProject2.DALTest.TableDALTest.testXoaRow(73,True)","DisplayName":"testXoaRow(73,True)","ExecutorUri":"executor://NUnit3TestExecutor","Source":"D:\\HK3\\LTTQ\\winform code\\testing\\QuanLyQuanCafe\\TestProject2\\bin\\Debug\\net472\\fine-code-coverage\\build-output\\TestProject2.dll","CodeFilePath":null,"LineNumber":0,"Properties":[]},"Attachments":[],"Outcome":1,"ErrorMessage":null,"ErrorStackTrace":null,"DisplayName":"testXoaRow(73,True)","Messages":[],"ComputerName":"LAPTOP-V8PS969S","Duration":"00:00:00.0040000","StartTime":"2023-12-25T08:01:55+00:00","EndTime":"2023-12-25T08:01:55+00:00","Properties":[]},{"TestCase":{"Id":"756c6755-8339-4972-0f0d-981bf6a6c8d9","FullyQualifiedName":"TestProject2.DALTest.TableDALTest.testXoaRow(1,False)","DisplayName":"testXoaRow(1,False)","ExecutorUri":"executor://NUnit3TestExecutor","Source":"D:\\HK3\\LTTQ\\winform code\\testing\\QuanLyQuanCafe\\TestProject2\\bin\\Debug\\net472\\fine-code-coverage\\build-output\\TestProject2.dll","CodeFilePath":null,"LineNumber":0,"Properties":[]},"Attachments":[],"Outcome":1,"ErrorMessage":null,"ErrorStackTrace":null,"DisplayName":"testXoaRow(1,False)","Messages":[],"ComputerName":"LAPTOP-V8PS969S","Duration":"00:00:00.0150000","StartTime":"2023-12-25T08:01:55+00:00","EndTime":"2023-12-25T08:01:55+00:00","Properties":[]}],"TestRunStatistics":{"ExecutedTests":117,"Stats":{"Passed":107,"Failed":10}},"ActiveTests":[{"Id":"02a5a449-1b92-72f6-378e-6d06342c7033","FullyQualifiedName":"TestProject2.Tests.Test1","DisplayName":"Test1","ExecutorUri":"executor://NUnit3TestExecutor","Source":"D:\\HK3\\LTTQ\\winform code\\testing\\QuanLyQuanCafe\\TestProject2\\bin\\Debug\\net472\\fine-code-coverage\\build-output\\TestProject2.dll","CodeFilePath":null,"LineNumber":0,"Properties":[]}]}}
TpTrace Verbose: 0 : 24164, 14, 2023/12/25, 15:01:55.824, 7156050404501, vstest.console.dll, TestRunRequest:SendTestRunStatsChange: Starting.
TpTrace Verbose: 0 : 24164, 14, 2023/12/25, 15:01:55.824, 7156050404903, vstest.console.dll, InProgress is Test1
TpTrace Verbose: 0 : 24164, 14, 2023/12/25, 15:01:55.824, 7156050405316, vstest.console.dll, MulticastDelegateUtilities.SafeInvoke: TestRun.RunStatsChanged: Invoking callbacks was skipped because there are no subscribers.
TpTrace Information: 0 : 24164, 14, 2023/12/25, 15:01:55.824, 7156050405517, vstest.console.dll, TestRunRequest:SendTestRunStatsChange: Completed.
TpTrace Verbose: 0 : 24164, 14, 2023/12/25, 15:01:55.824, 7156050405753, vstest.console.dll, MulticastDelegateUtilities.SafeInvoke: LengthPrefixCommunicationChannel: MessageReceived: Invoking callback 1/1 for Microsoft.VisualStudio.TestPlatform.CommunicationUtilities.TestRequestSender+<>c__DisplayClass34_0., took 0 ms.
TpTrace Verbose: 0 : 24164, 14, 2023/12/25, 15:01:55.824, 7156050405975, vstest.console.dll, TcpClientExtensions.MessageLoopAsync: Polling on remoteEndPoint: 127.0.0.1:53657 localEndPoint: 127.0.0.1:53656
TpTrace Verbose: 0 : 24164, 4, 2023/12/25, 15:01:55.824, 7156050406164, vstest.console.dll, MulticastDelegateUtilities.SafeInvoke: InternalTestLoggerEvents.SendTestResult: Invoking callback 1/1 for Microsoft.VisualStudio.TestPlatform.CommandLine.Internal.ConsoleLogger., took 0 ms.
TpTrace Verbose: 0 : 24164, 4, 2023/12/25, 15:01:55.825, 7156050406814, vstest.console.dll, MulticastDelegateUtilities.SafeInvoke: InternalTestLoggerEvents.SendTestResult: Invoking callback 1/1 for Microsoft.VisualStudio.TestPlatform.CommandLine.Internal.ConsoleLogger., took 0 ms.
TpTrace Verbose: 0 : 24164, 4, 2023/12/25, 15:01:55.825, 7156050407255, vstest.console.dll, MulticastDelegateUtilities.SafeInvoke: InternalTestLoggerEvents.SendTestResult: Invoking callback 1/1 for Microsoft.VisualStudio.TestPlatform.CommandLine.Internal.ConsoleLogger., took 0 ms.
TpTrace Verbose: 0 : 24164, 4, 2023/12/25, 15:01:55.825, 7156050407553, vstest.console.dll, MulticastDelegateUtilities.SafeInvoke: InternalTestLoggerEvents.SendTestResult: Invoking callback 1/1 for Microsoft.VisualStudio.TestPlatform.CommandLine.Internal.ConsoleLogger., took 0 ms.
TpTrace Verbose: 0 : 24164, 4, 2023/12/25, 15:01:55.825, 7156050407903, vstest.console.dll, MulticastDelegateUtilities.SafeInvoke: InternalTestLoggerEvents.SendTestResult: Invoking callback 1/1 for Microsoft.VisualStudio.TestPlatform.CommandLine.Internal.ConsoleLogger., took 0 ms.
TpTrace Verbose: 0 : 24164, 4, 2023/12/25, 15:01:55.825, 7156050409681, vstest.console.dll, MulticastDelegateUtilities.SafeInvoke: InternalTestLoggerEvents.SendTestResult: Invoking callback 1/1 for Microsoft.VisualStudio.TestPlatform.CommandLine.Internal.ConsoleLogger., took 0 ms.
TpTrace Verbose: 0 : 24164, 4, 2023/12/25, 15:01:55.825, 7156050410065, vstest.console.dll, MulticastDelegateUtilities.SafeInvoke: InternalTestLoggerEvents.SendTestResult: Invoking callback 1/1 for Microsoft.VisualStudio.TestPlatform.CommandLine.Internal.ConsoleLogger., took 0 ms.
TpTrace Verbose: 0 : 24164, 4, 2023/12/25, 15:01:55.825, 7156050410426, vstest.console.dll, MulticastDelegateUtilities.SafeInvoke: InternalTestLoggerEvents.SendTestResult: Invoking callback 1/1 for Microsoft.VisualStudio.TestPlatform.CommandLine.Internal.ConsoleLogger., took 0 ms.
TpTrace Verbose: 0 : 24164, 4, 2023/12/25, 15:01:55.825, 7156050410820, vstest.console.dll, MulticastDelegateUtilities.SafeInvoke: InternalTestLoggerEvents.SendTestResult: Invoking callback 1/1 for Microsoft.VisualStudio.TestPlatform.CommandLine.Internal.ConsoleLogger., took 0 ms.
TpTrace Verbose: 0 : 24164, 14, 2023/12/25, 15:01:56.832, 7156060478038, vstest.console.dll, TcpClientExtensions.MessageLoopAsync: Polling on remoteEndPoint: 127.0.0.1:53657 localEndPoint: 127.0.0.1:53656
TpTrace Verbose: 0 : 24164, 14, 2023/12/25, 15:01:57.331, 7156065471140, vstest.console.dll, TcpClientExtensions.MessageLoopAsync: NotifyDataAvailable remoteEndPoint: 127.0.0.1:53657 localEndPoint: 127.0.0.1:53656
TpTrace Verbose: 0 : 24164, 14, 2023/12/25, 15:01:57.331, 7156065472368, vstest.console.dll, TestRequestSender.OnExecutionMessageReceived: Received message: {"Version":7,"MessageType":"TestExecution.StatsChange","Payload":{"NewTestResults":[{"TestCase":{"Id":"02a5a449-1b92-72f6-378e-6d06342c7033","FullyQualifiedName":"TestProject2.Tests.Test1","DisplayName":"Test1","ExecutorUri":"executor://NUnit3TestExecutor","Source":"D:\\HK3\\LTTQ\\winform code\\testing\\QuanLyQuanCafe\\TestProject2\\bin\\Debug\\net472\\fine-code-coverage\\build-output\\TestProject2.dll","CodeFilePath":null,"LineNumber":0,"Properties":[]},"Attachments":[],"Outcome":1,"ErrorMessage":null,"ErrorStackTrace":null,"DisplayName":"Test1","Messages":[],"ComputerName":"LAPTOP-V8PS969S","Duration":"00:00:00.0010000","StartTime":"2023-12-25T08:01:55+00:00","EndTime":"2023-12-25T08:01:55+00:00","Properties":[]}],"TestRunStatistics":{"ExecutedTests":118,"Stats":{"Passed":108,"Failed":10}},"ActiveTests":[]}}
TpTrace Verbose: 0 : 24164, 14, 2023/12/25, 15:01:57.331, 7156065475183, vstest.console.dll, TestRunRequest:SendTestRunStatsChange: Starting.
TpTrace Verbose: 0 : 24164, 14, 2023/12/25, 15:01:57.331, 7156065476124, vstest.console.dll, MulticastDelegateUtilities.SafeInvoke: TestRun.RunStatsChanged: Invoking callbacks was skipped because there are no subscribers.
TpTrace Information: 0 : 24164, 14, 2023/12/25, 15:01:57.332, 7156065476404, vstest.console.dll, TestRunRequest:SendTestRunStatsChange: Completed.
TpTrace Verbose: 0 : 24164, 14, 2023/12/25, 15:01:57.332, 7156065476714, vstest.console.dll, MulticastDelegateUtilities.SafeInvoke: LengthPrefixCommunicationChannel: MessageReceived: Invoking callback 1/1 for Microsoft.VisualStudio.TestPlatform.CommunicationUtilities.TestRequestSender+<>c__DisplayClass34_0., took 0 ms.
TpTrace Verbose: 0 : 24164, 4, 2023/12/25, 15:01:57.332, 7156065476716, vstest.console.dll, MulticastDelegateUtilities.SafeInvoke: InternalTestLoggerEvents.SendTestResult: Invoking callback 1/1 for Microsoft.VisualStudio.TestPlatform.CommandLine.Internal.ConsoleLogger., took 0 ms.
TpTrace Verbose: 0 : 24164, 14, 2023/12/25, 15:01:57.332, 7156065476961, vstest.console.dll, TcpClientExtensions.MessageLoopAsync: Polling on remoteEndPoint: 127.0.0.1:53657 localEndPoint: 127.0.0.1:53656
TpTrace Verbose: 0 : 24164, 14, 2023/12/25, 15:01:57.510, 7156067258726, vstest.console.dll, TcpClientExtensions.MessageLoopAsync: NotifyDataAvailable remoteEndPoint: 127.0.0.1:53657 localEndPoint: 127.0.0.1:53656
TpTrace Verbose: 0 : 24164, 14, 2023/12/25, 15:01:57.510, 7156067262197, vstest.console.dll, TestRequestSender.OnExecutionMessageReceived: Received message: {"Version":7,"MessageType":"TestSession.Message","Payload":{"MessageLevel":0,"Message":"NUnit Adapter 3.16.1.0: Test execution complete"}}
TpTrace Verbose: 0 : 24164, 14, 2023/12/25, 15:01:57.510, 7156067264330, vstest.console.dll, TestRunRequest:SendTestRunMessage: Starting.
TpTrace Verbose: 0 : 24164, 14, 2023/12/25, 15:01:57.510, 7156067265543, vstest.console.dll, MulticastDelegateUtilities.SafeInvoke: TestRun.LogMessages: Invoking callback 1/1 for Microsoft.VisualStudio.TestPlatform.CommandLine.TestRunResultAggregator., took 0 ms.
TpTrace Information: 0 : 24164, 14, 2023/12/25, 15:01:57.511, 7156067266240, vstest.console.dll, TestRunRequest:SendTestRunMessage: Completed.
TpTrace Verbose: 0 : 24164, 14, 2023/12/25, 15:01:57.511, 7156067266939, vstest.console.dll, MulticastDelegateUtilities.SafeInvoke: LengthPrefixCommunicationChannel: MessageReceived: Invoking callback 1/1 for Microsoft.VisualStudio.TestPlatform.CommunicationUtilities.TestRequestSender+<>c__DisplayClass34_0., took 0 ms.
TpTrace Verbose: 0 : 24164, 4, 2023/12/25, 15:01:57.511, 7156067266243, vstest.console.dll, MulticastDelegateUtilities.SafeInvoke: InternalTestLoggerEvents.SendTestRunMessage: Invoking callback 1/1 for Microsoft.VisualStudio.TestPlatform.CommandLine.Internal.ConsoleLogger., took 0 ms.
TpTrace Verbose: 0 : 24164, 14, 2023/12/25, 15:01:57.511, 7156067267676, vstest.console.dll, TcpClientExtensions.MessageLoopAsync: Polling on remoteEndPoint: 127.0.0.1:53657 localEndPoint: 127.0.0.1:53656
TpTrace Verbose: 0 : 24164, 14, 2023/12/25, 15:01:57.543, 7156067586976, vstest.console.dll, TcpClientExtensions.MessageLoopAsync: NotifyDataAvailable remoteEndPoint: 127.0.0.1:53657 localEndPoint: 127.0.0.1:53656
TpTrace Verbose: 0 : 24164, 14, 2023/12/25, 15:01:57.543, 7156067588149, vstest.console.dll, TestRequestSender.OnExecutionMessageReceived: Received message: {"Version":7,"MessageType":"TestExecution.Completed","Payload":{"TestRunCompleteArgs":{"TestRunStatistics":{"ExecutedTests":118,"Stats":{"Passed":108,"Failed":10}},"IsCanceled":false,"IsAborted":false,"Error":null,"AttachmentSets":[],"InvokedDataCollectors":[],"ElapsedTimeInRunningTests":"00:00:04.5212741","Metrics":{},"DiscoveredExtensions":{"TestDiscoverers":["NUnit.VisualStudio.TestAdapter.NUnit3TestDiscoverer, NUnit3.TestAdapter, Version=3.16.1.0, Culture=neutral, PublicKeyToken=4cb40d35494691ac"],"TestExecutors":["executor://NUnit3TestExecutor"],"TestExecutors2":[],"TestSettingsProviders":[]}},"LastRunTests":{"NewTestResults":[],"TestRunStatistics":{"ExecutedTests":118,"Stats":{"Passed":108,"Failed":10}},"ActiveTests":[]},"RunAttachments":[],"ExecutorUris":["executor://nunit3testexecutor/"]}}
TpTrace Verbose: 0 : 24164, 14, 2023/12/25, 15:01:57.543, 7156067589555, vstest.console.dll, TestRequestSender.EndSession: Sending end session.
TpTrace Verbose: 0 : 24164, 14, 2023/12/25, 15:01:57.543, 7156067591149, vstest.console.dll, ProxyOperationManager.Close: waiting for test host to exit for 100 ms
TpTrace Verbose: 0 : 24164, 11, 2023/12/25, 15:01:57.551, 7156067667038, vstest.console.dll, TestHostManagerCallbacks.StandardOutputReceivedCallback Test host standard output line: 
TpTrace Warning: 0 : 24164, 7, 2023/12/25, 15:01:57.551, 7156067667107, vstest.console.dll, TestHostManagerCallbacks.ErrorReceivedCallback Test host standard error line: 
TpTrace Verbose: 0 : 24164, 11, 2023/12/25, 15:01:57.560, 7156067762537, vstest.console.dll, TestHostProvider.ExitCallBack: Host exited starting callback.
TpTrace Information: 0 : 24164, 11, 2023/12/25, 15:01:57.560, 7156067764064, vstest.console.dll, TestHostManagerCallbacks.ExitCallBack: Testhost processId: 24656 exited with exitcode: 0 error: ''
TpTrace Verbose: 0 : 24164, 11, 2023/12/25, 15:01:57.560, 7156067764608, vstest.console.dll, CrossPlatEngine.TestHostManagerHostExited: calling on client process exit callback.
TpTrace Information: 0 : 24164, 11, 2023/12/25, 15:01:57.560, 7156067765098, vstest.console.dll, TestRequestSender.OnClientProcessExit: Test host process exited. Standard error: 
TpTrace Information: 0 : 24164, 11, 2023/12/25, 15:01:57.560, 7156067765457, vstest.console.dll, SocketServer.Stop: Stop server endPoint: 127.0.0.1:53656
TpTrace Information: 0 : 24164, 11, 2023/12/25, 15:01:57.560, 7156067765707, vstest.console.dll, SocketServer.Stop: Cancellation requested. Stopping message loop.
TpTrace Information: 0 : 24164, 14, 2023/12/25, 15:01:57.560, 7156067766053, vstest.console.dll, SocketServer.Stop: Stop server endPoint: 127.0.0.1:53656
TpTrace Information: 0 : 24164, 14, 2023/12/25, 15:01:57.561, 7156067766838, vstest.console.dll, SocketServer.Stop: Cancellation requested. Stopping message loop.
TpTrace Verbose: 0 : 24164, 11, 2023/12/25, 15:01:57.561, 7156067766955, vstest.console.dll, MulticastDelegateUtilities.SafeInvoke: HostProviderEvents.OnHostExited: Invoking callback 1/1 for Microsoft.VisualStudio.TestPlatform.CrossPlatEngine.Client.ProxyOperationManager., took 0 ms.
TpTrace Information: 0 : 24164, 14, 2023/12/25, 15:01:57.561, 7156067767375, vstest.console.dll, Closing the connection
TpTrace Verbose: 0 : 24164, 14, 2023/12/25, 15:01:57.561, 7156067769865, vstest.console.dll, ProxyDataCollectionManager.InvokeDataCollectionServiceAction: Starting.
TpTrace Information: 0 : 24164, 14, 2023/12/25, 15:01:57.561, 7156067770256, vstest.console.dll, ProxyDataCollectionManager.AfterTestRunEnd: Get attachment set and invoked data collectors processId: 26828 port: 53653
TpTrace Verbose: 0 : 24164, 14, 2023/12/25, 15:01:57.561, 7156067770712, vstest.console.dll, DataCollectionRequestSender.SendAfterTestRunStartAndGetResult: Send AfterTestRunEnd message with isCancelled: False
TpTrace Verbose: 0 : 24164, 14, 2023/12/25, 15:01:57.567, 7156067835163, vstest.console.dll, DataCollectionRequestSender.SendAfterTestRunStartAndGetResult: Received message: (DataCollection.AfterTestRunEndResult) -> {"MessageType":"DataCollection.AfterTestRunEndResult","Payload":{"AttachmentSets":[],"InvokedDataCollectors":[{"Uri":"datacollector://Microsoft/TestPlatform/Extensions/Blame/v1","FriendlyName":"Blame","AssemblyQualifiedName":"Microsoft.TestPlatform.Extensions.BlameDataCollector.BlameCollector, Microsoft.TestPlatform.Extensions.BlameDataCollector, Version=15.0.0.0, Culture=neutral, PublicKeyToken=b03f5f7f11d50a3a","FilePath":"C:\\Program Files\\dotnet\\sdk\\8.0.100\\Extensions\\Microsoft.TestPlatform.Extensions.BlameDataCollector.dll","HasAttachmentProcessor":false}],"Metrics":{}}}
TpTrace Information: 0 : 24164, 14, 2023/12/25, 15:01:57.576, 7156067918657, vstest.console.dll, ProxyDataCollectionManager.InvokeDataCollectionServiceAction: Completed.
TpTrace Warning: 0 : 24164, 10, 2023/12/25, 15:01:57.585, 7156068006289, vstest.console.dll, DataCollectionLauncher.ErrorReceivedCallback datacollector standard error line: 
TpTrace Information: 0 : 24164, 10, 2023/12/25, 15:01:57.593, 7156068086530, vstest.console.dll, DataCollectionLauncher.ExitCallBack: Data collector exited with exitcode: 0 error: ''
TpTrace Verbose: 0 : 24164, 14, 2023/12/25, 15:01:57.599, 7156068148790, vstest.console.dll, TestRunRequest:SendTestRunStatsChange: Starting.
TpTrace Verbose: 0 : 24164, 14, 2023/12/25, 15:01:57.599, 7156068149488, vstest.console.dll, MulticastDelegateUtilities.SafeInvoke: TestRun.RunStatsChanged: Invoking callbacks was skipped because there are no subscribers.
TpTrace Information: 0 : 24164, 14, 2023/12/25, 15:01:57.599, 7156068149651, vstest.console.dll, TestRunRequest:SendTestRunStatsChange: Completed.
TpTrace Verbose: 0 : 24164, 14, 2023/12/25, 15:01:57.599, 7156068151855, vstest.console.dll, ParallelProxyExecutionManager: HandlePartialRunComplete: Total workloads = 1, Total started clients = 1 Total completed clients = 1, Run complete = True, Run canceled: False.
TpTrace Verbose: 0 : 24164, 14, 2023/12/25, 15:01:57.599, 7156068152074, vstest.console.dll, ParallelProxyExecutionManager: HandlePartialRunComplete: All runs completed stopping all managers.
TpTrace Verbose: 0 : 24164, 14, 2023/12/25, 15:01:57.599, 7156068152291, vstest.console.dll, ParallelOperationManager.StopAllManagers: Stopping all managers.
TpTrace Verbose: 0 : 24164, 14, 2023/12/25, 15:01:57.599, 7156068152454, vstest.console.dll, ParallelOperationManager.ClearSlots: Clearing all slots. Slots should accept more work: False
TpTrace Verbose: 0 : 24164, 14, 2023/12/25, 15:01:57.599, 7156068152740, vstest.console.dll, ParallelOperationManager.SetOccupiedSlotCount: Setting slot counts AvailableSlotCount = 1, OccupiedSlotCount = 0.
TpTrace Verbose: 0 : 24164, 14, 2023/12/25, 15:01:57.599, 7156068153107, vstest.console.dll, Occupied slots:

TpTrace Verbose: 0 : 24164, 4, 2023/12/25, 15:01:57.606, 7156068223385, vstest.console.dll, MulticastDelegateUtilities.SafeInvoke: InternalTestLoggerEvents.SendTestRunComplete: Invoking callback 1/2 for Microsoft.TestPlatform.Extensions.BlameDataCollector.BlameLogger., took 0 ms.
TpTrace Verbose: 0 : 24164, 4, 2023/12/25, 15:01:57.611, 7156068268133, vstest.console.dll, MulticastDelegateUtilities.SafeInvoke: InternalTestLoggerEvents.SendTestRunComplete: Invoking callback 2/2 for Microsoft.VisualStudio.TestPlatform.CommandLine.Internal.ConsoleLogger., took 4 ms.
TpTrace Verbose: 0 : 24164, 14, 2023/12/25, 15:01:57.611, 7156068273306, vstest.console.dll, TestRunRequest:TestRunComplete: Starting. IsAborted:False IsCanceled:False.
TpTrace Verbose: 0 : 24164, 14, 2023/12/25, 15:01:57.611, 7156068275272, vstest.console.dll, ParallelOperationManager.DoActionOnAllManagers: Calling an action on all managers.
TpTrace Verbose: 0 : 24164, 14, 2023/12/25, 15:01:57.612, 7156068282987, vstest.console.dll, TestLoggerManager.HandleTestRunComplete: Ignoring as the object is disposed.
TpTrace Verbose: 0 : 24164, 14, 2023/12/25, 15:01:57.612, 7156068284749, vstest.console.dll, MulticastDelegateUtilities.SafeInvoke: TestRun.TestRunComplete: Invoking callback 1/2 for Microsoft.VisualStudio.TestPlatform.CommandLine.TestRunResultAggregator., took 0 ms.
TpTrace Verbose: 0 : 24164, 14, 2023/12/25, 15:01:57.612, 7156068285565, vstest.console.dll, MulticastDelegateUtilities.SafeInvoke: TestRun.TestRunComplete: Invoking callback 2/2 for Microsoft.VisualStudio.TestPlatform.CommandLine.Processors.RunTestsArgumentExecutor+TestRunRequestEventsRegistrar., took 0 ms.
TpTrace Information: 0 : 24164, 14, 2023/12/25, 15:01:57.613, 7156068286387, vstest.console.dll, TestRunRequest:TestRunComplete: Completed.
TpTrace Verbose: 0 : 24164, 14, 2023/12/25, 15:01:57.613, 7156068286634, vstest.console.dll, TestRequestSender.SetOperationComplete: Setting operation complete.
TpTrace Information: 0 : 24164, 14, 2023/12/25, 15:01:57.613, 7156068286811, vstest.console.dll, SocketServer.Stop: Stop server endPoint: 127.0.0.1:53656
TpTrace Information: 0 : 24164, 14, 2023/12/25, 15:01:57.613, 7156068286960, vstest.console.dll, SocketServer.Stop: Cancellation requested. Stopping message loop.
TpTrace Verbose: 0 : 24164, 14, 2023/12/25, 15:01:57.613, 7156068287231, vstest.console.dll, MulticastDelegateUtilities.SafeInvoke: LengthPrefixCommunicationChannel: MessageReceived: Invoking callback 1/1 for Microsoft.VisualStudio.TestPlatform.CommunicationUtilities.TestRequestSender+<>c__DisplayClass34_0., took 69 ms.
TpTrace Verbose: 0 : 24164, 1, 2023/12/25, 15:01:57.613, 7156068287335, vstest.console.dll, TestRunRequest.Dispose: Starting.
TpTrace Information: 0 : 24164, 14, 2023/12/25, 15:01:57.613, 7156068287508, vstest.console.dll, SocketServer.PrivateStop: Stopping server endPoint: 127.0.0.1:53656 error: 
TpTrace Information: 0 : 24164, 1, 2023/12/25, 15:01:57.613, 7156068287957, vstest.console.dll, TestRunRequest.Dispose: Completed.
TpTrace Information: 0 : 24164, 1, 2023/12/25, 15:01:57.613, 7156068289867, vstest.console.dll, TestRequestManager.RunTests: run tests completed.
TpTrace Information: 0 : 24164, 1, 2023/12/25, 15:01:57.613, 7156068290505, vstest.console.dll, RunTestsArgumentProcessor:Execute: Test run is completed.
TpTrace Verbose: 0 : 24164, 1, 2023/12/25, 15:01:57.613, 7156068292641, vstest.console.dll, Executor.Execute: Exiting with exit code of 1
TpTrace Verbose: 0 : 24164, 14, 2023/12/25, 15:01:57.613, 7156068293352, vstest.console.dll, LengthPrefixCommunicationChannel.Dispose: Dispose reader and writer.
TpTrace Information: 0 : 24164, 14, 2023/12/25, 15:01:57.613, 7156068294220, vstest.console.dll, SocketServer.Stop: Raise disconnected event endPoint: 127.0.0.1:53656 error: 
TpTrace Verbose: 0 : 24164, 14, 2023/12/25, 15:01:57.613, 7156068295079, vstest.console.dll, TestRequestSender: OnTestRunAbort: Operation is already complete. Skip error message.
TpTrace Verbose: 0 : 24164, 14, 2023/12/25, 15:01:57.613, 7156068295546, vstest.console.dll, MulticastDelegateUtilities.SafeInvoke: SocketServer: ClientDisconnected: Invoking callback 1/1 for Microsoft.VisualStudio.TestPlatform.CommunicationUtilities.TestRequestSender., took 0 ms.
TpTrace Verbose: 0 : 24164, 14, 2023/12/25, 15:01:57.613, 7156068295807, vstest.console.dll, TcpClientExtensions.MessageLoopAsync: exiting MessageLoopAsync remoteEndPoint: 127.0.0.1:53657 localEndPoint: 127.0.0.1:53656
